Structure 1
7 24
8 23
9 22
11 20
12 19
13 18
27 42
28 41
29 39
30 38
31 37
32 36
Structure 2
2 28
3 27
7 24
8 23
9 22
11 20
12 19
13 18
29 39
30 38
31 37
Structure 3
2 26
3 25
7 24
8 23
9 22
11 20
12 19
27 42
28 41
29 39
30 38
31 37
32 36
Structure 4
1 29
2 28
3 27
5 25
6 24
8 23
9 22
11 20
12 19
13 18
Structure 5
2 28
3 27
7 24
8 23
9 22
11 20
12 19
13 18
29 39
30 38
31 37
32 36
Structure 6
2 28
3 27
7 24
8 23
9 22
11 20
12 19
13 18
29 39
30 38
31 37
Structure 7
1 29
2 28
3 27
5 25
7 24
8 23
9 22
11 20
12 19
Structure 8
1 29
2 28
3 27
7 24
8 23
9 22
11 20
12 19
Structure 9
1 29
2 28
3 27
7 24
8 23
9 22
11 20
12 19
13 18
30 38
31 37
32 36
Structure 10
2 28
3 27
5 25
6 24
8 23
9 22
11 20
12 19
13 18
29 39
30 38
31 37
32 36
Structure 11
2 28
3 27
7 24
8 23
9 22
11 20
12 19
13 18
Structure 12
2 28
3 27
7 24
8 23
9 22
11 20
12 19
29 39
30 38
31 37
32 36
Structure 13
2 26
3 25
7 24
8 23
9 22
11 20
12 19
13 18
27 42
28 41
29 39
30 38
31 37
Structure 14
1 29
2 28
3 27
7 24
8 23
9 22
11 20
12 19
13 18
Structure 15
7 24
8 23
9 22
11 20
12 19
13 18
27 42
28 41
29 39
30 38
31 37
32 36
Structure 16
1 29
2 28
3 27
7 24
8 23
9 22
11 20
12 19
Structure 17
2 28
3 27
5 25
6 24
8 23
9 22
11 20
12 19
13 18
29 39
30 38
31 37
32 36
Structure 18
1 29
2 28
3 27
5 25
6 24
8 23
9 22
11 20
12 19
Structure 19
1 29
2 28
3 27
5 25
6 24
8 23
9 22
11 20
12 19
13 18
Structure 20
1 29
2 28
3 27
7 24
8 23
9 22
11 20
12 19
13 18
30 38
31 37
32 36
Structure 21
1 29
2 28
3 27
7 24
8 23
9 22
11 20
12 19
Structure 22
1 29
2 28
3 27
7 24
8 23
9 22
11 20
12 19
13 18
Structure 23
1 29
2 28
3 27
5 25
6 24
8 23
9 22
11 20
12 19
13 18
30 38
31 37
32 36
Structure 24
2 28
3 27
7 24
8 23
9 22
11 20
12 19
13 18
Structure 25
1 29
2 28
3 27
7 24
8 23
9 22
11 20
12 19
Structure 26
2 28
3 27
7 24
8 23
9 22
11 20
12 19
13 18
Structure 27
2 35
3 34
4 33
5 30
6 29
7 28
8 27
9 25
10 24
11 20
12 19
Structure 28
1 29
2 28
3 27
7 24
8 23
9 22
11 20
12 19
13 18
Structure 29
1 29
2 28
3 27
7 24
8 23
9 22
11 20
12 19
13 18
30 38
31 37
32 36
Structure 30
2 35
3 34
4 33
5 30
6 29
7 28
8 27
9 25
10 24
11 20
12 19
13 18
Structure 31
1 29
2 28
3 27
7 24
8 23
9 22
11 20
12 19
13 18
Structure 32
1 29
2 28
3 27
5 25
6 24
8 23
9 22
11 20
12 19
13 18
Structure 33
2 28
3 27
5 25
6 24
8 23
9 22
11 20
12 19
30 38
31 37
32 36
Structure 34
2 42
3 41
7 24
8 23
9 22
11 20
12 19
13 18
29 39
30 38
31 37
Structure 35
1 29
2 28
3 27
5 25
7 24
8 23
9 22
11 20
12 19
13 18
30 38
31 37
32 36
Structure 36
1 29
2 28
3 27
5 25
6 24
8 23
9 22
11 20
12 19
Structure 37
1 29
2 28
3 27
5 25
6 24
8 23
9 22
11 20
12 19
13 18
Structure 38
1 29
2 28
3 27
5 25
7 24
8 23
9 22
11 20
12 19
13 18
Structure 39
1 29
2 28
3 27
7 24
8 23
9 22
11 20
12 19
Structure 40
1 29
2 28
3 27
5 25
7 24
8 23
9 22
11 20
12 19
Structure 41
1 29
2 28
3 27
7 24
8 23
9 22
11 20
12 19
13 18
Structure 42
1 29
2 28
3 27
5 25
6 24
8 23
9 22
11 20
12 19
13 18
30 38
31 37
32 36
Structure 43
1 29
2 28
3 27
5 25
6 24
8 23
9 22
11 20
12 19
13 18
Structure 44
2 35
3 34
4 33
5 30
6 29
7 28
8 27
11 26
12 25
13 24
14 23
Structure 45
7 24
8 23
9 22
11 20
12 19
13 18
27 42
28 41
29 39
30 38
31 37
32 36
Structure 46
1 29
2 28
3 27
5 25
7 24
8 23
9 22
11 20
12 19
13 18
Structure 47
1 29
2 28
3 27
7 24
8 23
11 20
12 19
13 18
Structure 48
1 29
2 28
3 27
7 24
8 23
9 22
11 20
12 19
13 18
Structure 49
1 29
2 28
3 27
7 24
8 23
9 22
11 20
12 19
Structure 50
1 29
2 28
3 27
7 24
8 23
9 22
11 20
12 19
Structure 51
7 24
8 23
9 22
11 20
12 19
13 18
27 42
28 41
29 39
30 38
31 37
32 36
Structure 52
1 29
2 28
3 27
5 25
7 24
8 23
9 22
11 20
12 19
Structure 53
1 29
2 28
3 27
7 24
8 23
9 22
11 20
12 19
13 18
Structure 54
11 42
12 41
13 40
14 37
15 36
16 35
18 33
19 32
22 29
23 28
Structure 55
1 29
2 28
3 27
7 24
8 23
9 22
11 20
12 19
Structure 56
2 28
3 27
7 24
8 23
9 22
11 20
12 19
13 18
Structure 57
1 29
2 28
3 27
7 24
8 23
9 22
11 20
12 19
Structure 58
2 28
3 27
7 24
8 23
9 22
11 20
12 19
29 39
30 38
31 37
32 36
Structure 59
1 29
2 28
3 27
5 25
6 24
8 23
9 22
11 20
12 19
13 18
Structure 60
8 23
9 22
11 20
12 19
13 18
27 42
28 41
29 39
30 38
31 37
32 36
Structure 61
1 29
2 28
3 27
7 24
8 23
9 22
11 20
12 19
13 18
Structure 62
2 28
3 27
5 25
7 24
8 23
9 22
11 20
12 19
13 18
29 39
30 38
31 37
Structure 63
1 29
2 28
3 27
7 24
8 23
9 22
11 20
12 19
Structure 64
1 29
2 28
3 27
7 24
8 23
9 22
11 20
12 19
Structure 65
1 29
2 28
3 27
5 25
6 24
8 23
9 22
11 20
12 19
Structure 66
1 29
2 28
3 27
7 24
8 23
9 22
11 20
12 19
Structure 67
1 29
2 28
3 27
7 24
8 23
9 22
11 20
12 19
13 18
Structure 68
2 28
3 27
7 24
8 23
9 22
11 20
12 19
13 18
29 39
30 38
31 37
32 36
Structure 69
1 29
2 28
3 27
7 24
8 23
9 22
11 20
12 19
Structure 70
1 29
2 28
3 27
5 25
7 24
8 23
9 22
11 20
12 19
Structure 71
2 28
3 27
7 24
8 23
9 22
11 20
12 19
13 18
Structure 72
1 29
2 28
3 27
5 25
6 24
8 23
9 22
11 20
12 19
13 18
30 38
31 37
32 36
Structure 73
2 35
3 34
4 33
5 30
6 29
7 28
8 27
11 20
12 19
13 18
Structure 74
1 29
2 28
3 27
7 24
8 23
9 22
11 20
12 19
Structure 75
1 29
2 28
3 27
7 24
8 23
9 22
11 20
12 19
Structure 76
2 35
3 34
4 33
5 30
6 29
7 28
8 27
11 20
12 19
13 18
Structure 77
1 29
2 28
3 27
7 24
8 23
9 22
11 20
12 19
13 18
30 38
31 37
32 36
Structure 78
1 29
2 28
3 27
5 25
6 24
8 23
9 22
11 20
12 19
13 18
32 41
33 40
Structure 79
1 29
2 28
3 27
7 24
8 23
9 22
11 20
12 19
13 18
Structure 80
1 29
2 28
3 27
5 25
7 24
8 23
9 22
11 20
12 19
Structure 81
1 29
2 28
3 27
7 24
8 23
9 22
11 20
12 19
Structure 82
1 29
2 28
3 27
5 25
7 24
8 23
9 22
11 20
12 19
13 18
30 38
31 37
Structure 83
1 29
2 28
3 27
5 25
6 24
8 23
9 22
11 20
12 19
30 38
31 37
32 36
Structure 84
1 29
2 28
3 27
5 25
6 24
8 23
9 22
11 20
12 19
Structure 85
1 29
2 28
3 27
5 25
7 24
8 23
9 22
11 20
12 19
13 18
Structure 86
1 29
2 28
3 27
5 25
6 24
8 23
9 22
11 20
12 19
13 18
30 38
31 37
32 36
Structure 87
1 29
2 28
3 27
7 24
8 23
9 22
11 20
12 19
13 18
Structure 88
1 29
2 28
3 27
5 25
6 24
8 23
9 22
11 20
12 19
Structure 89
2 35
3 34
4 33
5 30
6 29
7 28
8 27
11 20
12 19
13 18
Structure 90
1 29
2 28
3 27
5 25
6 24
8 23
9 22
11 20
12 19
13 18
Structure 91
1 29
2 28
3 27
7 24
8 23
9 22
11 20
12 19
30 38
31 37
Structure 92
1 29
2 28
3 27
7 24
8 23
9 22
11 20
12 19
13 18
Structure 93
1 29
2 28
3 27
5 25
6 24
8 23
9 22
11 20
12 19
13 18
Structure 94
1 29
2 28
3 27
7 24
8 23
9 22
11 20
12 19
Structure 95
2 28
3 27
5 25
6 24
8 23
9 22
11 20
12 19
13 18
29 39
30 38
31 37
32 36
Structure 96
1 29
2 28
3 27
7 24
8 23
11 20
12 19
Structure 97
2 28
3 27
7 24
8 23
9 22
11 20
12 19
29 39
30 38
31 37
32 36
Structure 98
2 28
3 27
5 25
6 24
8 23
9 22
11 20
12 19
29 39
30 38
31 37
32 36
Structure 99
2 28
3 27
7 24
8 23
9 22
11 20
12 19
Structure 100
1 29
2 28
3 27
5 25
6 24
8 23
9 22
11 20
12 19
13 18
Structure 101
2 35
3 34
4 33
5 30
6 29
7 28
8 27
11 26
12 25
13 24
14 23
Structure 102
1 29
2 28
3 27
7 24
8 23
9 22
11 20
12 19
Structure 103
1 29
2 28
3 27
7 24
8 23
9 22
11 20
12 19
Structure 104
2 28
3 27
5 25
7 24
8 23
9 22
11 20
12 19
13 18
29 39
30 38
31 37
32 36
Structure 105
2 35
3 34
4 33
5 30
6 29
7 28
8 27
11 20
12 19
13 18
Structure 106
2 28
3 27
7 24
8 23
11 20
12 19
13 18
34 42
35 41
Structure 107
2 28
3 27
5 25
7 24
8 23
9 22
11 20
12 19
13 18
Structure 108
1 29
2 28
3 27
7 24
8 23
9 22
11 20
12 19
Structure 109
1 29
2 28
3 27
7 24
8 23
9 22
11 20
12 19
Structure 110
2 42
3 41
7 24
8 23
9 22
11 20
12 19
29 39
30 38
31 37
32 36
Structure 111
1 29
2 28
3 27
5 25
7 24
8 23
9 22
11 20
12 19
Structure 112
1 29
2 28
3 27
7 24
8 23
9 22
11 20
12 19
13 18
Structure 113
1 29
2 28
3 27
7 24
8 23
9 22
11 20
12 19
13 18
Structure 114
1 29
2 28
3 27
7 24
8 23
9 22
11 20
12 19
13 18
Structure 115
1 29
2 28
3 27
5 25
6 24
8 23
9 22
11 20
12 19
13 18
30 38
31 37
32 36
Structure 116
11 42
12 41
13 40
14 39
17 35
18 34
19 31
20 30
22 29
23 28
Structure 117
1 29
2 28
3 27
7 24
8 23
9 22
11 20
12 19
13 18
Structure 118
1 29
2 28
3 27
7 24
8 23
9 22
11 20
12 19
13 18
Structure 119
2 28
3 27
5 25
7 24
8 23
9 22
11 20
12 19
Structure 120
1 29
2 28
3 27
5 25
6 24
8 23
9 22
11 20
12 19
13 18
30 38
31 37
32 36
Structure 121
1 29
2 28
3 27
5 25
7 24
8 23
9 22
11 20
12 19
Structure 122
1 29
2 28
3 27
7 24
8 23
9 22
11 20
12 19
13 18
30 38
31 37
32 36
Structure 123
2 28
3 27
5 25
7 24
8 23
9 22
11 20
12 19
13 18
29 39
30 38
31 37
32 36
Structure 124
1 29
2 28
3 27
5 25
7 24
8 23
9 22
11 20
12 19
13 18
30 38
31 37
32 36
Structure 125
1 29
2 28
3 27
5 25
7 24
8 23
9 22
11 20
12 19
13 18
Structure 126
1 29
2 28
3 27
5 25
7 24
8 23
9 22
11 20
12 19
Structure 127
1 29
2 28
3 27
5 25
6 24
8 23
9 22
11 20
12 19
13 18
Structure 128
2 28
3 27
7 24
8 23
9 22
11 20
12 19
29 39
30 38
31 37
Structure 129
1 29
2 28
3 27
5 25
6 24
8 23
9 22
11 20
12 19
13 18
Structure 130
1 29
2 28
3 27
5 25
7 24
8 23
9 22
11 20
12 19
13 18
Structure 131
1 29
2 28
3 27
7 24
8 23
9 22
11 20
12 19
Structure 132
1 29
2 28
3 27
7 24
8 23
9 22
11 20
12 19
Structure 133
2 28
3 27
5 25
6 24
8 23
9 22
11 20
12 19
13 18
Structure 134
1 29
2 28
3 27
7 24
8 23
9 22
11 20
12 19
Structure 135
1 29
2 28
3 27
7 24
8 23
9 22
11 20
12 19
13 18
30 38
31 37
32 36
Structure 136
1 29
2 28
3 27
7 24
8 23
9 22
11 20
12 19
13 18
Structure 137
1 29
2 28
3 27
5 25
6 24
8 23
9 22
11 20
12 19
13 18
Structure 138
2 28
3 27
5 25
7 24
8 23
9 22
11 20
12 19
13 18
29 39
30 38
31 37
32 36
Structure 139
1 29
2 28
3 27
7 24
8 23
9 22
11 20
12 19
13 18
Structure 140
1 29
2 28
3 27
7 24
8 23
9 22
11 20
12 19
13 18
Structure 141
1 29
2 28
3 27
5 25
7 24
8 23
9 22
11 20
12 19
13 18
Structure 142
1 29
2 28
3 27
7 24
8 23
9 22
11 20
12 19
13 18
Structure 143
1 29
2 28
3 27
5 25
7 24
8 23
9 22
11 20
12 19
13 18
Structure 144
1 29
2 28
3 27
7 24
8 23
9 22
11 20
12 19
13 18
30 38
31 37
Structure 145
1 29
2 28
3 27
5 25
6 24
8 23
9 22
11 20
12 19
13 18
Structure 146
1 29
2 28
3 27
7 24
8 23
9 22
11 20
12 19
Structure 147
2 28
3 27
7 24
8 23
9 22
11 20
12 19
13 18
29 39
30 38
31 37
32 36
Structure 148
1 29
2 28
3 27
7 24
8 23
9 22
11 20
12 19
13 18
30 38
31 37
32 36
Structure 149
7 24
8 23
9 22
11 20
12 19
13 18
27 42
28 41
29 39
30 38
31 37
32 36
Structure 150
1 29
2 28
3 27
7 24
8 23
9 22
11 20
12 19
Structure 151
1 29
2 28
3 27
7 24
8 23
9 22
11 20
12 19
Structure 152
1 29
2 28
3 27
5 25
6 24
8 23
9 22
11 20
12 19
13 18
Structure 153
2 28
3 27
5 25
6 24
8 23
9 22
11 20
12 19
Structure 154
1 29
2 28
3 27
5 25
7 24
8 23
9 22
11 20
12 19
Structure 155
1 29
2 28
3 27
5 25
6 24
8 23
9 22
11 20
12 19
13 18
30 38
31 37
Structure 156
2 26
3 25
7 24
8 23
9 22
11 20
12 19
13 18
27 42
28 41
29 39
30 38
31 37
32 36
Structure 157
1 29
2 28
3 27
7 24
8 23
9 22
11 20
12 19
13 18
Structure 158
1 29
2 28
3 27
5 25
6 24
8 23
9 22
11 20
12 19
13 18
Structure 159
1 29
2 28
3 27
7 24
8 23
9 22
11 20
12 19
13 18
Structure 160
2 28
3 27
5 25
7 24
8 23
9 22
11 20
12 19
13 18
29 39
30 38
31 37
32 36
Structure 161
1 29
2 28
3 27
5 25
6 24
8 23
9 22
11 20
12 19
Structure 162
1 29
2 28
3 27
7 24
8 23
9 22
11 20
12 19
Structure 163
1 29
2 28
3 27
7 24
8 23
9 22
11 20
12 19
Structure 164
1 29
2 28
3 27
5 25
7 24
8 23
9 22
11 20
12 19
30 38
31 37
Structure 165
1 29
2 28
3 27
5 25
6 24
8 23
11 20
12 19
Structure 166
1 29
2 28
3 27
7 24
8 23
9 22
11 20
12 19
13 18
Structure 167
1 29
2 28
3 27
7 24
8 23
9 22
11 20
12 19
13 18
Structure 168
2 42
3 41
7 24
8 23
9 22
11 20
12 19
13 18
29 39
30 38
31 37
32 36
Structure 169
7 24
8 23
9 22
11 20
12 19
13 18
27 42
28 41
29 39
30 38
31 37
32 36
Structure 170
1 29
2 28
3 27
7 24
8 23
9 22
11 20
12 19
13 18
Structure 171
1 29
2 28
3 27
5 25
6 24
8 23
9 21
11 20
12 19
13 18
34 42
35 41
Structure 172
1 29
2 28
3 27
7 24
8 23
9 22
11 20
12 19
32 41
33 40
Structure 173
2 28
3 27
7 24
8 23
9 22
11 20
12 19
13 18
29 39
30 38
31 37
32 36
Structure 174
1 29
2 28
3 27
5 25
6 24
8 23
9 22
11 20
12 19
13 18
Structure 175
1 29
2 28
3 27
7 24
8 23
9 22
11 20
12 19
Structure 176
1 29
2 28
3 27
5 25
6 24
8 23
9 22
11 20
12 19
13 18
Structure 177
1 29
2 28
3 27
7 24
8 23
9 22
11 20
12 19
13 18
Structure 178
1 29
2 28
3 27
7 24
8 23
9 22
11 20
12 19
13 18
Structure 179
1 29
2 28
3 27
7 24
8 23
9 22
11 20
12 19
13 18
Structure 180
7 24
8 23
9 22
11 20
12 19
13 18
27 42
28 41
29 39
30 38
31 37
Structure 181
1 29
2 28
3 27
5 25
7 24
8 23
9 22
11 20
12 19
Structure 182
1 29
2 28
3 27
5 25
7 24
8 23
11 20
12 19
30 38
31 37
Structure 183
1 29
2 28
3 27
7 24
8 23
9 22
11 20
12 19
Structure 184
1 29
2 28
3 27
5 25
6 24
8 23
9 22
11 20
12 19
Structure 185
2 28
3 27
7 24
8 23
9 22
11 20
12 19
29 39
30 38
31 37
32 36
Structure 186
1 29
2 28
3 27
5 25
6 24
8 23
9 22
11 20
12 19
13 18
Structure 187
2 28
3 27
7 24
8 23
9 22
11 20
12 19
29 39
30 38
31 37
32 36
Structure 188
7 24
8 23
9 22
11 20
12 19
13 18
25 42
26 41
27 40
29 39
30 38
31 37
32 36
Structure 189
2 28
3 27
7 24
8 23
9 22
11 20
12 19
13 18
29 39
30 38
31 37
Structure 190
1 29
2 28
3 27
7 24
8 23
9 22
11 20
12 19
13 18
30 38
31 37
Structure 191
1 29
2 28
3 27
5 25
6 24
8 23
9 22
11 20
12 19
13 18
Structure 192
2 35
3 34
4 33
5 30
6 29
7 28
8 27
11 20
12 19
Structure 193
2 28
3 27
7 24
8 23
9 22
11 20
12 19
29 39
30 38
31 37
Structure 194
1 29
2 28
3 27
5 25
6 24
8 23
9 22
11 20
12 19
13 18
Structure 195
7 42
8 41
11 20
12 19
23 40
24 39
25 38
26 37
27 35
28 34
29 33
Structure 196
2 28
3 27
7 24
8 23
9 22
11 20
12 19
13 18
29 39
30 38
31 37
32 36
Structure 197
1 29
2 28
3 27
7 24
8 23
9 22
11 20
12 19
13 18
Structure 198
1 29
2 28
3 27
5 25
7 24
8 23
9 22
11 20
12 19
30 38
31 37
32 36
Structure 199
1 29
2 28
3 27
7 24
8 23
9 22
11 20
12 19
13 18
Structure 200
1 29
2 28
3 27
7 24
8 23
9 22
11 20
12 19
13 18
Structure 201
1 29
2 28
3 27
7 24
8 23
9 22
11 20
12 19
Structure 202
1 29
2 28
3 27
7 24
8 23
9 22
11 20
12 19
30 38
31 37
32 36
Structure 203
1 29
2 28
3 27
7 24
8 23
9 22
11 20
12 19
Structure 204
1 29
2 28
3 27
7 24
8 23
9 22
11 20
12 19
13 18
Structure 205
1 29
2 28
3 27
7 24
8 23
9 22
11 20
12 19
13 18
32 41
33 40
Structure 206
1 29
2 28
3 27
7 24
8 23
9 22
11 20
30 38
31 37
32 36
Structure 207
1 29
2 28
3 27
5 25
6 24
8 23
9 22
12 19
13 18
Structure 208
1 29
2 28
3 27
7 24
8 23
9 22
11 20
12 19
13 18
Structure 209
1 29
2 28
3 27
7 24
8 23
9 22
11 20
12 19
13 18
30 38
31 37
Structure 210
1 29
2 28
3 27
7 24
8 23
9 22
11 20
12 19
Structure 211
2 32
5 30
6 29
7 28
8 27
11 26
12 25
13 24
14 23
16 20
Structure 212
1 29
2 28
3 27
5 25
7 24
8 23
9 22
11 20
12 19
13 18
Structure 213
1 29
2 28
3 27
7 24
8 23
9 22
11 20
12 19
13 18
Structure 214
2 35
3 34
4 33
5 30
6 29
7 28
8 27
11 26
12 25
13 24
14 23
Structure 215
1 29
2 28
3 27
5 25
7 24
8 23
9 22
11 20
12 19
13 18
Structure 216
1 29
2 28
3 27
7 24
8 23
9 22
11 20
12 19
Structure 217
1 29
2 28
3 27
7 24
8 23
9 22
11 20
12 19
13 18
Structure 218
2 42
3 41
11 20
12 19
13 18
23 40
24 39
25 38
26 37
27 35
28 34
29 33
Structure 219
1 29
2 28
3 27
7 24
8 23
9 22
11 20
12 19
13 18
Structure 220
1 29
2 28
3 27
7 24
8 23
9 22
11 20
12 19
13 18
Structure 221
1 29
2 28
3 27
7 24
8 23
9 22
11 20
12 19
13 18
Structure 222
7 24
8 23
9 22
11 20
12 19
27 42
28 41
29 39
30 38
31 37
32 36
Structure 223
2 35
3 34
4 33
5 30
6 29
7 28
8 27
11 26
12 25
13 24
14 23
Structure 224
1 29
2 28
3 27
7 24
8 23
9 22
11 20
12 19
13 18
Structure 225
2 28
3 27
5 25
6 24
8 23
9 22
11 20
12 19
13 18
29 39
30 38
31 37
32 36
Structure 226
1 29
2 28
3 27
5 25
7 24
8 23
9 22
11 20
12 19
13 18
30 38
31 37
32 36
Structure 227
5 25
6 24
8 23
9 22
11 20
12 19
27 42
28 41
29 39
30 38
31 37
32 36
Structure 228
2 35
3 34
4 33
5 30
6 29
7 28
8 27
11 26
12 25
13 24
14 23
Structure 229
1 29
2 28
3 27
7 24
8 23
9 22
11 20
12 19
13 18
Structure 230
1 29
2 28
3 27
7 24
8 23
9 22
11 20
12 19
13 18
Structure 231
1 29
2 28
3 27
7 24
8 23
9 22
11 20
12 19
13 18
30 38
31 37
32 36
Structure 232
1 29
2 28
3 27
5 25
7 24
8 23
9 22
11 20
12 19
13 18
Structure 233
2 28
3 27
7 24
8 23
9 22
11 20
12 19
13 18
30 38
31 37
32 36
Structure 234
2 28
3 27
7 24
8 23
9 22
11 20
12 19
29 39
30 38
31 37
32 36
Structure 235
1 29
2 28
3 27
7 24
8 23
9 22
11 20
12 19
13 18
Structure 236
7 24
8 23
9 22
11 20
12 19
13 18
27 42
28 41
29 39
30 38
31 37
32 36
Structure 237
2 35
3 34
4 33
5 30
6 29
7 28
8 27
11 26
12 25
13 24
14 23
Structure 238
1 29
2 28
3 27
5 25
7 24
8 23
9 22
11 20
12 19
Structure 239
1 29
2 28
3 27
7 24
8 23
9 22
11 20
12 19
13 18
Structure 240
2 28
3 27
5 25
6 24
8 23
9 22
11 20
12 19
13 18
29 39
30 38
31 37
32 36
Structure 241
1 29
2 28
3 27
5 25
6 24
8 23
9 22
11 20
12 19
Structure 242
1 29
2 28
3 27
7 24
8 23
9 22
11 20
12 19
13 18
30 38
31 37
32 36
Structure 243
2 28
3 27
5 25
6 24
8 23
9 22
11 20
12 19
13 18
29 39
30 38
31 37
32 36
Structure 244
1 29
2 28
3 27
7 24
8 23
9 22
11 20
12 19
13 18
Structure 245
1 29
2 28
3 27
7 24
8 23
9 22
11 20
12 19
13 18
Structure 246
1 29
2 28
3 27
5 25
6 24
8 23
9 22
11 20
12 19
Structure 247
1 29
2 28
3 27
5 25
6 24
8 23
9 22
11 20
12 19
13 18
Structure 248
1 29
2 28
3 27
7 24
8 23
9 22
11 20
12 19
13 18
Structure 249
1 29
2 28
3 27
7 24
8 23
9 22
11 20
12 19
13 18
Structure 250
7 24
8 23
9 22
11 20
12 19
27 42
28 41
29 39
30 38
31 37
32 36
Structure 251
1 29
2 28
3 27
7 24
8 23
9 22
11 20
12 19
Structure 252
2 26
3 25
7 20
8 19
27 42
28 41
29 39
30 38
31 37
Structure 253
1 29
2 28
3 27
5 25
6 24
8 23
9 22
11 20
12 19
Structure 254
1 29
2 28
3 27
7 24
8 23
9 22
11 20
12 19
Structure 255
1 29
2 28
3 27
7 24
8 23
9 22
11 20
12 19
13 18
32 41
33 40
Structure 256
2 28
3 27
7 24
8 23
9 22
11 20
12 19
29 39
30 38
31 37
Structure 257
1 29
2 28
3 27
5 25
6 24
8 23
9 22
11 20
12 19
Structure 258
1 29
2 28
3 27
5 25
6 24
8 23
9 22
11 20
12 19
13 18
Structure 259
2 28
3 27
7 24
8 23
9 22
11 20
12 19
13 18
32 41
33 40
Structure 260
5 30
6 29
7 28
8 27
11 26
12 25
13 24
14 23
16 20
Structure 261
1 29
2 28
3 27
5 25
7 24
8 23
9 22
11 20
12 19
13 18
Structure 262
8 23
9 22
11 20
12 19
27 42
28 41
29 39
30 38
31 37
32 36
Structure 263
1 29
2 28
3 27
7 24
8 23
9 22
11 20
12 19
13 18
Structure 264
1 29
2 28
3 27
5 25
6 24
8 23
9 22
11 20
12 19
13 18
Structure 265
1 29
2 28
3 27
7 24
8 23
9 22
11 20
12 19
13 18
Structure 266
2 28
3 27
7 24
8 23
9 22
11 20
12 19
29 39
30 38
31 37
32 36
Structure 267
1 29
2 28
3 27
5 25
6 24
8 23
9 22
11 20
12 19
13 18
Structure 268
7 24
8 23
9 22
11 20
12 19
13 18
27 42
28 41
29 39
30 38
31 37
32 36
Structure 269
2 28
3 27
5 25
7 24
8 23
9 22
11 20
12 19
Structure 270
1 29
2 28
3 27
7 24
8 23
9 22
11 20
12 19
13 18
30 38
31 37
32 36
Structure 271
1 29
2 28
3 27
5 25
6 24
8 23
9 22
11 20
12 19
13 18
Structure 272
1 29
2 28
3 27
5 25
6 24
8 23
9 22
11 20
12 19
13 18
Structure 273
1 29
2 28
3 27
7 24
8 23
9 22
11 20
12 19
Structure 274
1 29
2 28
3 27
7 24
8 23
9 22
11 20
12 19
Structure 275
1 29
2 28
3 27
5 25
6 24
8 23
9 22
11 20
12 19
13 18
Structure 276
7 24
8 23
9 22
11 20
12 19
27 42
28 41
29 39
30 38
31 37
32 36
Structure 277
1 29
2 28
3 27
7 24
8 23
9 22
11 20
12 19
13 18
Structure 278
1 29
2 28
3 27
7 24
8 23
9 22
11 20
12 19
13 18
Structure 279
1 29
2 28
3 27
5 25
6 24
8 23
9 22
11 20
12 19
13 18
Structure 280
1 29
2 28
3 27
7 24
8 23
9 22
11 20
12 19
13 18
Structure 281
2 26
3 25
7 24
8 23
9 22
11 20
12 19
13 18
27 42
28 41
29 39
30 38
31 37
32 36
Structure 282
1 29
2 28
3 27
7 24
8 23
9 22
11 20
12 19
13 18
30 38
31 37
32 36
Structure 283
2 28
3 27
7 24
8 23
9 22
11 20
12 19
29 39
30 38
31 37
32 36
Structure 284
1 29
2 28
3 27
7 24
8 23
9 22
11 20
12 19
13 18
30 38
31 37
Structure 285
1 29
2 28
3 27
5 25
6 24
8 23
9 22
11 20
12 19
Structure 286
1 29
2 28
3 27
7 24
8 23
9 22
11 20
12 19
32 41
33 40
Structure 287
2 28
3 27
7 24
8 23
9 22
11 20
12 19
Structure 288
1 29
2 28
3 27
5 25
7 24
8 23
9 22
11 20
12 19
13 18
Structure 289
1 29
2 28
3 27
5 25
6 24
8 23
9 22
11 20
12 19
13 18
Structure 290
1 29
2 28
3 27
7 24
8 23
9 22
11 20
12 19
Structure 291
1 29
2 28
3 27
5 25
7 24
8 23
9 22
11 20
12 19
13 18
Structure 292
1 29
2 28
3 27
7 24
8 23
9 22
11 20
12 19
Structure 293
1 29
2 28
3 27
7 24
8 23
9 22
11 20
12 19
13 18
Structure 294
1 29
2 28
3 27
7 24
8 23
9 22
11 20
12 19
13 18
Structure 295
2 28
3 27
7 24
8 23
9 22
11 20
12 19
Structure 296
1 29
2 28
3 27
7 24
8 23
9 22
11 20
12 19
13 18
Structure 297
1 29
2 28
3 27
7 24
8 23
9 22
11 20
12 19
13 18
Structure 298
1 29
2 28
3 27
7 24
8 23
9 22
11 20
12 19
Structure 299
7 24
8 23
9 22
11 20
12 19
13 18
27 42
28 41
29 39
30 38
31 37
32 36
Structure 300
1 29
2 28
3 27
7 24
8 23
9 22
11 20
12 19
13 18
Structure 301
1 29
2 28
3 27
7 24
8 23
9 22
11 20
12 19
13 18
Structure 302
1 29
2 28
3 27
5 25
6 24
8 23
9 22
11 20
12 19
13 18
30 38
31 37
Structure 303
1 29
2 28
3 27
5 25
6 24
8 23
9 22
11 20
12 19
34 42
Structure 304
1 29
2 28
3 27
5 25
6 24
8 23
9 22
11 20
12 19
13 18
Structure 305
1 29
2 28
3 27
7 24
8 23
9 22
11 20
12 19
30 38
31 37
32 36
Structure 306
1 29
2 28
3 27
5 25
6 24
8 23
11 20
12 19
13 18
Structure 307
2 28
3 27
7 24
8 23
9 22
11 20
12 19
13 18
29 39
30 38
31 37
32 36
Structure 308
7 24
8 23
9 22
11 20
12 19
13 18
25 42
26 41
27 40
29 39
30 38
31 37
32 36
Structure 309
1 29
2 28
3 27
7 24
8 23
9 22
11 20
12 19
13 18
Structure 310
2 28
3 27
7 24
8 23
9 22
11 20
12 19
Structure 311
2 28
3 27
7 24
8 23
9 22
11 20
12 19
13 18
29 39
30 38
31 37
32 36
Structure 312
1 29
2 28
3 27
5 25
7 24
8 23
9 22
11 20
12 19
Structure 313
1 29
2 28
3 27
5 25
6 24
8 23
9 22
11 20
12 19
Structure 314
1 29
2 28
3 27
7 24
8 23
9 22
11 20
12 19
13 18
Structure 315
2 28
3 27
7 24
8 23
9 22
11 20
12 19
13 18
29 39
30 38
31 37
Structure 316
2 26
3 25
7 24
8 23
9 22
11 20
12 19
27 42
28 41
29 39
30 38
31 37
32 36
Structure 317
1 29
2 28
3 27
7 24
8 23
9 22
11 20
12 19
13 18
30 38
31 37
32 36
Structure 318
7 24
8 23
9 22
11 20
12 19
13 18
27 42
28 41
29 39
30 38
31 37
32 36
Structure 319
1 29
2 28
3 27
7 24
8 23
9 22
11 20
12 19
Structure 320
1 29
2 28
3 27
7 24
8 23
9 22
11 20
12 19
13 18
30 38
31 37
32 36
Structure 321
1 29
2 28
3 27
7 24
8 23
9 22
11 20
12 19
Structure 322
1 29
2 28
3 27
5 25
7 24
8 23
9 22
11 20
12 19
13 18
Structure 323
1 29
2 28
3 27
5 25
7 24
8 23
9 22
11 20
12 19
Structure 324
2 28
3 27
5 25
6 24
8 23
9 22
11 20
12 19
13 18
29 39
30 38
31 37
32 36
Structure 325
1 29
2 28
3 27
5 25
6 24
8 23
9 22
11 20
12 19
13 18
Structure 326
1 29
2 28
3 27
5 25
6 24
8 23
9 22
11 20
12 19
13 18
32 41
33 40
Structure 327
1 29
2 28
3 27
7 24
8 23
9 22
11 20
12 19
13 18
Structure 328
1 29
2 28
3 27
7 24
8 23
9 22
11 20
12 19
13 18
Structure 329
1 29
2 28
3 27
5 25
7 24
8 23
9 22
11 20
12 19
Structure 330
2 35
3 34
4 33
6 29
7 28
8 27
11 26
12 25
13 24
14 23
Structure 331
5 25
6 24
8 23
9 22
11 20
12 19
13 18
27 42
28 41
29 39
30 38
31 37
32 36
Structure 332
2 28
3 27
5 25
6 24
8 23
9 22
11 20
12 19
13 18
29 39
30 38
31 37
32 36
Structure 333
1 29
2 28
3 27
5 25
6 24
8 23
9 22
11 20
12 19
Structure 334
1 29
2 28
3 27
7 24
8 23
9 22
11 20
12 19
13 18
Structure 335
1 29
2 28
3 27
7 24
8 23
9 22
11 20
12 19
13 18
Structure 336
1 29
2 28
3 27
7 24
8 23
9 22
11 20
12 19
13 18
Structure 337
7 42
8 41
11 20
12 19
13 18
29 39
30 38
31 37
32 36
Structure 338
1 29
2 28
3 27
7 24
8 23
9 22
11 20
12 19
13 18
Structure 339
1 29
2 28
3 27
7 24
8 23
9 22
11 20
12 19
13 18
Structure 340
1 29
2 28
3 27
7 24
8 23
9 22
11 20
12 19
13 18
Structure 341
1 29
2 28
3 27
7 24
8 23
9 22
11 20
12 19
13 18
Structure 342
1 29
2 28
3 27
7 24
8 23
9 22
11 20
12 19
Structure 343
1 29
2 28
3 27
5 25
7 24
8 23
9 22
11 20
12 19
13 18
Structure 344
1 29
2 28
3 27
7 24
8 23
9 22
11 20
12 19
Structure 345
1 29
2 28
3 27
7 24
8 23
9 22
11 20
12 19
13 18
30 38
31 37
32 36
Structure 346
1 29
2 28
3 27
5 25
6 24
8 23
9 22
11 20
12 19
13 18
Structure 347
2 28
3 27
7 24
8 23
9 22
11 20
12 19
13 18
29 39
30 38
31 37
Structure 348
1 29
2 28
3 27
5 25
7 24
8 23
9 22
11 20
12 19
13 18
30 38
31 37
32 36
Structure 349
2 28
3 27
5 25
7 24
8 23
9 22
11 20
12 19
13 18
29 39
30 38
31 37
32 36
Structure 350
1 29
2 28
3 27
7 24
8 23
9 22
11 20
12 19
Structure 351
1 29
2 28
3 27
5 25
7 24
8 23
9 22
11 20
12 19
13 18
Structure 352
1 29
2 28
3 27
5 25
6 24
8 23
9 22
11 20
12 19
13 18
Structure 353
1 29
2 28
3 27
7 24
8 23
9 22
11 20
12 19
Structure 354
2 28
3 27
7 24
8 23
9 22
11 20
12 19
13 18
29 39
30 38
31 37
32 36
Structure 355
1 29
2 28
3 27
7 24
8 23
9 22
11 20
12 19
Structure 356
1 29
2 28
3 27
7 24
8 23
9 22
11 20
12 19
Structure 357
1 29
2 28
3 27
5 25
6 24
8 23
11 20
12 19
13 18
32 41
33 40
Structure 358
1 29
2 28
3 27
5 25
7 24
8 23
9 22
11 20
12 19
13 18
Structure 359
1 29
2 28
3 27
7 24
8 23
9 22
11 20
12 19
13 18
Structure 360
1 29
2 28
3 27
5 25
6 24
8 23
9 22
11 20
12 19
13 18
Structure 361
1 29
2 28
3 27
7 24
8 23
9 22
11 20
12 19
30 38
31 37
Structure 362
1 29
2 28
3 27
7 24
8 23
9 22
11 20
12 19
13 18
Structure 363
1 29
2 28
3 27
7 24
8 23
9 22
11 20
12 19
13 18
Structure 364
7 24
8 23
9 22
11 20
12 19
27 42
28 41
29 39
30 38
31 37
32 36
Structure 365
1 29
2 28
3 27
7 24
8 23
9 22
11 20
12 19
30 38
31 37
32 36
Structure 366
1 29
2 28
3 27
5 25
6 24
8 23
11 20
12 19
Structure 367
2 28
3 27
7 24
8 23
11 20
12 19
13 18
29 39
30 38
31 37
32 36
Structure 368
1 29
2 28
3 27
5 25
7 24
8 23
9 22
11 20
12 19
Structure 369
2 28
3 27
5 25
7 24
8 23
9 22
11 20
12 19
13 18
Structure 370
1 29
2 28
3 27
5 25
7 24
8 23
9 22
11 20
12 19
30 38
31 37
32 36
Structure 371
1 29
2 28
3 27
5 25
6 24
8 23
9 22
11 20
12 19
13 18
Structure 372
1 29
2 28
3 27
8 23
9 22
11 20
12 19
Structure 373
1 29
2 28
3 27
7 24
8 23
9 22
11 20
12 19
13 18
Structure 374
1 29
2 28
3 27
7 24
8 23
9 22
11 20
12 19
13 18
Structure 375
1 29
2 28
3 27
7 24
8 23
9 22
11 20
12 19
13 18
Structure 376
1 29
2 28
3 27
7 24
8 23
9 22
11 20
12 19
13 18
Structure 377
1 29
2 28
3 27
5 25
6 24
8 23
9 22
11 20
12 19
13 18
Structure 378
5 25
6 24
8 23
9 22
11 20
12 19
13 18
27 42
28 41
29 39
30 38
31 37
32 36
Structure 379
1 29
2 28
3 27
7 24
8 23
9 22
11 20
12 19
13 18
Structure 380
1 29
2 28
3 27
5 25
6 24
8 23
9 22
11 20
12 19
13 18
Structure 381
1 29
2 28
3 27
5 25
6 24
8 23
9 22
11 20
12 19
13 18
Structure 382
1 29
2 28
3 27
7 24
8 23
9 22
11 20
12 19
Structure 383
2 28
3 27
7 24
8 23
9 22
11 20
12 19
13 18
Structure 384
2 28
3 27
5 25
6 24
8 23
9 22
11 20
12 19
29 39
30 38
31 37
32 36
Structure 385
1 29
2 28
3 27
5 25
6 24
8 23
9 22
11 20
12 19
13 18
Structure 386
2 35
3 34
4 33
5 30
6 29
7 28
8 27
11 26
12 25
13 24
14 23
Structure 387
1 29
2 28
3 27
7 24
8 23
9 22
11 20
12 19
Structure 388
2 35
3 34
4 33
5 30
6 29
7 28
8 27
11 26
12 25
13 24
14 23
Structure 389
2 28
3 27
7 24
8 23
9 22
11 20
12 19
13 18
29 39
30 38
31 37
32 36
Structure 390
1 29
2 28
3 27
5 25
7 24
8 23
9 22
11 20
12 19
13 18
Structure 391
1 29
2 28
3 27
5 25
6 24
8 23
9 22
11 20
12 19
Structure 392
1 29
2 28
3 27
5 25
6 24
8 23
9 22
11 20
12 19
13 18
Structure 393
1 29
2 28
3 27
7 24
8 23
9 22
11 20
12 19
Structure 394
1 29
2 28
3 27
5 25
6 24
8 23
9 22
11 20
12 19
13 18
Structure 395
1 29
2 28
3 27
5 25
7 24
8 23
9 22
11 20
12 19
Structure 396
1 29
2 28
3 27
7 24
8 23
9 22
11 20
12 19
13 18
Structure 397
2 28
3 27
7 24
8 23
9 22
11 20
12 19
13 18
29 39
30 38
31 37
32 36
Structure 398
2 28
3 27
5 25
7 24
8 23
9 22
11 20
12 19
13 18
29 39
30 38
31 37
32 36
Structure 399
1 29
2 28
3 27
7 24
8 23
9 22
11 20
12 19
32 41
33 40
Structure 400
2 28
3 27
5 25
6 24
8 23
9 22
11 20
12 19
13 18
29 39
30 38
31 37
32 36
Structure 401
2 28
3 27
5 25
7 24
8 23
9 22
11 20
12 19
Structure 402
1 29
2 28
3 27
5 25
7 24
8 23
9 22
11 20
12 19
13 18
Structure 403
1 29
2 28
3 27
5 25
6 24
8 23
9 22
11 20
12 19
13 18
30 38
31 37
32 36
Structure 404
1 29
2 28
3 27
5 25
7 24
8 23
9 22
11 20
12 19
Structure 405
5 30
6 29
7 28
8 27
9 25
11 20
12 19
13 18
Structure 406
5 30
6 29
7 28
8 27
11 26
12 25
13 24
14 23
Structure 407
2 28
3 27
5 25
6 24
8 23
9 22
11 20
12 19
13 18
Structure 408
1 29
2 28
3 27
5 25
6 24
8 23
9 22
11 20
12 19
Structure 409
7 24
8 23
9 22
11 20
12 19
27 42
28 41
29 39
30 38
31 37
32 36
Structure 410
2 28
7 24
8 23
9 22
11 20
12 19
13 18
29 39
30 38
31 37
32 36
Structure 411
1 29
2 28
3 27
5 25
7 24
8 23
9 22
11 20
12 19
30 42
32 41
Structure 412
2 28
3 27
7 24
8 23
9 22
11 20
12 19
13 18
29 39
30 38
31 37
32 36
Structure 413
1 29
2 28
3 27
5 25
7 24
8 23
9 22
11 20
12 19
30 38
31 37
32 36
Structure 414
1 29
2 28
3 27
7 24
8 23
9 22
11 20
12 19
30 38
31 37
32 36
Structure 415
1 29
2 28
3 27
5 25
7 24
8 23
9 22
11 20
12 19
13 18
30 42
32 41
33 40
Structure 416
1 29
2 28
3 27
5 25
6 24
8 23
9 22
11 20
12 19
13 18
Structure 417
1 29
2 28
3 27
7 24
8 23
9 22
11 20
12 19
Structure 418
1 29
2 28
3 27
5 25
6 24
8 23
9 22
11 20
12 19
13 18
Structure 419
2 42
3 41
7 24
8 23
9 22
11 20
12 19
13 18
30 38
31 37
Structure 420
2 28
3 27
5 25
6 24
8 23
9 22
11 20
12 19
13 18
29 39
30 38
31 37
32 36
Structure 421
1 29
2 28
3 27
5 25
7 24
8 23
9 22
11 20
12 19
Structure 422
7 24
8 23
9 22
11 20
12 19
13 18
27 42
28 41
29 39
30 38
31 37
32 36
Structure 423
2 28
3 27
5 25
7 24
8 23
9 22
11 20
12 19
13 18
29 39
30 38
31 37
32 36
Structure 424
1 29
2 28
3 27
5 25
6 24
8 23
9 22
11 20
12 19
Structure 425
2 28
3 27
5 25
6 24
8 23
9 22
11 20
12 19
13 18
Structure 426
7 24
8 23
9 22
11 20
12 19
27 42
28 41
29 39
30 38
31 37
32 36
Structure 427
2 35
3 34
4 33
5 30
6 29
7 28
8 27
11 26
12 25
Structure 428
1 29
2 28
3 27
7 24
8 23
9 22
11 20
12 19
13 18
Structure 429
1 29
2 28
3 27
5 25
7 24
8 23
9 22
11 20
12 19
13 18
Structure 430
2 28
3 27
7 24
8 23
9 22
11 20
12 19
13 18
29 39
30 38
31 37
32 36
Structure 431
1 29
2 28
3 27
7 24
8 23
9 22
11 20
12 19
13 18
Structure 432
1 29
2 28
3 27
7 24
8 23
9 22
11 20
12 19
Structure 433
2 28
3 27
5 25
6 24
8 23
9 22
11 20
12 19
13 18
Structure 434
1 29
2 28
3 27
7 24
8 23
9 22
11 20
12 19
13 18
Structure 435
1 29
2 28
3 27
5 25
6 24
8 23
9 22
11 20
12 19
Structure 436
1 29
2 28
3 27
7 24
8 23
9 22
11 20
12 19
13 18
Structure 437
1 29
2 28
3 27
7 24
8 23
9 22
11 20
12 19
13 18
Structure 438
1 29
2 28
3 27
7 24
8 23
9 22
11 20
12 19
13 18
Structure 439
1 29
2 28
3 27
5 25
7 24
8 23
9 22
11 20
12 19
13 18
30 38
31 37
32 36
Structure 440
1 29
2 28
3 27
7 24
8 23
9 22
11 20
12 19
Structure 441
1 29
2 28
3 27
7 24
8 23
9 22
11 20
12 19
13 18
Structure 442
1 29
2 28
3 27
7 24
8 23
9 22
11 20
12 19
30 38
31 37
32 36
Structure 443
1 29
2 28
3 27
7 24
8 23
9 22
11 20
12 19
13 18
30 38
31 37
Structure 444
1 29
2 28
3 27
7 24
8 23
9 22
11 20
12 19
Structure 445
1 29
2 28
3 27
7 24
8 23
9 22
11 20
12 19
Structure 446
7 24
8 23
9 22
11 20
12 19
27 42
28 41
29 39
30 38
31 37
32 36
Structure 447
2 28
3 27
5 25
6 24
8 23
9 22
11 20
12 19
13 18
29 39
30 38
31 37
32 36
Structure 448
1 29
2 28
3 27
5 25
6 24
8 23
9 22
11 20
12 19
Structure 449
1 29
2 28
3 27
5 25
6 24
8 23
9 22
11 20
12 19
13 18
30 38
31 37
32 36
Structure 450
2 28
3 27
5 25
6 24
8 23
9 22
11 20
12 19
13 18
Structure 451
1 29
2 28
3 27
7 24
8 23
9 22
11 20
12 19
13 18
Structure 452
1 29
2 28
3 27
5 25
6 24
8 23
9 22
11 20
12 19
13 18
Structure 453
1 29
2 28
3 27
7 24
8 23
9 22
11 20
12 19
Structure 454
1 29
2 28
3 27
7 24
8 23
9 22
11 20
12 19
13 18
Structure 455
1 29
2 28
3 27
5 25
6 24
11 20
12 19
34 42
35 41
Structure 456
1 29
2 28
3 27
5 25
6 24
8 23
9 22
11 20
12 19
13 18
Structure 457
2 35
3 34
4 33
5 30
6 29
7 28
8 27
12 25
13 24
14 23
Structure 458
1 29
2 28
3 27
7 24
8 23
9 22
11 20
12 19
13 18
30 38
31 37
32 36
Structure 459
2 28
3 27
7 24
8 23
9 22
11 20
12 19
Structure 460
2 28
3 27
7 24
8 23
9 22
11 20
12 19
13 18
29 39
30 38
31 37
32 36
Structure 461
1 29
2 28
3 27
7 24
8 23
9 22
11 20
12 19
13 18
Structure 462
1 29
2 28
3 27
7 24
8 23
9 22
11 20
12 19
Structure 463
1 29
2 28
3 27
7 24
8 23
9 22
11 20
12 19
32 41
33 40
Structure 464
1 29
2 28
3 27
7 24
8 23
9 22
11 20
12 19
Structure 465
1 29
2 28
3 27
7 24
8 23
9 22
11 20
12 19
Structure 466
1 29
2 28
3 27
7 24
8 23
9 22
11 20
12 19
Structure 467
2 28
3 27
7 24
8 23
9 22
11 20
12 19
13 18
Structure 468
2 42
3 41
8 23
9 22
11 20
12 19
13 18
24 39
25 38
26 37
28 36
Structure 469
1 29
2 28
3 27
5 25
7 24
8 23
9 22
11 20
12 19
30 38
31 37
32 36
Structure 470
1 29
2 28
3 27
7 24
8 23
9 22
11 20
12 19
Structure 471
2 28
3 27
5 25
6 24
8 23
11 20
12 19
13 18
29 39
30 38
31 37
32 36
Structure 472
1 29
2 28
3 27
5 25
6 24
8 23
9 22
11 20
12 19
13 18
Structure 473
1 29
2 28
3 27
7 24
8 23
9 22
11 20
12 19
13 18
Structure 474
1 29
2 28
3 27
5 25
6 24
8 23
9 22
11 20
12 19
13 18
30 38
31 37
32 36
Structure 475
1 29
2 28
3 27
5 25
6 24
8 23
9 22
11 20
12 19
Structure 476
1 29
2 28
3 27
7 24
8 23
9 22
11 20
12 19
13 18
Structure 477
1 29
2 28
3 27
7 24
8 23
9 22
11 20
12 19
13 18
Structure 478
1 29
2 28
3 27
5 25
6 24
8 23
9 22
11 20
12 19
13 18
Structure 479
1 29
2 28
3 27
5 25
6 24
8 23
9 22
11 20
12 19
13 18
Structure 480
2 28
3 27
5 25
7 24
8 23
9 22
11 20
12 19
13 18
29 39
30 38
31 37
32 36
Structure 481
1 29
2 28
3 27
7 24
8 23
9 22
11 20
12 19
Structure 482
1 29
2 28
3 27
7 24
8 23
9 22
11 20
12 19
13 18
Structure 483
7 24
8 23
9 22
11 20
12 19
13 18
27 42
28 41
29 39
30 38
31 37
32 36
Structure 484
5 30
6 29
7 28
8 27
11 26
12 25
13 24
14 23
Structure 485
2 28
3 27
5 25
6 24
8 23
9 22
11 20
12 19
13 18
29 39
30 38
31 37
Structure 486
1 29
2 28
3 27
5 25
7 24
8 23
9 22
11 20
12 19
13 18
Structure 487
1 29
2 28
3 27
5 25
6 24
8 23
9 22
11 20
12 19
13 18
30 38
31 37
32 36
Structure 488
1 29
2 28
3 27
7 24
8 23
9 22
11 20
12 19
Structure 489
1 29
2 28
3 27
7 24
8 23
9 22
11 20
12 19
13 18
Structure 490
2 28
3 27
7 24
8 23
9 22
11 20
12 19
13 18
29 39
30 38
31 37
Structure 491
2 28
3 27
5 25
6 24
8 23
9 22
11 20
12 19
13 18
Structure 492
1 29
2 28
3 27
5 25
7 24
8 23
9 22
11 20
12 19
13 18
Structure 493
1 29
2 28
3 27
7 24
8 23
9 22
11 20
12 19
13 18
30 38
31 37
32 36
Structure 494
1 29
2 28
3 27
5 25
6 24
8 23
9 22
11 20
12 19
13 18
Structure 495
1 29
2 28
3 27
5 25
7 24
8 23
9 22
11 20
12 19
13 18
31 37
32 36
Structure 496
1 29
2 28
3 27
7 24
8 23
11 20
12 19
13 18
Structure 497
1 29
2 28
3 27
7 24
8 23
9 22
11 20
12 19
13 18
Structure 498
1 29
2 28
3 27
7 24
8 23
9 22
11 20
12 19
13 18
Structure 499
1 29
2 28
3 27
7 24
8 23
9 22
11 20
12 19
30 38
31 37
32 36
Structure 500
2 28
3 27
5 25
6 24
8 23
9 22
11 20
12 19
29 39
30 38
31 37
32 36
Structure 501
1 29
2 28
3 27
7 24
8 23
9 22
11 20
12 19
13 18
Structure 502
7 24
8 23
9 22
11 20
12 19
27 42
28 41
29 39
30 38
31 37
Structure 503
1 29
2 28
3 27
7 24
8 23
9 22
11 20
12 19
Structure 504
1 29
2 28
3 27
5 25
6 24
8 23
9 22
11 20
12 19
13 18
Structure 505
1 29
2 28
3 27
7 24
8 23
9 22
11 20
12 19
30 38
31 37
32 36
Structure 506
1 29
2 28
3 27
5 25
6 24
8 23
9 22
11 20
12 19
13 18
Structure 507
1 29
2 28
3 27
7 24
8 23
9 22
11 20
12 19
13 18
Structure 508
2 28
3 27
7 24
8 23
9 22
11 20
12 19
13 18
30 38
31 37
32 36
Structure 509
1 29
2 28
3 27
5 25
7 24
8 23
9 22
11 20
12 19
13 18
Structure 510
7 24
8 23
9 22
11 20
12 19
27 42
28 41
29 39
30 38
31 37
32 36
Structure 511
7 24
8 23
9 22
11 20
12 19
27 42
28 41
29 39
30 38
31 37
32 36
Structure 512
1 29
2 28
3 27
7 24
8 23
9 22
11 20
12 19
13 18
Structure 513
1 29
2 28
3 27
7 24
8 23
9 22
11 20
12 19
13 18
Structure 514
1 29
2 28
3 27
7 24
8 23
9 22
11 20
12 19
13 18
Structure 515
1 29
2 28
3 27
5 25
6 24
8 23
9 22
11 20
12 19
30 38
31 37
32 36
Structure 516
2 28
3 27
7 24
8 23
9 22
11 20
12 19
13 18
29 39
30 38
31 37
32 36
Structure 517
1 29
2 28
3 27
5 25
6 24
8 23
9 22
11 20
12 19
13 18
Structure 518
1 29
2 28
3 27
7 24
8 23
9 22
11 20
12 19
13 18
Structure 519
1 29
2 28
3 27
5 25
6 24
8 23
9 22
11 20
12 19
13 18
Structure 520
2 28
3 27
5 25
6 24
8 23
9 22
11 20
12 19
29 39
30 38
31 37
32 36
Structure 521
2 42
3 41
7 24
8 23
9 22
11 20
12 19
30 38
31 37
Structure 522
2 28
3 27
5 25
6 24
8 23
9 22
11 20
12 19
13 18
29 39
30 38
31 37
32 36
Structure 523
1 29
2 28
3 27
7 24
8 23
9 22
11 20
12 19
13 18
30 38
31 37
32 36
Structure 524
1 29
2 28
3 27
5 25
7 24
8 23
9 22
11 20
12 19
Structure 525
5 30
6 29
7 28
8 27
11 26
12 25
13 24
14 23
Structure 526
2 28
3 27
5 25
6 24
8 23
9 22
11 20
12 19
Structure 527
2 28
3 27
5 25
7 24
8 23
9 22
11 20
12 19
13 18
Structure 528
1 29
2 28
3 27
7 24
8 23
9 22
11 20
12 19
Structure 529
1 29
2 28
3 27
7 24
8 23
9 22
11 20
12 19
13 18
Structure 530
1 29
2 28
3 27
7 24
8 23
9 22
11 20
12 19
13 18
Structure 531
1 29
2 28
3 27
5 25
7 24
8 23
9 22
11 20
12 19
13 18
Structure 532
2 28
3 27
5 25
7 24
8 23
9 22
11 20
12 19
29 39
30 38
31 37
32 36
Structure 533
1 29
2 28
3 27
5 25
6 24
8 23
9 22
11 20
12 19
13 18
Structure 534
1 29
2 28
3 27
7 24
8 23
9 22
11 20
12 19
13 18
Structure 535
2 28
3 27
5 25
7 24
8 23
9 22
11 20
12 19
29 39
30 38
31 37
Structure 536
1 29
2 28
3 27
5 25
6 24
8 23
9 22
11 20
12 19
13 18
Structure 537
1 29
2 28
3 27
5 25
7 24
8 23
9 22
11 20
12 19
13 18
Structure 538
1 29
2 28
3 27
5 25
6 24
8 23
9 22
11 20
12 19
13 18
30 38
31 37
32 36
Structure 539
1 29
2 28
3 27
5 25
6 24
8 23
9 22
11 20
12 19
34 42
35 41
Structure 540
1 29
2 28
3 27
7 24
8 23
9 22
11 20
12 19
13 18
32 41
33 40
Structure 541
1 29
2 28
3 27
7 24
8 23
9 22
11 20
12 19
13 18
30 38
31 37
32 36
Structure 542
1 29
2 28
3 27
5 25
7 24
8 23
9 22
11 20
12 19
30 38
31 37
32 36
Structure 543
5 30
6 29
7 28
8 27
11 26
12 25
13 24
14 23
Structure 544
1 29
2 28
3 27
7 24
8 23
9 22
11 20
12 19
Structure 545
1 29
2 28
3 27
7 24
8 23
9 22
11 20
12 19
13 18
30 38
31 37
32 36
Structure 546
1 29
2 28
3 27
5 25
6 24
8 23
9 22
11 20
12 19
13 18
Structure 547
1 29
2 28
3 27
7 24
8 23
9 22
11 20
12 19
Structure 548
5 30
6 29
7 28
8 27
11 26
12 25
13 24
14 23
Structure 549
1 29
2 28
3 27
7 24
8 23
9 22
11 20
12 19
13 18
Structure 550
11 42
12 41
14 37
15 36
16 35
18 33
19 32
20 30
21 29
23 28
Structure 551
1 29
2 28
3 27
7 24
8 23
9 22
11 20
12 19
13 18
Structure 552
1 29
2 28
3 27
7 24
8 23
9 22
11 20
12 19
Structure 553
1 29
2 28
3 27
5 25
7 24
8 23
9 22
11 20
12 19
Structure 554
1 29
2 28
3 27
7 24
8 23
9 22
11 20
12 19
Structure 555
1 29
2 28
3 27
7 24
8 23
9 22
11 20
12 19
13 18
32 41
33 40
Structure 556
1 29
2 28
3 27
7 24
8 23
9 22
11 20
12 19
13 18
Structure 557
1 29
2 28
3 27
7 24
8 23
9 22
11 20
12 19
Structure 558
1 29
2 28
3 27
7 24
8 23
9 22
11 20
12 19
13 18
Structure 559
1 29
2 28
3 27
5 25
6 24
8 23
9 22
11 20
12 19
13 18
30 38
31 37
32 36
Structure 560
1 29
2 28
3 27
5 25
6 24
8 23
9 22
11 20
12 19
Structure 561
1 29
2 28
3 27
5 25
7 24
8 23
9 22
11 20
12 19
13 18
Structure 562
1 29
2 28
3 27
7 24
8 23
9 22
11 20
12 19
13 18
30 38
31 37
Structure 563
7 24
8 23
9 22
11 20
12 19
13 18
27 42
28 41
29 39
30 38
31 37
Structure 564
1 29
2 28
3 27
7 24
8 23
9 22
11 20
12 19
13 18
Structure 565
1 29
2 28
3 27
5 25
6 24
8 23
9 22
11 20
12 19
13 18
Structure 566
1 29
2 28
3 27
7 24
8 23
9 22
11 20
12 19
13 18
32 41
33 40
Structure 567
1 29
2 28
3 27
5 25
6 24
8 23
9 22
11 20
12 19
Structure 568
1 29
2 28
3 27
7 24
8 23
9 22
11 20
12 19
33 40
Structure 569
2 28
3 27
5 25
6 24
8 23
9 22
11 20
12 19
13 18
29 39
30 38
31 37
32 36
Structure 570
1 29
2 28
3 27
7 24
8 23
9 22
11 20
12 19
Structure 571
1 29
2 28
3 27
7 24
8 23
9 22
11 20
12 19
Structure 572
1 29
2 28
3 27
5 25
6 24
8 23
9 22
11 20
12 19
13 18
Structure 573
1 29
2 28
3 27
7 24
8 23
9 22
11 20
12 19
13 18
Structure 574
7 24
8 23
9 22
11 20
12 19
13 18
27 42
28 41
29 39
30 38
31 37
32 36
Structure 575
1 29
2 28
3 27
7 24
8 23
9 22
11 20
12 19
Structure 576
1 29
2 28
3 27
7 24
8 23
9 22
11 20
12 19
13 18
Structure 577
1 29
2 28
3 27
5 25
6 24
8 23
9 22
11 20
12 19
13 18
Structure 578
1 29
2 28
3 27
7 24
8 23
9 22
11 20
12 19
13 18
Structure 579
2 28
3 27
7 24
8 23
9 22
11 20
12 19
13 18
32 41
Structure 580
1 29
2 28
3 27
7 24
8 23
9 22
11 20
12 19
Structure 581
1 29
2 28
3 27
5 25
7 24
8 23
9 22
11 20
12 19
13 18
Structure 582
1 29
2 28
3 27
7 24
8 23
9 22
11 20
12 19
13 18
Structure 583
1 29
2 28
3 27
7 24
8 23
9 22
11 20
12 19
36 42
Structure 584
1 29
2 28
3 27
5 25
7 24
8 23
9 22
11 20
12 19
13 18
Structure 585
1 29
2 28
3 27
7 24
8 23
9 22
11 20
12 19
13 18
Structure 586
1 29
2 28
3 27
5 25
6 24
8 23
9 22
11 20
12 19
13 18
30 38
31 37
32 36
Structure 587
1 29
2 28
3 27
5 25
6 24
8 23
9 22
11 20
12 19
13 18
Structure 588
1 29
2 28
3 27
7 24
8 23
9 22
11 20
12 19
13 18
30 42
32 41
Structure 589
2 42
3 41
7 24
8 23
9 22
11 20
12 19
29 39
30 38
31 37
32 36
Structure 590
1 29
2 28
3 27
7 24
8 23
9 22
11 20
12 19
13 18
30 38
31 37
32 36
Structure 591
1 29
2 28
3 27
5 25
6 24
8 23
9 22
11 20
12 19
13 18
Structure 592
1 29
2 28
3 27
7 24
8 23
9 22
11 20
12 19
13 18
Structure 593
5 25
6 24
8 23
9 22
11 20
12 19
13 18
27 42
28 41
29 39
30 38
31 37
32 36
Structure 594
1 29
2 28
3 27
5 25
7 24
8 23
9 22
11 20
12 19
13 18
Structure 595
1 29
2 28
3 27
7 24
8 23
9 22
11 20
12 19
13 18
Structure 596
2 28
3 27
7 24
8 23
9 22
11 20
12 19
30 38
31 37
32 36
Structure 597
1 29
2 28
3 27
5 25
7 24
8 23
9 22
11 20
12 19
13 18
Structure 598
1 29
2 28
3 27
7 24
8 23
9 22
11 20
12 19
Structure 599
1 29
2 28
3 27
7 24
8 23
9 22
11 20
12 19
13 18
30 38
31 37
32 36
Structure 600
5 25
6 24
8 23
9 22
11 20
12 19
27 42
28 41
29 39
30 38
31 37
32 36
Structure 601
1 29
2 28
3 27
5 25
7 24
8 23
9 22
11 20
12 19
13 18
30 38
31 37
Structure 602
2 28
3 27
5 25
7 24
8 23
9 22
11 20
12 19
13 18
32 41
33 40
Structure 603
1 29
2 28
3 27
7 24
8 23
9 22
11 20
12 19
13 18
32 41
33 40
Structure 604
2 28
3 27
7 24
8 23
9 22
11 20
12 19
13 18
29 39
30 38
31 37
Structure 605
1 29
2 28
3 27
5 25
7 24
8 23
9 22
11 20
12 19
13 18
30 38
31 37
32 36
Structure 606
2 42
3 41
7 24
8 23
9 22
11 20
12 19
13 18
25 38
26 37
27 35
28 34
Structure 607
1 29
2 28
3 27
7 24
8 23
9 22
11 20
12 19
13 18
30 38
31 37
32 36
Structure 608
2 42
3 41
7 24
8 23
9 22
11 20
12 19
13 18
29 39
30 38
31 37
32 36
Structure 609
1 29
2 28
3 27
5 25
6 24
8 23
9 22
11 20
12 19
13 18
Structure 610
1 29
2 28
3 27
5 25
6 24
8 23
9 22
11 20
12 19
13 18
30 38
31 37
32 36
Structure 611
1 29
2 28
3 27
5 25
7 24
8 23
9 22
11 20
12 19
13 18
Structure 612
7 24
8 23
9 22
11 20
12 19
25 42
26 41
27 40
29 39
30 38
31 37
32 36
Structure 613
2 28
3 27
7 24
8 23
9 22
11 20
12 19
13 18
29 39
30 38
31 37
32 36
Structure 614
2 28
3 27
5 25
6 24
8 23
9 22
11 20
12 19
13 18
29 39
30 38
31 37
32 36
Structure 615
1 29
2 28
3 27
5 25
6 24
8 23
9 22
11 20
12 19
Structure 616
7 24
8 23
9 22
11 20
12 19
13 18
27 42
28 41
29 39
30 38
31 37
32 36
Structure 617
1 29
2 28
3 27
7 24
8 23
9 22
11 20
12 19
13 18
Structure 618
2 28
3 27
7 24
8 23
9 22
11 20
12 19
13 18
29 39
30 38
31 37
32 36
Structure 619
1 29
2 28
3 27
5 25
6 24
8 23
9 22
11 20
12 19
Structure 620
1 29
2 28
3 27
5 25
7 24
8 23
9 22
11 20
12 19
Structure 621
1 29
2 28
3 27
7 24
8 23
11 20
12 19
13 18
32 41
33 40
Structure 622
1 29
2 28
3 27
5 25
6 24
8 23
9 22
11 20
12 19
13 18
Structure 623
1 29
2 28
3 27
5 25
6 24
8 23
9 22
11 20
12 19
13 18
Structure 624
1 29
2 28
3 27
5 25
6 24
8 23
9 22
11 20
12 19
13 18
Structure 625
1 29
2 28
3 27
7 24
8 23
9 22
11 20
12 19
13 18
Structure 626
1 29
2 28
3 27
7 24
8 23
9 22
11 20
12 19
Structure 627
1 29
2 28
3 27
7 24
8 23
9 22
11 20
12 19
13 18
34 42
35 41
Structure 628
1 29
2 28
3 27
7 24
8 23
9 22
11 20
12 19
13 18
Structure 629
2 28
3 27
5 25
6 24
8 23
9 22
11 20
12 19
Structure 630
1 29
2 28
3 27
7 24
8 23
9 22
11 20
12 19
13 18
Structure 631
1 29
2 28
3 27
7 24
8 23
9 22
11 20
12 19
Structure 632
2 42
3 41
7 24
8 23
9 22
11 20
12 19
30 38
31 37
32 36
Structure 633
1 29
2 28
3 27
7 24
8 23
9 22
11 20
12 19
13 18
Structure 634
2 28
3 27
7 24
8 23
9 22
11 20
12 19
13 18
29 39
30 38
31 37
Structure 635
2 28
3 27
7 24
8 23
9 22
11 20
12 19
13 18
29 39
30 38
31 37
32 36
Structure 636
1 29
2 28
3 27
5 25
6 24
8 23
9 22
11 20
12 19
Structure 637
1 29
2 28
3 27
7 24
8 23
9 22
11 20
12 19
13 18
34 42
35 41
Structure 638
2 28
3 27
7 24
8 23
9 22
11 20
12 19
29 39
30 38
31 37
32 36
Structure 639
1 29
2 28
3 27
7 24
8 23
9 22
11 20
12 19
13 18
30 38
31 37
32 36
Structure 640
1 29
2 28
3 27
5 25
6 24
8 23
9 22
11 20
12 19
13 18
Structure 641
1 29
2 28
3 27
7 24
8 23
9 22
11 20
12 19
30 38
31 37
32 36
Structure 642
1 29
2 28
3 27
5 25
7 24
8 23
9 22
11 20
12 19
30 38
31 37
32 36
Structure 643
1 29
2 28
3 27
7 24
8 23
9 22
11 20
12 19
13 18
30 38
31 37
32 36
Structure 644
2 35
3 34
4 33
5 30
6 29
7 28
8 27
11 20
12 19
13 18
Structure 645
1 29
2 28
3 27
5 25
7 24
8 23
9 22
11 20
12 19
13 18
Structure 646
2 35
3 34
4 33
5 30
6 29
7 28
8 27
11 26
12 25
13 24
14 23
Structure 647
1 29
2 28
3 27
7 24
8 23
9 22
11 20
12 19
Structure 648
1 29
2 28
3 27
7 24
8 23
9 22
11 20
12 19
13 18
Structure 649
1 29
2 28
3 27
5 25
7 24
8 23
9 22
11 20
12 19
Structure 650
2 28
3 27
7 24
8 23
9 22
11 20
12 19
13 18
29 39
30 38
31 37
32 36
Structure 651
7 24
8 23
9 22
11 20
12 19
13 18
29 39
30 38
31 37
Structure 652
2 28
3 27
5 25
6 24
11 20
12 19
13 18
29 39
30 38
31 37
32 36
Structure 653
2 35
3 34
4 33
5 30
6 29
7 28
8 27
11 24
12 23
Structure 654
2 35
3 34
4 33
5 30
6 29
7 28
8 27
11 26
12 25
13 24
14 23
Structure 655
2 42
3 41
11 20
12 19
13 18
24 39
25 38
26 37
27 35
28 34
Structure 656
1 29
2 28
3 27
7 24
8 23
9 22
11 20
12 19
13 18
Structure 657
1 29
2 28
3 27
5 25
6 24
8 23
9 22
11 20
12 19
13 18
Structure 658
1 29
2 28
3 27
7 24
8 23
9 22
11 20
12 19
13 18
Structure 659
1 29
2 28
3 27
7 24
8 23
9 22
11 20
12 19
13 18
Structure 660
1 29
2 28
3 27
7 24
8 23
9 22
11 20
12 19
13 18
Structure 661
2 28
3 27
7 24
8 23
9 22
11 20
12 19
13 18
29 39
30 38
31 37
32 36
Structure 662
2 28
3 27
5 25
6 24
8 23
9 22
11 20
12 19
13 18
29 39
30 38
31 37
Structure 663
1 29
2 28
3 27
7 24
8 23
9 22
11 20
12 19
13 18
Structure 664
1 29
2 28
3 27
7 24
8 23
9 22
11 20
12 19
13 18
Structure 665
2 28
3 27
5 25
7 24
8 23
9 22
11 20
12 19
13 18
29 39
30 38
31 37
Structure 666
1 29
2 28
3 27
7 24
8 23
9 22
11 20
12 19
30 42
32 41
33 40
Structure 667
1 29
2 28
3 27
7 24
8 23
9 22
11 20
12 19
13 18
Structure 668
1 29
2 28
3 27
7 24
8 23
9 22
11 20
12 19
13 18
30 38
31 37
32 36
Structure 669
1 29
2 28
3 27
7 24
8 23
9 22
11 20
12 19
13 18
Structure 670
7 24
8 23
9 22
11 20
12 19
27 42
28 41
29 39
30 38
31 37
32 36
Structure 671
1 29
2 28
3 27
5 25
7 24
8 23
9 22
11 20
12 19
13 18
Structure 672
1 29
2 28
3 27
5 25
6 24
8 23
9 22
11 20
12 19
Structure 673
2 42
3 41
11 20
12 19
13 18
23 40
24 39
25 38
26 37
27 35
28 34
Structure 674
1 29
2 28
3 27
5 25
6 24
8 23
9 22
11 20
12 19
Structure 675
1 29
2 28
3 27
7 24
8 23
9 22
11 20
12 19
13 18
Structure 676
1 29
2 28
3 27
7 24
8 23
9 22
11 20
12 19
Structure 677
1 29
2 28
3 27
7 24
8 23
9 22
11 20
12 19
13 18
Structure 678
1 29
2 28
3 27
7 24
8 23
9 22
11 20
12 19
13 18
30 38
31 37
32 36
Structure 679
2 26
3 25
7 24
8 23
9 22
11 20
12 19
27 42
28 41
29 39
30 38
31 37
Structure 680
1 29
2 28
3 27
5 25
7 24
8 23
9 22
11 20
12 19
Structure 681
2 28
3 27
7 24
8 23
9 22
11 20
12 19
13 18
29 39
30 38
31 37
Structure 682
2 28
3 27
5 25
6 24
8 23
9 22
11 20
12 19
13 18
29 39
30 38
Structure 683
1 29
2 28
3 27
5 25
6 24
8 23
9 22
11 20
12 19
Structure 684
2 28
3 27
7 24
8 23
9 22
11 20
12 19
13 18
29 39
30 38
31 37
32 36
Structure 685
1 29
2 28
3 27
7 24
8 23
9 22
11 20
12 19
13 18
34 42
35 41
Structure 686
2 28
3 27
5 25
6 24
8 23
9 22
11 20
12 19
Structure 687
2 35
3 34
4 33
5 30
6 29
7 28
8 27
11 20
12 19
13 18
Structure 688
1 29
2 28
3 27
7 24
8 23
9 22
11 20
12 19
13 18
Structure 689
1 29
2 28
3 27
7 24
8 23
9 22
11 20
12 19
13 18
Structure 690
1 29
2 28
3 27
7 24
8 23
9 22
11 20
12 19
13 18
Structure 691
1 29
2 28
3 27
5 25
6 24
8 23
9 22
11 20
12 19
13 18
Structure 692
1 29
2 28
3 27
5 25
7 24
8 23
9 22
11 20
12 19
13 18
34 42
35 41
Structure 693
1 29
2 28
3 27
7 24
8 23
9 22
11 20
12 19
30 38
31 37
32 36
Structure 694
5 30
6 29
7 28
8 27
9 22
11 20
12 19
Structure 695
1 29
2 28
3 27
7 24
8 23
9 22
11 20
12 19
13 18
Structure 696
2 28
3 27
5 25
6 24
8 23
9 22
11 20
12 19
13 18
Structure 697
1 29
2 28
3 27
7 24
8 23
9 22
11 20
12 19
Structure 698
1 29
2 28
3 27
5 25
6 24
8 23
9 22
11 20
12 19
13 18
30 38
31 37
32 36
Structure 699
1 29
2 28
3 27
7 24
8 23
9 22
11 20
12 19
13 18
Structure 700
1 29
2 28
3 27
5 25
6 24
8 23
9 22
11 20
12 19
13 18
30 38
31 37
32 36
Structure 701
1 29
2 28
3 27
7 24
8 23
9 22
11 20
12 19
13 18
Structure 702
1 29
2 28
3 27
5 25
7 24
8 23
9 22
11 20
12 19
Structure 703
1 29
2 28
3 27
5 25
7 24
8 23
9 22
11 20
12 19
30 38
31 37
32 36
Structure 704
2 28
3 27
7 24
8 23
9 22
11 20
12 19
13 18
30 38
31 37
32 36
Structure 705
1 29
2 28
3 27
7 24
8 23
9 22
11 20
12 19
13 18
Structure 706
1 29
2 28
3 27
5 25
6 24
8 23
9 22
11 20
12 19
13 18
Structure 707
1 29
2 28
3 27
7 24
8 23
9 22
11 20
12 19
Structure 708
2 28
3 27
7 24
8 23
9 22
11 20
12 19
Structure 709
1 29
2 28
3 27
5 25
6 24
8 23
9 22
11 20
12 19
13 18
30 38
31 37
32 36
Structure 710
1 29
2 28
3 27
7 24
8 23
9 22
11 20
12 19
Structure 711
1 29
2 28
3 27
7 24
8 23
9 22
11 20
12 19
30 38
31 37
Structure 712
1 29
2 28
3 27
5 25
6 24
8 23
9 22
11 20
12 19
13 18
Structure 713
1 29
2 28
3 27
7 24
8 23
9 22
11 20
12 19
Structure 714
1 29
2 28
3 27
7 24
8 23
9 22
11 20
12 19
13 18
30 38
31 37
32 36
Structure 715
1 29
2 28
3 27
5 25
6 24
8 23
9 22
11 20
12 19
13 18
Structure 716
1 29
2 28
3 27
5 25
7 24
8 23
9 22
11 20
12 19
Structure 717
1 29
2 28
3 27
7 24
8 23
9 22
11 20
12 19
13 18
Structure 718
1 29
2 28
3 27
7 24
8 23
9 22
11 20
12 19
30 38
31 37
32 36
Structure 719
1 29
2 28
3 27
7 24
8 23
9 22
11 20
12 19
30 38
31 37
32 36
Structure 720
1 29
2 28
3 27
5 25
6 24
8 23
9 22
11 20
12 19
13 18
Structure 721
1 29
2 28
3 27
7 24
8 23
9 22
11 20
12 19
Structure 722
5 25
6 24
8 23
9 22
11 20
12 19
27 42
28 41
29 39
30 38
31 37
32 36
Structure 723
1 29
2 28
3 27
5 25
6 24
8 23
9 22
11 20
12 19
13 18
Structure 724
1 29
2 28
3 27
7 24
8 23
9 22
11 20
12 19
Structure 725
1 29
2 28
3 27
7 24
8 23
9 22
11 20
12 19
13 18
Structure 726
1 29
2 28
3 27
7 24
8 23
9 22
11 20
12 19
30 38
31 37
Structure 727
1 29
2 28
3 27
5 25
6 24
8 23
9 22
11 20
12 19
13 18
Structure 728
1 29
2 28
3 27
5 25
7 24
8 23
9 22
11 20
12 19
Structure 729
1 29
2 28
3 27
7 24
8 23
9 22
11 20
12 19
13 18
Structure 730
2 42
3 41
7 24
8 23
9 22
11 20
12 19
30 38
31 37
Structure 731
2 28
3 27
5 25
6 24
8 23
9 22
11 20
12 19
13 18
Structure 732
1 29
2 28
3 27
5 25
6 24
8 23
9 22
11 20
12 19
13 18
Structure 733
1 29
2 28
3 27
7 24
8 23
9 22
11 20
12 19
13 18
Structure 734
1 29
2 28
3 27
5 25
7 24
8 23
9 22
11 20
12 19
Structure 735
1 29
2 28
3 27
5 25
6 24
8 23
9 22
11 20
12 19
13 18
Structure 736
2 28
3 27
7 24
8 23
9 22
11 20
12 19
30 38
31 37
32 36
Structure 737
2 28
3 27
5 25
7 24
8 23
9 22
11 20
12 19
Structure 738
1 29
2 28
3 27
5 25
7 24
8 23
9 22
11 20
12 19
13 18
30 38
31 37
Structure 739
1 29
2 28
3 27
5 25
7 24
8 23
9 22
11 20
12 19
13 18
30 38
31 37
32 36
Structure 740
1 29
2 28
3 27
7 24
8 23
9 22
11 20
12 19
13 18
Structure 741
1 29
2 28
3 27
5 25
6 24
8 23
9 22
11 20
Structure 742
2 28
3 27
7 24
8 23
9 22
11 20
12 19
13 18
Structure 743
1 29
2 28
3 27
7 24
8 23
9 22
11 20
12 19
Structure 744
1 29
2 28
3 27
5 25
6 24
8 23
9 22
11 20
12 19
13 18
Structure 745
2 28
3 27
7 24
8 23
9 22
11 20
12 19
Structure 746
1 29
2 28
3 27
5 25
7 24
8 23
9 22
11 20
12 19
Structure 747
1 29
2 28
3 27
7 24
8 23
9 22
11 20
12 19
13 18
Structure 748
1 29
2 28
3 27
7 24
8 23
9 22
11 20
12 19
Structure 749
1 29
2 28
3 27
5 25
6 24
8 23
9 22
11 20
12 19
13 18
Structure 750
1 29
2 28
3 27
7 24
8 23
9 22
11 20
12 19
13 18
30 38
31 37
32 36
Structure 751
1 29
2 28
3 27
5 25
7 24
8 23
9 22
11 20
12 19
30 38
31 37
32 36
Structure 752
2 28
3 27
7 24
8 23
9 22
11 20
12 19
Structure 753
1 29
2 28
3 27
7 24
8 23
9 22
11 20
12 19
13 18
30 38
31 37
32 36
Structure 754
1 29
2 28
3 27
5 25
6 24
8 23
9 22
11 20
12 19
Structure 755
2 28
3 27
5 25
6 24
8 23
9 22
29 39
30 38
31 37
Structure 756
1 29
2 28
3 27
5 25
6 24
8 23
9 22
11 20
Structure 757
2 28
3 27
7 24
8 23
9 22
11 20
12 19
13 18
29 39
30 38
31 37
32 36
Structure 758
1 29
2 28
3 27
7 24
8 23
9 22
11 20
12 19
13 18
32 41
33 40
Structure 759
1 29
2 28
3 27
5 25
6 24
8 23
9 22
11 20
12 19
13 18
Structure 760
2 28
3 27
7 24
8 23
9 22
11 20
12 19
Structure 761
1 29
2 28
3 27
7 24
8 23
9 22
11 20
12 19
13 18
Structure 762
1 29
2 28
3 27
7 24
8 23
9 22
11 20
12 19
13 18
Structure 763
1 29
2 28
3 27
5 25
6 24
8 23
9 22
11 20
12 19
13 18
Structure 764
1 29
2 28
3 27
7 24
8 23
9 22
11 20
12 19
13 18
30 38
31 37
32 36
Structure 765
1 29
2 28
3 27
5 25
7 24
8 23
9 22
11 20
12 19
13 18
30 38
31 37
32 36
Structure 766
1 29
2 28
3 27
7 24
8 23
9 22
11 20
12 19
13 18
Structure 767
1 29
2 28
3 27
5 25
7 24
8 23
9 22
11 20
12 19
Structure 768
1 29
2 28
3 27
5 25
6 24
8 23
9 22
11 20
12 19
13 18
Structure 769
1 29
2 28
3 27
7 24
8 23
9 22
11 20
12 19
13 18
Structure 770
1 29
2 28
3 27
7 24
8 23
9 22
11 20
12 19
13 18
Structure 771
1 29
2 28
3 27
7 24
8 23
9 22
11 20
12 19
13 18
Structure 772
1 29
2 28
3 27
7 24
8 23
9 22
11 20
12 19
13 18
Structure 773
1 29
2 28
3 27
5 25
7 24
8 23
9 22
11 20
12 19
13 18
Structure 774
1 29
2 28
3 27
7 24
8 23
9 22
11 20
12 19
Structure 775
1 29
2 28
3 27
7 24
8 23
9 22
11 20
12 19
13 18
Structure 776
1 29
2 28
3 27
5 25
6 24
8 23
9 22
11 20
12 19
Structure 777
1 29
2 28
3 27
5 25
7 24
8 23
9 22
11 20
12 19
13 18
Structure 778
1 29
2 28
3 27
7 24
8 23
9 22
11 20
12 19
Structure 779
1 29
2 28
3 27
7 24
8 23
9 22
11 20
12 19
13 18
30 38
31 37
32 36
Structure 780
1 29
2 28
3 27
7 24
8 23
9 22
11 20
12 19
13 18
Structure 781
1 29
2 28
3 27
7 24
8 23
9 22
11 20
12 19
30 38
31 37
32 36
Structure 782
1 29
2 28
3 27
7 24
8 23
9 22
11 20
12 19
13 18
Structure 783
2 28
3 27
7 24
8 23
9 22
11 20
12 19
13 18
Structure 784
1 29
2 28
3 27
7 24
8 23
9 22
11 20
12 19
13 18
Structure 785
2 28
3 27
7 24
8 23
9 22
11 20
12 19
13 18
Structure 786
1 29
2 28
3 27
7 24
8 23
9 22
11 20
12 19
13 18
32 41
33 40
Structure 787
2 28
3 27
7 24
8 23
9 22
11 20
12 19
29 39
30 38
31 37
32 36
Structure 788
1 29
2 28
3 27
7 24
8 23
9 22
11 20
12 19
30 38
31 37
32 36
Structure 789
1 29
2 28
3 27
7 24
8 23
9 22
11 20
12 19
13 18
32 41
33 40
Structure 790
1 29
2 28
3 27
7 24
8 23
9 22
11 20
12 19
13 18
30 38
31 37
32 36
Structure 791
7 24
8 23
9 22
11 20
12 19
13 18
27 42
28 41
29 39
30 38
31 37
32 36
Structure 792
5 30
6 29
7 28
8 27
11 26
12 25
13 24
14 23
Structure 793
5 25
6 24
8 23
9 22
11 20
12 19
13 18
27 42
28 41
29 39
30 38
31 37
32 36
Structure 794
1 29
2 28
3 27
7 24
8 23
9 22
11 20
12 19
Structure 795
1 29
2 28
3 27
7 24
8 23
9 22
11 20
12 19
13 18
32 41
33 40
Structure 796
1 29
2 28
3 27
7 24
8 23
9 22
11 20
12 19
13 18
32 41
33 40
Structure 797
1 29
2 28
3 27
5 25
6 24
8 23
9 22
11 20
12 19
13 18
Structure 798
1 29
2 28
3 27
7 24
8 23
9 22
11 20
12 19
Structure 799
1 29
2 28
3 27
7 24
8 23
9 22
11 20
12 19
30 38
31 37
32 36
Structure 800
1 29
2 28
3 27
5 25
7 24
8 23
9 22
11 20
12 19
13 18
30 38
31 37
Structure 801
1 29
2 28
3 27
5 25
6 24
8 23
9 22
11 20
12 19
13 18
Structure 802
2 28
3 27
7 24
8 23
9 22
11 20
12 19
13 18
29 39
30 38
31 37
Structure 803
1 29
2 28
3 27
7 24
8 23
9 22
11 20
12 19
13 18
Structure 804
1 29
2 28
3 27
5 25
6 24
8 23
9 22
11 20
12 19
13 18
Structure 805
1 29
2 28
3 27
7 24
8 23
9 22
11 20
12 19
Structure 806
1 29
2 28
3 27
7 24
8 23
9 22
11 20
12 19
13 18
Structure 807
2 28
3 27
7 24
8 23
9 22
11 20
12 19
Structure 808
1 29
2 28
3 27
7 24
8 23
9 22
11 20
12 19
32 41
Structure 809
1 29
2 28
3 27
7 24
8 23
9 22
11 20
12 19
32 41
33 40
Structure 810
1 29
2 28
3 27
7 24
8 23
9 22
11 20
12 19
13 18
Structure 811
2 28
3 27
7 24
8 23
9 22
11 20
12 19
29 39
30 38
31 37
32 36
Structure 812
1 29
2 28
3 27
5 25
6 24
8 23
9 22
11 20
12 19
Structure 813
1 29
2 28
3 27
7 24
8 23
9 22
11 20
12 19
13 18
Structure 814
1 29
2 28
3 27
5 25
6 24
8 23
9 22
11 20
12 19
13 18
Structure 815
2 42
3 41
7 24
8 23
9 22
11 20
12 19
13 18
29 39
30 38
31 37
32 36
Structure 816
1 29
2 28
3 27
5 25
6 24
8 23
9 22
11 20
12 19
13 18
34 42
35 41
Structure 817
1 29
2 28
3 27
7 24
8 23
9 22
11 20
12 19
Structure 818
2 28
3 27
7 24
8 23
9 22
11 20
12 19
13 18
29 39
30 38
31 37
32 36
Structure 819
5 30
6 29
7 28
8 27
11 20
12 19
Structure 820
1 29
2 28
3 27
5 25
7 24
8 23
9 22
11 20
12 19
13 18
Structure 821
2 28
3 27
5 25
6 24
8 23
9 22
11 20
12 19
13 18
29 39
30 38
31 37
32 36
Structure 822
1 29
2 28
3 27
7 24
8 23
9 22
11 20
12 19
Structure 823
1 29
2 28
3 27
5 25
6 24
8 23
9 22
11 20
12 19
Structure 824
2 35
3 34
4 33
5 30
6 29
7 28
8 27
9 25
10 24
11 20
12 19
Structure 825
1 29
2 28
3 27
5 25
6 24
8 23
9 22
11 20
12 19
13 18
Structure 826
1 29
2 28
3 27
5 25
6 24
8 23
9 22
11 20
12 19
