1 7
2 5
3 7
4 8
5 11
6 4
7 6
8 17
9 25
10 2
11 13
12 2
13 3
14 4
15 12
16 6
17 3
18 29
19 4
20 11
21 7
22 7
23 16
24 5
25 4
26 3
27 9
28 7
29 9
30 4
31 7
32 6
33 12
34 6
35 8
36 4
37 14
38 5
39 4
40 10
41 5
42 4
43 13
44 14
45 6
46 11
47 4
48 14
49 9
50 8
51 6
52 6
53 6
54 14
55 19
56 4
57 3
58 12
59 5
60 15
61 4
62 25
63 5
64 4
65 16
66 7
67 10
68 10
69 14
70 7
71 6
72 16
73 8
74 4
75 20
76 6
77 19
78 12
79 29
80 30
81 4
82 14
83 7
84 11
85 9
86 11
87 30
88 3
89 6
90 4
91 5
92 8
93 11
94 5
95 25
96 13
97 4
98 10
99 12
100 13
101 11
102 9
103 4
104 6
105 5
106 10
107 6
108 13
109 5
110 7
111 12
112 3
113 9
114 4
115 8
116 15
117 12
118 12
119 8
120 13
121 8
122 8
123 26
124 3
125 7
126 9
127 28
128 17
129 3
130 7
131 9
132 22
133 3
134 7
135 11
136 7
137 10
138 43
139 11
140 8
141 8
142 25
143 4
144 5
145 6
146 7
147 9
148 13
149 8
150 11
151 7
152 13
153 8
154 10
155 13
156 10
157 3
158 4
159 6
160 13
161 3
162 4
163 8
164 7
165 5
166 5
167 4
168 26
169 10
170 6
171 10
172 12
173 26
174 10
175 14
176 14
177 14
178 11
179 3
180 13
181 13
182 26
183 7
184 12
185 6
186 15
187 14
188 8
189 12
190 10
191 8
192 25
193 11
194 14
195 3
196 6
197 10
198 27
199 5
200 30
201 14
202 6
203 4
204 12
205 26
206 12
207 12
208 8
209 9
210 11
211 4
212 15
213 8
214 6
215 11
216 4
217 14
218 16
219 7
220 4
221 7
222 12
223 8
224 6
225 3
226 9
227 5
228 15
229 5
230 7
231 5
232 18
233 11
234 5
235 28
236 9
237 10
238 4
239 7
240 12
241 13
242 3
243 1
244 6
245 7
246 4
247 13
248 6
249 4
250 9
251 12
252 6
253 4
254 10
255 8
256 8
257 7
258 10
259 9
260 10
261 5
262 11
263 30
264 11
265 8
266 7
267 5
268 12
269 9
270 8
271 6
272 8
273 28
274 11
275 9
276 7
277 10
278 16
279 9
280 4
281 5
282 11
283 13
284 10
285 7
286 4
287 7
288 3
289 21
290 7
291 10
292 3
293 5
294 11
295 22
296 4
297 8
298 3
299 4
300 10
301 11
302 3
303 7
304 4
305 3
306 3
307 6
308 17
309 6
310 6
311 4
312 9
313 11
314 10
315 7
316 4
317 7
318 9
319 13
320 7
321 3
322 6
323 15
324 32
325 10
326 11
327 23
328 12
329 11
330 11
331 54
332 9
333 10
334 27
335 4
336 10
337 4
338 14
339 10
340 10
341 7
342 6
343 6
344 12
345 7
346 4
347 18
348 7
349 10
350 6
351 19
352 7
353 7
354 5
355 3
356 22
357 4
358 4
359 9
360 12
361 9
362 3
363 5
364 5
365 4
366 4
367 4
368 12
369 6
370 6
371 14
372 12
373 11
374 4
375 10
376 29
377 4
378 7
379 6
380 2
381 9
382 8
383 4
384 3
385 4
386 14
387 11
388 9
389 9
390 3
391 7
392 15
393 12
394 7
395 6
396 7
397 21
398 13
399 5
400 11
401 3
402 11
403 4
404 3
405 4
406 10
407 10
408 3
409 11
410 16
411 10
412 7
413 27
414 3
415 28
416 13
417 3
418 6
419 8
420 7
421 5
422 8
423 4
424 3
425 4
426 26
427 4
428 17
429 9
430 6
431 4
432 8
433 4
434 7
435 3
436 4
437 17
438 3
439 30
440 8
441 25
442 5
443 15
444 25
445 13
446 4
447 17
448 13
449 5
450 4
451 4
452 2
453 4
454 4
455 12
456 5
457 7
458 12
459 6
460 9
461 17
462 14
463 13
464 27
465 6
466 6
467 6
468 7
469 11
470 7
471 9
472 6
473 11
474 4
475 10
476 3
477 7
478 13
479 10
480 9
481 10
482 27
483 9
484 8
485 4
486 3
487 4
488 9
489 5
490 8
491 11
492 8
493 3
494 4
495 6
496 13
497 10
498 28
499 6
500 10
501 5
502 13
503 15
504 14
505 13
506 13
507 11
508 7
509 9
510 15
511 11
512 4
513 13
514 7
515 12
516 10
517 8
518 13
519 5
520 4
521 12
522 9
523 9
524 7
525 6
526 8
527 3
528 4
529 8
530 10
531 7
532 9
533 6
534 3
535 28
536 17
537 12
538 10
539 6
540 19
541 3
542 4
543 7
544 6
545 15
546 10
547 18
548 22
549 10
550 20
551 8
552 18
553 3
554 5
555 26
556 3
557 11
558 8
559 3
560 6
561 12
562 10
563 6
564 4
565 28
566 4
567 8
568 11
569 26
570 5
571 4
572 7
573 3
574 8
575 12
576 13
577 8
578 8
579 5
580 4
581 6
582 9
583 15
584 6
585 5
586 14
587 10
588 5
589 9
590 15
591 6
592 6
593 6
594 25
595 24
596 14
597 33
598 15
599 12
600 6
601 19
602 10
603 28
604 9
605 12
606 8
607 14
608 28
609 3
610 12
611 11
612 12
613 4
614 27
615 28
616 11
617 10
618 6
619 9
620 14
621 7
622 8
623 8
624 7
625 10
626 5
627 8
628 10
629 8
630 9
631 2
632 10
633 4
634 8
635 7
636 12
637 6
638 11
639 26
640 14
641 6
642 17
643 10
644 12
645 15
646 7
647 4
648 10
649 27
650 30
651 4
652 12
653 11
654 6
655 7
656 5
657 3
658 8
659 12
660 4
661 4
662 11
663 4
664 7
665 7
666 9
667 4
668 10
669 8
670 4
671 11
672 3
673 7
674 7
675 8
676 3
677 11
678 4
679 15
680 1
681 12
682 10
683 3
684 4
685 28
686 24
687 6
688 14
689 13
690 5
691 10
692 4
693 10
694 9
695 7
696 21
697 4
698 5
699 7
700 7
701 7
702 25
703 7
704 9
705 27
706 21
707 3
708 5
709 7
710 14
711 4
712 7
713 6
714 12
715 6
716 3
717 10
718 7
719 2
720 8
721 13
722 5
723 8
724 12
725 8
726 15
727 4
728 46
729 7
730 5
731 5
732 3
733 10
734 25
735 8
736 8
737 25
738 5
739 28
740 10
741 5
742 5
743 4
744 25
745 9
746 7
747 15
748 20
749 37
750 9
751 8
752 27
753 9
754 6
755 5
756 9
757 7
758 7
759 11
760 5
761 3
762 26
763 27
764 10
765 5
766 19
767 6
768 14
769 26
770 28
771 3
772 15
773 6
774 3
775 13
776 7
777 30
778 9
779 11
780 5
781 45
782 4
783 11
784 5
785 6
786 3
787 4
788 14
789 5
790 13
791 7
792 3
793 3
794 9
795 5
796 7
797 16
798 18
799 3
800 5
801 10
802 12
803 5
804 4
805 11
806 6
807 11
808 3
809 4
810 3
811 7
812 25
813 26
814 12
815 4
816 4
817 8
818 11
819 15
820 9
821 27
822 28
823 10
824 4
825 14
826 10
827 8
828 4
829 15
830 6
831 18
832 27
833 29
834 11
835 10
836 9
837 12
838 10
839 28
840 14
841 7
842 11
843 4
844 7
845 6
846 7
847 17
848 28
849 4
850 7
851 9
852 7
853 6
854 3
855 5
856 10
857 5
858 13
859 10
860 9
861 4
862 11
863 4
864 10
865 6
866 6
867 20
868 27
869 14
870 10
871 3
872 3
873 4
874 5
875 6
876 9
877 17
878 12
879 10
880 27
881 9
882 10
883 10
884 8
885 8
886 12
887 8
888 12
889 4
890 14
891 10
892 14
893 5
894 27
895 17
896 12
897 4
898 11
899 6
900 4
901 6
902 5
903 6
904 3
905 13
906 12
907 7
908 15
909 7
910 26
911 12
912 4
913 5
914 10
915 4
916 4
917 11
918 3
919 11
920 5
921 8
922 7
923 27
924 7
925 9
926 4
927 4
928 4
929 19
930 6
931 15
932 7
933 22
934 5
935 3
936 4
937 5
938 3
939 5
940 3
941 8
942 26
943 7
944 11
945 4
946 3
947 23
948 30
949 14
950 18
951 10
952 3
953 0
