     1     -39.00
     2     -38.20
     3     -38.40
     4     -37.10
     5     -37.20
     6     -36.30
     7     -38.40
     8     -33.10
     9     -37.40
    10     -33.70
    11     -38.20
    12     -37.90
    13     -39.00
    14     -39.30
    15     -35.50
    16     -37.90
    17     -35.00
    18     -34.20
    19     -39.30
    20     -37.40
    21     -35.50
    22     -38.20
    23     -34.50
    24     -37.10
    25     -39.50
    26     -38.40
    27     -35.20
    28     -39.00
    29     -36.60
    30     -39.50
    31     -38.40
    32     -38.50
    33     -36.20
    34     -34.50
    35     -36.10
    36     -39.50
    37     -33.90
    38     -36.60
    39     -37.70
    40     -36.70
    41     -37.90
    42     -39.30
    43     -38.20
    44     -34.40
    45     -38.50
    46     -37.10
    47     -39.30
    48     -35.30
    49     -38.00
    50     -33.70
    51     -38.40
    52     -36.10
    53     -35.00
    54     -31.60
    55     -31.30
    56     -39.50
    57     -35.50
    58     -37.60
    59     -35.70
    60     -36.80
    61     -39.30
    62     -37.40
    63     -36.80
    64     -39.50
    65     -33.00
    66     -39.00
    67     -32.80
    68     -38.30
    69     -37.40
    70     -36.50
    71     -33.70
    72     -33.80
    73     -36.30
    74     -39.50
    75     -29.30
    76     -37.70
    77     -33.20
    78     -37.50
    79     -33.70
    80     -36.80
    81     -39.30
    82     -36.70
    83     -38.40
    84     -30.70
    85     -38.00
    86     -37.20
    87     -31.10
    88     -39.00
    89     -34.90
    90     -39.50
    91     -37.50
    92     -37.70
    93     -34.00
    94     -37.60
    95     -36.20
    96     -37.00
    97     -39.50
    98     -37.00
    99     -37.80
   100     -37.80
   101     -35.00
   102     -33.40
   103     -37.20
   104     -34.90
   105     -36.50
   106     -34.60
   107     -36.40
   108     -36.50
   109     -36.80
   110     -35.70
   111     -34.80
   112     -38.30
   113     -36.60
   114     -39.30
   115     -36.50
   116     -35.10
   117     -31.50
   118     -37.60
   119     -33.70
   120     -35.60
   121     -37.00
   122     -35.20
   123     -34.40
   124     -38.80
   125     -34.60
   126     -38.10
   127     -37.70
   128     -33.20
   129     -38.80
   130     -38.20
   131     -36.30
   132     -34.60
   133     -38.80
   134     -36.50
   135     -31.50
   136     -39.00
   137     -38.50
   138     -34.00
   139     -37.90
   140     -34.90
   141     -37.00
   142     -35.80
   143     -36.30
   144     -35.10
   145     -38.60
   146     -39.00
   147     -34.40
   148     -36.40
   149     -37.10
   150     -36.00
   151     -37.10
   152     -38.20
   153     -35.40
   154     -36.70
   155     -38.20
   156     -35.10
   157     -39.00
   158     -39.30
   159     -38.40
   160     -32.10
   161     -39.00
   162     -39.50
   163     -36.90
   164     -33.60
   165     -37.10
   166     -38.10
   167     -39.50
   168     -35.00
   169     -35.80
   170     -37.70
   171     -35.40
   172     -37.40
   173     -37.40
   174     -37.40
   175     -35.60
   176     -35.30
   177     -34.80
   178     -35.70
   179     -38.50
   180     -37.80
   181     -35.60
   182     -36.10
   183     -35.90
   184     -36.90
   185     -38.40
   186     -35.90
   187     -35.40
   188     -31.90
   189     -37.60
   190     -35.60
   191     -36.80
   192     -37.40
   193     -37.40
   194     -34.00
   195     -38.80
   196     -36.80
   197     -38.10
   198     -36.20
   199     -37.90
   200     -35.70
   201     -35.20
   202     -38.60
   203     -39.50
   204     -31.80
   205     -33.60
   206     -37.60
   207     -35.90
   208     -36.50
   209     -35.50
   210     -37.70
   211     -36.20
   212     -32.40
   213     -35.20
   214     -37.70
   215     -36.90
   216     -36.20
   217     -37.10
   218     -36.40
   219     -38.40
   220     -37.80
   221     -36.40
   222     -33.80
   223     -33.20
   224     -38.50
   225     -38.80
   226     -36.50
   227     -37.90
   228     -31.40
   229     -36.80
   230     -39.00
   231     -37.60
   232     -35.60
   233     -37.20
   234     -37.70
   235     -32.10
   236     -37.60
   237     -36.90
   238     -36.60
   239     -39.00
   240     -36.30
   241     -37.80
   242     -39.00
   243     -36.00
   244     -38.60
   245     -39.00
   246     -39.30
   247     -38.20
   248     -37.90
   249     -39.30
   250     -38.10
   251     -37.80
   252     -38.50
   253     -37.80
   254     -38.70
   255     -34.30
   256     -37.70
   257     -39.00
   258     -35.60
   259     -32.50
   260     -38.70
   261     -38.30
   262     -36.50
   263     -36.80
   264     -35.80
   265     -37.70
   266     -39.00
   267     -36.40
   268     -37.70
   269     -37.20
   270     -33.70
   271     -33.20
   272     -37.10
   273     -37.70
   274     -36.70
   275     -38.00
   276     -35.50
   277     -34.80
   278     -33.10
   279     -36.40
   280     -39.50
   281     -36.80
   282     -34.70
   283     -38.20
   284     -37.00
   285     -36.50
   286     -36.00
   287     -38.40
   288     -39.00
   289     -31.40
   290     -39.00
   291     -37.90
   292     -39.00
   293     -34.20
   294     -36.30
   295     -34.50
   296     -39.50
   297     -37.20
   298     -39.00
   299     -37.80
   300     -35.20
   301     -35.90
   302     -39.00
   303     -36.50
   304     -37.70
   305     -39.00
   306     -39.00
   307     -36.60
   308     -35.40
   309     -36.80
   310     -36.30
   311     -39.50
   312     -37.40
   313     -37.70
   314     -36.00
   315     -39.00
   316     -39.30
   317     -39.00
   318     -38.00
   319     -37.80
   320     -38.20
   321     -38.40
   322     -38.40
   323     -35.30
   324     -33.40
   325     -32.80
   326     -35.00
   327     -33.40
   328     -37.00
   329     -36.50
   330     -37.70
   331     -32.80
   332     -33.70
   333     -38.30
   334     -35.80
   335     -36.30
   336     -38.70
   337     -39.50
   338     -37.10
   339     -38.50
   340     -36.10
   341     -34.00
   342     -36.40
   343     -37.70
   344     -30.20
   345     -35.50
   346     -39.50
   347     -32.00
   348     -35.90
   349     -38.50
   350     -36.10
   351     -34.10
   352     -37.40
   353     -39.00
   354     -36.60
   355     -39.00
   356     -31.40
   357     -39.30
   358     -37.80
   359     -33.00
   360     -36.90
   361     -38.10
   362     -38.40
   363     -38.30
   364     -34.20
   365     -37.80
   366     -36.30
   367     -39.50
   368     -37.70
   369     -34.30
   370     -38.50
   371     -35.40
   372     -37.60
   373     -35.00
   374     -37.30
   375     -37.90
   376     -36.50
   377     -35.30
   378     -39.00
   379     -35.00
   380     -38.00
   381     -38.10
   382     -35.00
   383     -37.70
   384     -34.40
   385     -37.80
   386     -37.10
   387     -31.00
   388     -35.70
   389     -35.10
   390     -38.30
   391     -35.50
   392     -36.60
   393     -36.50
   394     -36.60
   395     -35.90
   396     -34.80
   397     -34.80
   398     -38.20
   399     -36.00
   400     -36.60
   401     -38.50
   402     -32.80
   403     -39.50
   404     -39.00
   405     -39.30
   406     -38.50
   407     -38.50
   408     -36.00
   409     -32.90
   410     -34.60
   411     -38.70
   412     -36.00
   413     -35.60
   414     -39.00
   415     -32.60
   416     -34.30
   417     -39.00
   418     -36.40
   419     -37.40
   420     -35.70
   421     -37.40
   422     -36.80
   423     -39.50
   424     -38.40
   425     -39.30
   426     -32.70
   427     -39.50
   428     -35.70
   429     -34.10
   430     -32.00
   431     -36.80
   432     -37.10
   433     -36.10
   434     -36.50
   435     -38.40
   436     -37.80
   437     -33.80
   438     -36.70
   439     -31.80
   440     -37.70
   441     -35.50
   442     -35.60
   443     -34.40
   444     -33.80
   445     -38.20
   446     -35.90
   447     -36.40
   448     -38.20
   449     -37.40
   450     -39.30
   451     -37.70
   452     -37.90
   453     -39.50
   454     -39.30
   455     -37.60
   456     -38.20
   457     -38.40
   458     -36.60
   459     -38.40
   460     -37.50
   461     -33.10
   462     -36.80
   463     -34.80
   464     -34.80
   465     -38.40
   466     -38.00
   467     -38.40
   468     -36.30
   469     -36.60
   470     -36.00
   471     -36.60
   472     -35.00
   473     -37.20
   474     -39.30
   475     -33.10
   476     -38.40
   477     -39.00
   478     -35.00
   479     -37.00
   480     -37.40
   481     -35.00
   482     -37.30
   483     -36.60
   484     -35.70
   485     -39.50
   486     -38.40
   487     -39.30
   488     -38.00
   489     -37.30
   490     -37.10
   491     -37.00
   492     -35.50
   493     -38.80
   494     -36.70
   495     -37.10
   496     -35.40
   497     -38.50
   498     -33.40
   499     -38.60
   500     -30.40
   501     -38.20
   502     -36.80
   503     -37.20
   504     -35.20
   505     -38.20
   506     -35.90
   507     -34.40
   508     -37.40
   509     -36.80
   510     -37.30
   511     -36.50
   512     -37.30
   513     -34.10
   514     -35.80
   515     -33.80
   516     -35.00
   517     -37.50
   518     -38.20
   519     -37.90
   520     -39.50
   521     -34.60
   522     -37.60
   523     -34.00
   524     -37.10
   525     -38.60
   526     -32.90
   527     -39.00
   528     -39.50
   529     -35.40
   530     -38.50
   531     -37.40
   532     -35.40
   533     -36.70
   534     -38.80
   535     -37.70
   536     -34.20
   537     -37.70
   538     -35.80
   539     -38.00
   540     -31.20
   541     -38.80
   542     -39.30
   543     -36.00
   544     -38.50
   545     -34.20
   546     -38.10
   547     -29.50
   548     -34.50
   549     -32.90
   550     -33.10
   551     -36.20
   552     -35.10
   553     -38.50
   554     -37.50
   555     -37.80
   556     -36.10
   557     -37.70
   558     -37.70
   559     -38.50
   560     -35.00
   561     -35.80
   562     -34.90
   563     -38.40
   564     -37.00
   565     -34.90
   566     -39.30
   567     -36.80
   568     -36.60
   569     -36.40
   570     -36.20
   571     -39.30
   572     -38.20
   573     -38.80
   574     -36.90
   575     -36.20
   576     -33.90
   577     -36.20
   578     -35.60
   579     -36.50
   580     -39.50
   581     -37.00
   582     -35.10
   583     -34.80
   584     -37.10
   585     -37.60
   586     -37.00
   587     -38.30
   588     -38.30
   589     -35.30
   590     -29.40
   591     -38.00
   592     -36.10
   593     -35.30
   594     -27.90
   595     -36.90
   596     -35.00
   597     -35.10
   598     -37.30
   599     -37.70
   600     -38.60
   601     -34.60
   602     -34.40
   603     -36.00
   604     -35.00
   605     -36.90
   606     -36.80
   607     -33.80
   608     -36.30
   609     -38.80
   610     -36.10
   611     -36.80
   612     -36.90
   613     -39.50
   614     -36.60
   615     -37.70
   616     -36.80
   617     -36.00
   618     -35.10
   619     -35.10
   620     -37.10
   621     -33.80
   622     -37.40
   623     -36.30
   624     -39.00
   625     -35.10
   626     -35.70
   627     -36.70
   628     -36.80
   629     -35.20
   630     -38.00
   631     -36.40
   632     -36.60
   633     -37.80
   634     -34.10
   635     -37.30
   636     -36.30
   637     -38.40
   638     -37.20
   639     -36.10
   640     -32.50
   641     -38.60
   642     -33.20
   643     -38.30
   644     -37.70
   645     -33.00
   646     -36.70
   647     -39.30
   648     -37.40
   649     -36.20
   650     -35.20
   651     -39.50
   652     -36.70
   653     -34.90
   654     -35.70
   655     -39.00
   656     -37.40
   657     -36.60
   658     -34.70
   659     -35.00
   660     -39.50
   661     -33.40
   662     -36.80
   663     -37.20
   664     -35.90
   665     -35.80
   666     -37.20
   667     -37.20
   668     -35.70
   669     -36.90
   670     -39.50
   671     -33.90
   672     -38.50
   673     -38.20
   674     -35.40
   675     -33.90
   676     -39.00
   677     -37.90
   678     -39.50
   679     -36.20
   680     -36.90
   681     -37.40
   682     -35.00
   683     -38.50
   684     -39.30
   685     -35.70
   686     -36.90
   687     -36.50
   688     -37.40
   689     -36.50
   690     -34.70
   691     -36.80
   692     -39.30
   693     -33.40
   694     -37.60
   695     -39.00
   696     -33.30
   697     -39.50
   698     -37.40
   699     -36.70
   700     -39.00
   701     -36.90
   702     -37.40
   703     -39.00
   704     -32.00
   705     -35.60
   706     -34.80
   707     -39.00
   708     -37.90
   709     -36.70
   710     -35.20
   711     -39.50
   712     -36.40
   713     -38.60
   714     -36.10
   715     -36.30
   716     -38.30
   717     -38.50
   718     -35.50
   719     -37.80
   720     -37.80
   721     -35.70
   722     -37.40
   723     -36.10
   724     -32.80
   725     -34.90
   726     -35.30
   727     -39.50
   728     -34.30
   729     -39.00
   730     -36.60
   731     -37.50
   732     -35.80
   733     -35.60
   734     -36.20
   735     -35.40
   736     -37.40
   737     -37.40
   738     -38.20
   739     -37.70
   740     -34.70
   741     -37.30
   742     -35.90
   743     -35.70
   744     -32.80
   745     -38.20
   746     -39.00
   747     -35.90
   748     -36.30
   749     -29.90
   750     -35.70
   751     -35.20
   752     -36.10
   753     -32.70
   754     -38.60
   755     -37.10
   756     -37.00
   757     -34.70
   758     -35.50
   759     -34.00
   760     -34.70
   761     -38.50
   762     -34.40
   763     -33.80
   764     -35.60
   765     -37.70
   766     -31.90
   767     -37.70
   768     -33.60
   769     -37.80
   770     -36.90
   771     -39.00
   772     -35.20
   773     -38.40
   774     -38.80
   775     -35.70
   776     -38.20
   777     -32.00
   778     -36.40
   779     -36.40
   780     -38.10
   781     -35.00
   782     -39.50
   783     -36.30
   784     -33.50
   785     -34.90
   786     -38.50
   787     -39.30
   788     -30.60
   789     -37.60
   790     -35.90
   791     -39.00
   792     -37.50
   793     -39.00
   794     -36.80
   795     -37.70
   796     -36.60
   797     -35.20
   798     -32.00
   799     -39.00
   800     -37.20
   801     -38.50
   802     -36.60
   803     -35.90
   804     -39.50
   805     -33.60
   806     -38.60
   807     -37.00
   808     -38.50
   809     -39.30
   810     -35.80
   811     -39.00
   812     -35.90
   813     -34.20
   814     -37.80
   815     -39.50
   816     -37.80
   817     -37.80
   818     -37.30
   819     -34.80
   820     -38.00
   821     -35.30
   822     -35.00
   823     -35.40
   824     -39.50
   825     -36.70
   826     -38.30
   827     -35.90
   828     -39.50
   829     -35.70
   830     -38.00
   831     -34.40
   832     -33.00
   833     -32.10
   834     -36.60
   835     -34.80
   836     -36.40
   837     -35.90
   838     -35.50
   839     -31.10
   840     -35.60
   841     -36.80
   842     -36.50
   843     -39.50
   844     -39.00
   845     -38.50
   846     -36.50
   847     -34.70
   848     -34.70
   849     -39.30
   850     -39.00
   851     -37.60
   852     -39.00
   853     -36.80
   854     -38.80
   855     -38.30
   856     -38.50
   857     -37.90
   858     -33.40
   859     -38.70
   860     -38.10
   861     -39.50
   862     -36.50
   863     -39.50
   864     -34.00
   865     -38.50
   866     -38.50
   867     -33.30
   868     -29.10
   869     -32.00
   870     -38.50
   871     -38.80
   872     -39.00
   873     -39.50
   874     -36.80
   875     -36.80
   876     -36.00
   877     -32.90
   878     -36.20
   879     -36.10
   880     -37.20
   881     -38.20
   882     -38.70
   883     -36.80
   884     -35.60
   885     -36.80
   886     -34.80
   887     -30.90
   888     -36.90
   889     -35.60
   890     -35.80
   891     -35.80
   892     -33.20
   893     -36.50
   894     -32.80
   895     -35.80
   896     -35.70
   897     -39.50
   898     -37.00
   899     -37.50
   900     -39.50
   901     -36.20
   902     -38.30
   903     -38.60
   904     -38.50
   905     -38.20
   906     -35.80
   907     -39.00
   908     -35.30
   909     -38.20
   910     -36.70
   911     -37.00
   912     -35.70
   913     -36.10
   914     -35.30
   915     -39.50
   916     -37.80
   917     -36.70
   918     -39.00
   919     -37.50
   920     -38.30
   921     -37.10
   922     -37.00
   923     -35.90
   924     -37.10
   925     -32.10
   926     -39.50
   927     -39.50
   928     -39.30
   929     -34.10
   930     -38.60
   931     -35.50
   932     -39.00
   933     -32.40
   934     -38.10
   935     -39.00
   936     -39.50
   937     -36.80
   938     -38.50
   939     -37.10
   940     -39.00
   941     -37.70
   942     -37.80
   943     -36.70
   944     -35.40
   945     -39.30
   946     -38.50
   947     -32.80
   948     -36.80
   949     -36.10
   950     -34.70
   951     -38.70
   952     -38.40
