1 29 582 780
2 26 2 780
2 28 732 780
2 35 1 780
2 42 11 780
3 25 3 780
3 27 732 780
3 34 1 780
3 41 11 780
4 25 1 780
4 33 1 780
5 25 315 780
5 27 5 780
5 41 1 780
6 24 214 780
6 26 7 780
7 24 558 780
7 42 2 780
8 23 766 780
8 41 2 780
9 21 4 780
9 22 759 780
11 20 779 780
12 19 775 780
13 18 513 780
23 40 1 780
23 42 1 780
24 39 2 780
25 38 3 780
25 42 1 780
26 36 1 780
26 37 2 780
26 39 1 780
26 41 1 780
27 35 3 780
27 38 2 780
27 40 1 780
27 42 29 780
28 34 3 780
28 36 2 780
28 41 30 780
29 33 1 780
29 39 142 780
30 38 255 780
30 42 6 780
31 37 252 780
32 36 218 780
32 41 19 780
33 40 17 780
34 42 7 780
35 41 7 780
