1 96 1 45
1 99 42 45
2 95 1 45
2 98 43 45
3 94 1 45
3 97 43 45
4 96 42 45
7 96 1 45
8 94 1 45
8 95 1 45
9 92 3 45
9 93 1 45
9 94 1 45
10 91 3 45
10 92 1 45
10 93 1 45
11 89 45 45
12 88 45 45
13 87 14 45
14 86 14 45
15 85 45 45
16 84 45 45
17 82 43 45
18 79 1 45
18 80 6 45
18 81 38 45
19 78 5 45
19 79 4 45
19 80 36 45
20 77 5 45
20 78 17 45
20 79 23 45
21 76 5 45
21 77 17 45
21 78 23 45
22 74 4 45
22 76 17 45
22 77 23 45
23 73 4 45
24 50 9 45
25 49 9 45
25 72 28 45
26 48 9 45
26 49 1 45
26 63 1 45
26 71 30 45
27 48 1 45
27 61 1 45
27 70 30 45
28 43 1 45
28 60 1 45
28 69 30 45
29 42 1 45
29 44 5 45
29 46 3 45
29 60 4 45
29 68 17 45
30 41 1 45
30 45 4 45
30 57 2 45
30 59 25 45
30 76 1 45
31 42 7 45
31 44 4 45
31 46 1 45
31 58 16 45
31 75 1 45
32 39 1 45
32 41 7 45
32 45 1 45
32 56 6 45
32 57 15 45
32 74 1 45
33 40 7 45
33 41 1 45
33 55 6 45
33 56 24 45
34 39 7 45
34 40 1 45
34 41 4 45
34 54 6 45
34 55 24 45
35 40 4 45
35 41 1 45
35 45 1 45
35 53 6 45
35 54 24 45
36 44 1 45
36 52 3 45
37 43 1 45
38 52 1 45
39 51 2 45
39 52 26 45
40 51 28 45
41 50 30 45
42 49 30 45
43 48 28 45
48 65 2 45
49 64 2 45
50 63 2 45
50 72 3 45
51 62 2 45
51 71 12 45
52 61 2 45
52 70 13 45
53 60 2 45
53 69 13 45
54 68 13 45
55 66 13 45
56 65 13 45
57 64 13 45
58 63 10 45
59 65 2 45
61 65 1 45
61 66 5 45
61 68 6 45
62 67 5 45
64 72 1 45
65 71 1 45
66 74 1 45
67 73 1 45
