Structure 1
7 42
8 41
12 36
13 35
16 32
17 31
18 30
19 28
20 27
21 26
Structure 2
7 42
8 41
12 36
13 35
16 32
17 31
18 30
19 28
20 27
Structure 3
7 42
8 41
9 39
12 36
13 35
14 34
16 32
17 31
18 30
19 28
20 27
Structure 4
7 42
8 41
12 36
13 35
14 34
16 32
17 31
18 30
19 28
20 27
Structure 5
1 9
2 8
3 7
12 36
13 35
14 34
16 32
17 31
18 30
19 28
20 27
21 26
Structure 6
7 42
8 41
11 38
12 36
13 35
14 34
16 32
17 31
18 30
19 28
20 27
Structure 7
7 42
8 41
11 38
12 36
13 35
14 34
16 32
17 31
18 30
19 28
20 27
21 26
Structure 8
7 42
8 41
12 36
13 35
16 32
17 31
18 30
19 28
20 27
Structure 9
7 42
8 41
12 36
13 35
16 32
17 31
18 30
19 28
20 27
Structure 10
2 42
3 41
7 35
8 34
9 33
11 31
12 30
13 29
16 28
Structure 11
7 42
8 41
12 36
13 35
14 34
16 32
17 31
18 30
19 28
20 27
21 26
Structure 12
4 37
5 36
7 35
8 34
9 33
12 30
13 29
15 27
17 26
18 25
Structure 13
5 41
6 40
12 36
13 35
14 34
16 32
17 31
18 30
19 28
20 27
Structure 14
7 42
8 41
12 36
13 35
14 34
16 32
17 31
18 30
19 28
20 27
Structure 15
2 42
3 41
12 36
13 35
14 34
16 32
17 31
18 30
19 28
20 27
Structure 16
7 42
8 41
12 36
13 35
16 32
17 31
18 30
19 28
20 27
21 26
Structure 17
2 42
3 41
12 36
13 35
16 32
17 31
18 30
19 28
20 27
21 26
Structure 18
4 37
5 36
6 35
7 31
8 30
10 29
11 28
12 27
13 26
14 25
15 23
Structure 19
7 42
8 41
12 36
13 35
14 34
16 32
17 31
18 30
19 28
20 27
Structure 20
7 42
8 41
12 36
13 35
14 34
16 32
17 31
18 30
19 28
20 27
21 26
Structure 21
7 42
8 41
12 36
13 35
16 32
17 31
18 30
19 28
20 27
21 26
Structure 22
7 42
8 41
12 36
13 35
16 32
17 31
18 30
19 28
20 27
21 26
Structure 23
7 42
8 41
12 36
13 35
14 34
16 32
17 31
18 30
19 28
20 27
21 26
Structure 24
7 42
8 41
12 36
13 35
14 34
16 32
17 31
18 30
19 28
20 27
21 26
Structure 25
7 42
8 41
12 36
13 35
14 34
16 32
17 31
18 30
19 28
20 27
21 26
Structure 26
7 42
8 41
12 36
13 35
16 32
17 31
18 30
19 28
20 27
Structure 27
2 42
3 41
12 36
13 35
14 34
16 32
17 31
18 30
19 28
20 27
Structure 28
7 42
8 41
12 36
13 35
14 34
16 32
17 31
18 30
19 28
20 27
21 26
Structure 29
12 36
13 35
14 34
16 32
17 31
18 30
19 28
20 27
21 26
Structure 30
7 42
8 41
12 36
13 35
14 34
16 32
17 31
18 30
19 28
20 27
Structure 31
7 42
8 41
11 38
12 36
13 35
14 34
16 32
17 31
18 30
19 28
20 27
21 26
Structure 32
7 42
8 41
11 38
12 36
13 35
14 34
16 32
17 31
18 30
19 28
20 27
21 26
Structure 33
7 42
8 41
11 38
12 36
13 35
16 32
17 31
18 30
19 28
20 27
Structure 34
7 42
8 41
12 36
13 35
14 34
16 32
17 31
20 30
21 29
Structure 35
7 42
8 41
11 38
12 36
13 35
14 34
16 32
17 31
18 30
19 28
20 27
21 26
Structure 36
7 42
8 41
11 38
12 36
13 35
14 34
16 32
17 31
18 30
19 28
20 27
Structure 37
7 42
8 41
11 38
12 36
13 35
14 34
16 32
17 31
18 30
19 28
20 27
Structure 38
7 42
8 41
12 36
13 35
14 34
16 32
17 31
18 30
19 28
20 27
21 26
Structure 39
7 42
8 41
12 36
13 35
14 34
16 32
17 31
18 30
19 28
20 27
Structure 40
2 42
3 41
7 35
8 34
9 33
12 30
13 29
19 28
20 27
21 26
Structure 41
7 42
8 41
11 38
12 36
13 35
14 34
16 32
17 31
18 30
19 28
20 27
21 26
Structure 42
7 42
8 41
11 38
12 36
13 35
14 34
16 32
17 31
18 30
19 28
20 27
Structure 43
7 42
8 41
12 36
13 35
16 32
17 31
18 30
19 28
20 27
21 26
Structure 44
7 42
8 41
12 36
13 35
14 34
16 32
17 31
18 30
19 28
20 27
Structure 45
7 42
8 41
11 38
12 36
13 35
14 34
16 32
17 31
18 30
19 28
20 27
Structure 46
7 42
8 41
12 36
13 35
14 34
16 32
17 31
18 30
19 28
20 27
21 26
Structure 47
7 42
8 41
12 36
13 35
16 32
17 31
18 30
19 28
20 27
21 26
Structure 48
7 42
8 41
11 38
12 36
13 35
14 34
16 32
17 31
18 30
19 28
20 27
Structure 49
7 42
8 41
12 36
13 35
16 32
17 31
18 30
19 28
20 27
Structure 50
7 42
8 41
12 36
13 35
16 32
17 31
18 30
19 28
20 27
Structure 51
7 42
8 41
12 36
13 35
16 32
17 31
18 30
19 28
20 27
21 26
Structure 52
2 42
3 41
4 37
5 36
7 35
8 34
9 33
11 31
12 30
13 29
19 28
20 27
Structure 53
7 42
8 41
12 36
13 35
16 32
17 31
18 30
19 28
20 27
21 26
Structure 54
2 42
3 41
4 37
5 36
9 30
10 29
11 28
12 27
13 26
14 25
15 23
Structure 55
7 42
8 41
12 36
13 35
14 34
16 32
17 31
18 30
19 28
20 27
21 26
Structure 56
7 42
8 41
12 36
13 35
14 34
16 32
17 31
18 30
19 28
20 27
21 26
Structure 57
7 42
8 41
12 36
13 35
16 32
17 31
18 30
19 28
20 27
21 26
Structure 58
7 42
8 41
12 36
13 35
14 34
16 32
17 31
18 30
19 28
20 27
21 26
Structure 59
7 42
8 41
9 39
12 36
13 35
14 34
16 32
17 31
18 30
19 28
20 27
Structure 60
7 42
8 41
12 36
13 35
16 32
17 31
18 30
19 28
20 27
Structure 61
7 42
8 41
12 36
13 35
14 34
16 32
17 31
18 30
19 28
20 27
Structure 62
7 42
8 41
11 38
12 36
13 35
14 34
16 32
17 31
18 30
19 28
20 27
Structure 63
7 42
12 36
13 35
16 32
17 31
18 30
19 28
20 27
21 26
Structure 64
7 32
9 30
10 29
11 28
12 27
13 26
14 25
15 23
Structure 65
2 42
3 41
12 36
13 35
14 34
16 32
17 31
18 30
19 28
20 27
21 26
Structure 66
7 42
8 41
12 36
13 35
14 34
16 32
17 31
18 30
19 28
20 27
21 26
Structure 67
7 42
8 41
12 36
13 35
14 34
16 32
17 31
18 30
19 28
20 27
21 26
Structure 68
7 42
8 41
12 36
13 35
14 34
16 32
17 31
18 30
19 28
20 27
21 26
Structure 69
5 41
6 40
12 36
13 35
14 34
16 32
17 31
18 30
19 28
20 27
21 26
Structure 70
7 42
8 41
12 36
13 35
14 34
16 32
17 31
18 30
19 28
20 27
Structure 71
2 42
3 41
7 35
8 34
9 33
11 31
12 30
13 29
19 28
20 27
21 26
Structure 72
7 42
8 41
12 36
13 35
14 34
16 32
17 31
18 30
19 28
20 27
21 26
Structure 73
7 42
8 41
9 39
12 36
13 35
14 34
16 32
17 31
18 30
19 28
20 27
21 26
Structure 74
7 42
8 41
12 36
13 35
14 34
16 32
17 31
18 30
19 28
20 27
21 26
Structure 75
7 42
8 41
12 36
13 35
14 34
16 32
19 28
20 27
Structure 76
7 42
8 41
12 36
13 35
14 34
16 32
17 31
18 30
19 28
20 27
Structure 77
7 42
8 41
12 36
13 35
16 32
17 31
18 30
19 28
20 27
21 26
Structure 78
7 42
8 41
12 36
13 35
16 32
17 31
18 30
19 28
20 27
21 26
Structure 79
7 42
8 41
12 36
13 35
14 34
16 32
17 31
18 30
19 28
20 27
21 26
Structure 80
7 42
8 41
11 38
12 36
13 35
14 34
16 32
17 31
18 30
19 28
20 27
Structure 81
7 42
8 41
11 38
12 36
13 35
14 34
16 32
17 31
18 30
19 28
20 27
21 26
Structure 82
7 42
8 41
12 36
13 35
14 34
16 32
17 31
18 30
19 28
20 27
21 26
Structure 83
7 42
8 41
9 39
12 36
13 35
14 34
16 32
17 31
18 30
19 28
20 27
Structure 84
7 42
8 41
11 38
12 36
13 35
14 34
16 32
17 31
18 30
19 28
20 27
21 26
Structure 85
7 42
8 41
12 36
13 35
14 34
16 32
17 31
18 30
19 28
20 27
Structure 86
7 42
8 41
12 36
13 35
14 34
16 32
17 31
18 30
19 28
20 27
Structure 87
1 9
2 8
16 32
17 31
18 30
19 28
20 27
Structure 88
2 42
3 41
12 36
13 35
16 32
17 31
18 30
19 28
20 27
21 26
Structure 89
7 42
8 41
12 36
13 35
16 32
17 31
18 30
19 28
20 27
21 26
Structure 90
5 41
6 40
12 36
13 35
14 34
16 32
17 31
18 30
19 28
20 27
21 26
Structure 91
7 42
8 41
12 36
13 35
16 32
17 31
18 30
19 28
20 27
21 26
Structure 92
2 42
3 41
12 36
13 35
14 34
16 32
17 31
18 30
19 28
20 27
21 26
Structure 93
2 42
3 41
12 36
13 35
14 34
16 32
17 31
18 30
19 28
20 27
Structure 94
7 42
8 41
11 38
12 36
13 35
16 32
17 31
18 30
19 28
20 27
Structure 95
7 42
8 41
12 36
13 35
16 32
17 31
18 30
19 28
20 27
21 26
Structure 96
7 42
8 41
12 36
13 35
14 34
16 32
17 31
18 30
19 28
20 27
Structure 97
7 42
8 41
12 36
13 35
16 32
17 31
18 30
19 28
20 27
Structure 98
7 42
8 41
12 36
13 35
16 32
17 31
18 30
19 28
20 27
21 26
Structure 99
7 42
8 41
12 36
13 35
14 34
16 32
17 31
18 30
19 28
20 27
21 26
Structure 100
7 42
8 41
12 36
13 35
14 34
16 32
17 31
18 30
19 28
20 27
Structure 101
7 42
8 41
12 36
13 35
14 34
16 32
17 31
18 30
19 28
20 27
21 26
Structure 102
2 42
3 41
7 35
8 34
9 33
11 31
12 30
13 29
18 27
19 26
20 25
Structure 103
7 42
8 41
12 36
13 35
14 34
16 32
17 31
18 30
19 28
20 27
21 26
Structure 104
7 42
8 41
12 36
13 35
14 34
16 32
17 31
18 30
19 28
20 27
Structure 105
7 42
8 41
12 36
13 35
16 32
17 31
18 30
19 28
20 27
21 26
Structure 106
7 42
8 41
12 36
13 35
14 34
16 32
17 31
18 30
19 28
20 27
21 26
Structure 107
7 42
8 41
11 38
12 36
13 35
16 32
17 31
18 30
19 28
20 27
21 26
Structure 108
7 42
8 41
12 36
13 35
14 34
16 32
17 31
18 30
19 29
20 27
Structure 109
7 42
8 41
12 36
13 35
16 32
17 31
18 30
19 28
20 27
21 26
Structure 110
7 42
8 41
12 36
13 35
14 34
16 32
17 31
18 30
19 28
20 27
21 26
Structure 111
7 42
8 41
11 38
12 36
13 35
14 34
16 32
17 31
18 30
19 28
20 27
21 26
Structure 112
7 42
8 41
12 36
13 35
16 32
17 31
18 30
19 28
20 27
21 26
Structure 113
7 42
8 41
12 36
13 35
14 34
16 32
17 31
18 30
19 28
20 27
21 26
Structure 114
5 41
11 28
12 27
13 26
14 25
15 23
30 38
31 37
32 36
Structure 115
7 42
8 41
12 36
13 35
14 34
16 32
17 31
18 30
19 28
20 27
21 26
Structure 116
7 42
8 41
12 36
13 35
16 32
17 31
18 30
19 28
20 27
Structure 117
7 42
8 41
12 36
13 35
14 34
16 32
17 31
18 30
19 28
20 27
21 26
Structure 118
7 42
8 41
12 36
13 35
14 34
16 32
17 31
18 30
19 28
20 27
21 26
Structure 119
7 42
8 41
12 36
13 35
14 34
16 32
17 31
18 30
19 28
20 27
21 26
Structure 120
7 42
8 41
12 36
13 35
16 32
17 31
18 30
19 28
20 27
21 26
Structure 121
7 42
8 41
12 36
13 35
14 34
16 32
17 31
18 30
19 28
20 27
Structure 122
7 42
8 41
12 36
13 35
14 34
16 32
17 31
18 30
19 28
20 27
Structure 123
7 42
8 41
12 36
13 35
14 34
16 32
17 31
18 30
19 28
20 27
Structure 124
7 42
8 41
12 36
13 35
14 34
16 32
17 31
18 30
19 28
20 27
21 26
Structure 125
7 42
8 41
12 36
13 35
16 32
17 31
18 30
19 28
20 27
Structure 126
7 42
8 41
12 36
13 35
14 34
16 32
17 31
18 30
19 28
20 27
Structure 127
7 42
8 41
12 36
13 35
14 34
16 32
17 31
18 30
19 28
20 27
Structure 128
7 42
8 41
12 36
13 35
14 34
16 32
17 31
18 30
19 28
20 27
Structure 129
2 42
3 41
12 36
13 35
14 34
16 32
17 31
18 30
19 28
20 27
21 26
Structure 130
7 42
8 41
12 36
13 35
14 34
16 32
17 31
18 30
19 28
20 27
Structure 131
2 42
3 41
7 35
8 34
9 33
10 29
11 28
12 27
13 26
14 25
Structure 132
7 42
8 41
12 36
13 35
14 34
16 32
17 31
18 30
19 28
20 27
Structure 133
7 42
8 41
11 38
12 36
13 35
16 32
17 31
18 30
19 28
20 27
21 26
Structure 134
5 41
6 40
12 36
13 35
14 34
16 32
17 31
18 30
19 28
20 27
21 26
Structure 135
2 12
3 11
4 10
14 37
15 36
16 32
17 31
18 30
19 28
20 27
21 26
Structure 136
4 37
5 36
6 35
7 31
8 30
10 29
11 28
12 27
13 26
15 25
16 24
Structure 137
7 42
8 41
12 36
13 35
14 34
16 32
17 31
18 30
19 28
20 27
Structure 138
7 42
8 41
12 36
13 35
16 32
17 31
18 30
19 28
20 27
21 26
Structure 139
7 42
8 41
12 36
13 35
14 34
16 32
17 31
18 30
19 28
20 27
Structure 140
2 42
3 41
7 35
8 34
9 33
10 29
11 28
12 27
13 26
14 25
Structure 141
2 42
3 41
4 37
5 36
6 35
9 30
10 29
11 28
12 27
13 26
14 25
15 23
Structure 142
2 35
3 34
4 33
7 31
8 30
10 29
11 28
12 27
13 26
14 25
Structure 143
2 42
3 41
7 38
11 35
12 34
16 32
17 31
18 30
19 29
20 27
21 26
Structure 144
7 42
8 41
12 36
13 35
16 32
17 31
18 30
19 29
20 27
21 26
Structure 145
2 42
3 41
4 37
5 36
6 35
7 32
9 30
10 29
11 28
12 27
13 26
14 25
15 23
Structure 146
7 42
8 41
12 36
13 35
16 32
17 31
18 30
19 28
20 27
21 26
Structure 147
7 42
8 41
12 36
13 35
16 32
17 31
18 30
19 28
20 27
21 26
Structure 148
7 42
8 41
12 36
13 35
14 34
16 32
17 31
18 30
19 28
20 27
21 26
Structure 149
7 42
8 41
12 36
13 35
16 32
17 31
18 30
19 28
20 27
21 26
Structure 150
2 35
3 34
4 33
7 32
9 30
10 29
11 28
12 27
13 26
14 25
15 23
Structure 151
4 37
5 36
6 35
8 34
9 33
10 29
11 28
12 27
13 26
14 25
15 23
Structure 152
2 42
3 41
4 37
5 36
7 35
8 34
9 33
11 31
12 30
13 29
19 28
20 27
21 26
Structure 153
7 42
8 41
12 36
13 35
16 32
17 31
18 30
19 28
20 27
21 26
Structure 154
7 42
8 41
12 36
13 35
16 32
17 31
18 30
19 28
20 27
Structure 155
7 42
8 41
11 38
12 36
13 35
14 34
16 32
17 31
18 30
19 28
20 27
21 26
Structure 156
7 42
8 41
12 36
13 35
16 32
17 31
18 30
19 28
20 27
21 26
Structure 157
7 42
8 41
12 36
13 35
16 32
17 31
18 30
19 28
20 27
Structure 158
7 42
8 41
11 38
12 36
13 35
16 32
17 31
18 30
19 28
20 27
Structure 159
7 42
8 41
11 28
12 27
13 26
14 25
15 23
29 39
30 38
31 37
32 36
Structure 160
8 34
9 33
12 30
13 29
19 28
20 27
21 26
Structure 161
7 42
8 41
12 36
13 35
16 32
17 31
18 30
19 28
20 27
Structure 162
7 42
8 41
12 36
13 35
16 32
17 31
18 30
19 28
20 27
21 26
Structure 163
7 42
8 41
9 39
12 36
13 35
14 34
16 32
17 31
18 30
19 28
20 27
Structure 164
7 42
8 41
12 36
13 35
16 32
17 31
18 30
19 28
20 27
21 26
Structure 165
7 35
8 34
9 33
10 29
11 28
12 27
13 26
14 25
15 23
Structure 166
7 42
8 41
11 38
12 36
13 35
14 34
16 32
17 31
18 30
19 28
20 27
21 26
Structure 167
7 42
8 41
12 36
13 35
14 34
16 32
17 31
18 30
19 28
20 27
Structure 168
7 42
8 41
12 36
13 35
14 34
16 32
17 31
18 30
19 28
20 27
21 26
Structure 169
7 42
8 41
12 36
13 35
14 34
16 32
17 31
18 30
19 28
20 27
21 26
Structure 170
7 42
8 41
11 38
12 36
13 35
16 32
17 31
18 30
19 28
20 27
Structure 171
7 42
8 41
12 36
13 35
16 32
17 31
18 30
19 28
20 27
Structure 172
7 42
8 41
11 38
12 36
13 35
14 34
16 32
17 31
18 30
19 28
20 27
21 26
Structure 173
7 42
8 41
12 36
13 35
16 32
17 31
18 30
19 28
20 27
21 26
Structure 174
7 42
8 41
12 36
13 35
16 32
17 31
18 30
19 28
20 27
