1 1
2 2
3 2
4 1
5 5
6 2
7 1
8 2
9 2
10 20
11 0
12 21
13 5
14 1
15 5
16 1
17 5
18 22
19 1
20 0
21 1
22 1
23 0
24 0
25 0
26 2
27 5
28 0
29 2
30 1
31 1
32 1
33 3
34 6
35 1
36 2
37 2
38 0
39 1
40 15
41 1
42 2
43 1
44 1
45 2
46 0
47 1
48 2
49 2
50 2
51 1
52 19
53 1
54 22
55 0
56 0
57 1
58 0
59 2
60 2
61 1
62 2
63 2
64 19
65 4
66 0
67 0
68 0
69 4
70 1
71 16
72 0
73 1
74 0
75 3
76 1
77 1
78 1
79 0
80 2
81 1
82 0
83 2
84 1
85 1
86 1
87 8
88 5
89 1
90 4
91 1
92 4
93 5
94 3
95 1
96 1
97 2
98 1
99 0
100 1
101 0
102 22
103 0
104 1
105 1
106 0
107 2
108 3
109 1
110 0
111 1
112 1
113 0
114 20
115 0
116 2
117 0
118 0
119 0
120 1
121 1
122 1
123 1
124 0
125 2
126 1
127 1
128 1
129 4
130 1
131 21
132 1
133 2
134 4
135 10
136 22
137 1
138 1
139 1
140 21
141 23
142 21
143 12
144 3
145 24
146 1
147 1
148 0
149 1
150 22
151 22
152 18
153 1
154 2
155 1
156 1
157 2
158 3
159 18
160 12
161 2
162 1
163 2
164 1
165 20
166 1
167 1
168 0
169 0
170 3
171 2
172 1
173 1
174 2
175 0
