     1      -3.90
     2      -5.50
     3      -5.00
     4      -2.20
     5      -1.60
     6      -4.70
     7      -4.10
     8      -6.30
     9      -6.30
    10      -6.70
    11      -6.70
    12      -6.70
    13      -4.70
    14      -4.90
    15      -6.70
    16      -6.70
    17      -6.40
    18      -5.40
    19      -5.00
    20      -5.00
    21      -6.70
    22      -6.40
    23      -5.60
    24      -4.30
    25      -5.50
    26      -6.70
    27      -4.80
    28      -5.80
    29      -1.90
    30      -6.70
    31      -5.20
    32      -4.30
    33      -6.70
    34      -6.00
    35      -6.70
    36      -6.70
    37      -6.40
    38      -6.70
    39      -6.70
    40      -6.40
    41      -6.70
    42      -4.40
    43      -6.00
    44      -6.40
    45      -6.70
    46      -6.70
    47      -5.80
    48      -4.30
    49      -6.30
    50      -5.60
    51      -6.30
    52      -4.30
    53      -6.70
    54      -5.60
    55      -4.90
    56      -3.70
    57      -6.70
    58      -4.70
    59      -4.80
    60      -5.50
    61      -6.00
    62      -4.40
    63      -3.70
    64      -4.30
    65      -6.00
    66      -6.30
    67      -6.70
    68      -6.00
    69      -4.80
    70      -6.00
    71      -6.40
    72      -6.70
    73      -4.90
    74      -6.30
    75      -5.60
    76      -6.70
    77      -4.90
    78      -2.40
    79      -6.70
    80      -2.40
    81      -6.40
    82      -4.80
    83      -5.50
    84      -5.10
    85      -6.70
    86      -6.70
    87      -6.30
    88      -5.20
    89      -6.00
    90      -6.40
    91      -4.00
    92      -6.70
    93      -6.30
    94      -4.70
    95      -5.80
    96      -6.70
    97      -5.80
    98      -6.30
    99      -6.70
   100      -6.70
   101      -6.70
   102      -4.80
   103      -3.50
   104      -3.00
   105      -6.70
   106      -0.20
   107      -6.70
   108      -6.30
   109      -6.70
   110      -6.30
   111      -6.00
   112      -6.70
   113      -3.20
   114      -5.50
   115      -6.30
   116      -3.00
   117      -6.70
   118      -6.70
   119      -6.40
   120      -5.50
   121      -3.30
   122      -5.50
   123      -6.70
   124      -6.70
   125      -0.80
   126      -4.80
   127      -6.30
   128      -5.80
   129      -6.00
   130      -6.70
   131      -5.80
   132      -6.70
   133       3.10
   134      -4.50
   135      -5.80
   136      -5.80
   137      -6.30
   138      -3.70
   139      -6.70
   140      -6.70
   141      -6.40
   142      -6.70
   143      -4.90
   144      -6.70
   145      -4.10
   146      -4.90
   147      -6.70
   148      -2.00
   149      -5.80
   150      -5.80
   151      -6.70
   152      -5.20
   153      -4.00
   154      -5.60
   155      -4.80
   156      -4.70
   157      -6.70
   158      -6.30
   159      -5.80
   160      -5.60
   161      -6.70
   162      -6.00
   163      -3.80
   164      -6.70
   165      -4.30
   166      -6.70
   167      -6.70
   168      -5.50
   169      -4.90
   170      -6.70
   171      -4.20
   172      -6.70
   173      -5.40
   174      -6.70
   175      -6.70
   176      -6.30
   177      -6.00
   178      -5.60
   179      -6.30
   180      -4.40
   181      -6.30
   182      -6.40
   183      -4.50
   184      -4.00
   185      -3.10
   186      -6.40
   187      -4.50
   188      -4.60
   189      -5.20
   190      -6.70
   191      -6.70
   192      -4.80
   193      -5.50
   194       0.50
   195      -4.80
   196      -6.40
   197      -5.60
   198      -6.40
   199      -5.50
   200      -6.70
   201      -4.30
   202      -6.30
   203      -6.70
   204      -6.70
   205      -6.30
   206      -6.70
   207      -6.70
   208      -6.70
   209      -6.40
   210      -6.70
   211      -5.40
   212      -4.50
   213      -6.70
   214      -5.50
   215      -6.30
   216      -6.30
   217      -6.40
   218      -1.40
   219      -6.00
   220      -6.70
