Structure        1      -8.20       0.18117E+00
    1 A     0     2    29     1
    2 G     1     3    28     2
    3 C     2     4    27     3
    4 U     3     5     0     4
    5 C     4     6     0     5
    6 A     5     7     0     6
    7 G     6     8    24     7
    8 C     7     9    23     8
    9 U     8    10    22     9
   10 A     9    11     0    10
   11 G    10    12    20    11
   12 C    11    13    19    12
   13 A    12    14    18    13
   14 U    13    15     0    14
   15 C    14    16     0    15
   16 G    15    17     0    16
   17 A    16    18     0    17
   18 U    17    19    13    18
   19 G    18    20    12    19
   20 C    19    21    11    20
   21 A    20    22     0    21
   22 A    21    23     9    22
   23 G    22    24     8    23
   24 U    23    25     7    24
   25 G    24    26     0    25
   26 U    25    27     0    26
   27 G    26    28     3    27
   28 C    27    29     2    28
   29 U    28    30     1    29
   30 G    29    31     0    30
   31 U    30    32     0    31
   32 C    31    33     0    32
   33 A    32    34     0    33
   34 G    33    35     0    34
   35 U    34    36     0    35
   36 G    35    37     0    36
   37 A    36    38     0    37
   38 C    37    39     0    38
   39 A    38    40     0    39
   40 U    39    41     0    40
   41 G    40    42     0    41
   42 C    41    43     0    42
Structure        2      -7.00       0.51035E-02
    1 A     0     2    29     1
    2 G     1     3    28     2
    3 C     2     4    27     3
    4 U     3     5     0     4
    5 C     4     6     0     5
    6 A     5     7     0     6
    7 G     6     8    24     7
    8 C     7     9    23     8
    9 U     8    10    22     9
   10 A     9    11     0    10
   11 G    10    12    20    11
   12 C    11    13    19    12
   13 A    12    14    18    13
   14 U    13    15     0    14
   15 C    14    16     0    15
   16 G    15    17     0    16
   17 A    16    18     0    17
   18 U    17    19    13    18
   19 G    18    20    12    19
   20 C    19    21    11    20
   21 A    20    22     0    21
   22 A    21    23     9    22
   23 G    22    24     8    23
   24 U    23    25     7    24
   25 G    24    26     0    25
   26 U    25    27     0    26
   27 G    26    28     3    27
   28 C    27    29     2    28
   29 U    28    30     1    29
   30 G    29    31    38    30
   31 U    30    32    37    31
   32 C    31    33     0    32
   33 A    32    34     0    33
   34 G    33    35     0    34
   35 U    34    36     0    35
   36 G    35    37     0    36
   37 A    36    38    31    37
   38 C    37    39    30    38
   39 A    38    40     0    39
   40 U    39    41     0    40
   41 G    40    42     0    41
   42 C    41    43     0    42
Structure        3      -5.90       0.36892E-02
    1 A     0     2     0     1
    2 G     1     3    28     2
    3 C     2     4    27     3
    4 U     3     5     0     4
    5 C     4     6    25     5
    6 A     5     7     0     6
    7 G     6     8    24     7
    8 C     7     9    23     8
    9 U     8    10    22     9
   10 A     9    11     0    10
   11 G    10    12    20    11
   12 C    11    13    19    12
   13 A    12    14     0    13
   14 U    13    15     0    14
   15 C    14    16     0    15
   16 G    15    17     0    16
   17 A    16    18     0    17
   18 U    17    19     0    18
   19 G    18    20    12    19
   20 C    19    21    11    20
   21 A    20    22     0    21
   22 A    21    23     9    22
   23 G    22    24     8    23
   24 U    23    25     7    24
   25 G    24    26     5    25
   26 U    25    27     0    26
   27 G    26    28     3    27
   28 C    27    29     2    28
   29 U    28    30    39    29
   30 G    29    31    38    30
   31 U    30    32    37    31
   32 C    31    33    36    32
   33 A    32    34     0    33
   34 G    33    35     0    34
   35 U    34    36     0    35
   36 G    35    37    32    36
   37 A    36    38    31    37
   38 C    37    39    30    38
   39 A    38    40    29    39
   40 U    39    41     0    40
   41 G    40    42     0    41
   42 C    41    43     0    42
Structure        4      -4.80       0.16391E-02
    1 A     0     2     0     1
    2 G     1     3    42     2
    3 C     2     4    41     3
    4 U     3     5     0     4
    5 C     4     6     0     5
    6 A     5     7     0     6
    7 G     6     8    35     7
    8 C     7     9    34     8
    9 U     8    10    33     9
   10 A     9    11     0    10
   11 G    10    12     0    11
   12 C    11    13    30    12
   13 A    12    14    29    13
   14 U    13    15     0    14
   15 C    14    16     0    15
   16 G    15    17     0    16
   17 A    16    18     0    17
   18 U    17    19     0    18
   19 G    18    20    28    19
   20 C    19    21    27    20
   21 A    20    22    26    21
   22 A    21    23     0    22
   23 G    22    24     0    23
   24 U    23    25     0    24
   25 G    24    26     0    25
   26 U    25    27    21    26
   27 G    26    28    20    27
   28 C    27    29    19    28
   29 U    28    30    13    29
   30 G    29    31    12    30
   31 U    30    32     0    31
   32 C    31    33     0    32
   33 A    32    34     9    33
   34 G    33    35     8    34
   35 U    34    36     7    35
   36 G    35    37     0    36
   37 A    36    38     0    37
   38 C    37    39     0    38
   39 A    38    40     0    39
   40 U    39    41     0    40
   41 G    40    42     3    41
   42 C    41    43     2    42
Structure        5      -3.50       0.12223E-03
    1 A     0     2     0     1
    2 G     1     3    42     2
    3 C     2     4    41     3
    4 U     3     5     0     4
    5 C     4     6     0     5
    6 A     5     7     0     6
    7 G     6     8    24     7
    8 C     7     9    23     8
    9 U     8    10    22     9
   10 A     9    11     0    10
   11 G    10    12    20    11
   12 C    11    13    19    12
   13 A    12    14     0    13
   14 U    13    15     0    14
   15 C    14    16     0    15
   16 G    15    17     0    16
   17 A    16    18     0    17
   18 U    17    19     0    18
   19 G    18    20    12    19
   20 C    19    21    11    20
   21 A    20    22     0    21
   22 A    21    23     9    22
   23 G    22    24     8    23
   24 U    23    25     7    24
   25 G    24    26     0    25
   26 U    25    27     0    26
   27 G    26    28     0    27
   28 C    27    29     0    28
   29 U    28    30     0    29
   30 G    29    31    38    30
   31 U    30    32    37    31
   32 C    31    33     0    32
   33 A    32    34     0    33
   34 G    33    35     0    34
   35 U    34    36     0    35
   36 G    35    37     0    36
   37 A    36    38    31    37
   38 C    37    39    30    38
   39 A    38    40     0    39
   40 U    39    41     0    40
   41 G    40    42     3    41
   42 C    41    43     2    42
Structure        6      -2.40       0.12609E-04
    1 A     0     2     0     1
    2 G     1     3     0     2
    3 C     2     4    25     3
    4 U     3     5     0     4
    5 C     4     6     0     5
    6 A     5     7     0     6
    7 G     6     8    24     7
    8 C     7     9    23     8
    9 U     8    10    22     9
   10 A     9    11     0    10
   11 G    10    12    20    11
   12 C    11    13    19    12
   13 A    12    14    18    13
   14 U    13    15     0    14
   15 C    14    16     0    15
   16 G    15    17     0    16
   17 A    16    18     0    17
   18 U    17    19    13    18
   19 G    18    20    12    19
   20 C    19    21    11    20
   21 A    20    22     0    21
   22 A    21    23     9    22
   23 G    22    24     8    23
   24 U    23    25     7    24
   25 G    24    26     3    25
   26 U    25    27     0    26
   27 G    26    28    42    27
   28 C    27    29    41    28
   29 U    28    30    39    29
   30 G    29    31    38    30
   31 U    30    32    37    31
   32 C    31    33     0    32
   33 A    32    34     0    33
   34 G    33    35     0    34
   35 U    34    36     0    35
   36 G    35    37     0    36
   37 A    36    38    31    37
   38 C    37    39    30    38
   39 A    38    40    29    39
   40 U    39    41     0    40
   41 G    40    42    28    41
   42 C    41    43    27    42
Structure        7      -1.40       0.65890E-05
    1 A     0     2     0     1
    2 G     1     3    42     2
    3 C     2     4    41     3
    4 U     3     5     0     4
    5 C     4     6     0     5
    6 A     5     7     0     6
    7 G     6     8    35     7
    8 C     7     9    34     8
    9 U     8    10    33     9
   10 A     9    11     0    10
   11 G    10    12     0    11
   12 C    11    13    30    12
   13 A    12    14    29    13
   14 U    13    15     0    14
   15 C    14    16     0    15
   16 G    15    17    28    16
   17 A    16    18    26    17
   18 U    17    19    25    18
   19 G    18    20    24    19
   20 C    19    21     0    20
   21 A    20    22     0    21
   22 A    21    23     0    22
   23 G    22    24     0    23
   24 U    23    25    19    24
   25 G    24    26    18    25
   26 U    25    27    17    26
   27 G    26    28     0    27
   28 C    27    29    16    28
   29 U    28    30    13    29
   30 G    29    31    12    30
   31 U    30    32     0    31
   32 C    31    33     0    32
   33 A    32    34     9    33
   34 G    33    35     8    34
   35 U    34    36     7    35
   36 G    35    37     0    36
   37 A    36    38     0    37
   38 C    37    39     0    38
   39 A    38    40     0    39
   40 U    39    41     0    40
   41 G    40    42     3    41
   42 C    41    43     2    42
Structure        8      -0.20       0.94025E-06
    1 A     0     2     0     1
    2 G     1     3    42     2
    3 C     2     4    41     3
    4 U     3     5     0     4
    5 C     4     6     0     5
    6 A     5     7     0     6
    7 G     6     8    35     7
    8 C     7     9    34     8
    9 U     8    10     0     9
   10 A     9    11     0    10
   11 G    10    12    31    11
   12 C    11    13    30    12
   13 A    12    14    29    13
   14 U    13    15     0    14
   15 C    14    16     0    15
   16 G    15    17     0    16
   17 A    16    18     0    17
   18 U    17    19    27    18
   19 G    18    20    26    19
   20 C    19    21    25    20
   21 A    20    22     0    21
   22 A    21    23     0    22
   23 G    22    24     0    23
   24 U    23    25     0    24
   25 G    24    26    20    25
   26 U    25    27    19    26
   27 G    26    28    18    27
   28 C    27    29     0    28
   29 U    28    30    13    29
   30 G    29    31    12    30
   31 U    30    32    11    31
   32 C    31    33     0    32
   33 A    32    34     0    33
   34 G    33    35     8    34
   35 U    34    36     7    35
   36 G    35    37     0    36
   37 A    36    38     0    37
   38 C    37    39     0    38
   39 A    38    40     0    39
   40 U    39    41     0    40
   41 G    40    42     3    41
   42 C    41    43     2    42
Structure        9       0.00       0.63660-313
    1 A     0     2     0     1
    2 G     1     3     0     2
    3 C     2     4     0     3
    4 U     3     5     0     4
    5 C     4     6     0     5
    6 A     5     7     0     6
    7 G     6     8     0     7
    8 C     7     9     0     8
    9 U     8    10     0     9
   10 A     9    11     0    10
   11 G    10    12     0    11
   12 C    11    13     0    12
   13 A    12    14     0    13
   14 U    13    15     0    14
   15 C    14    16     0    15
   16 G    15    17     0    16
   17 A    16    18     0    17
   18 U    17    19     0    18
   19 G    18    20     0    19
   20 C    19    21     0    20
   21 A    20    22     0    21
   22 A    21    23     0    22
   23 G    22    24     0    23
   24 U    23    25     0    24
   25 G    24    26     0    25
   26 U    25    27     0    26
   27 G    26    28     0    27
   28 C    27    29     0    28
   29 U    28    30     0    29
   30 G    29    31     0    30
   31 U    30    32     0    31
   32 C    31    33     0    32
   33 A    32    34     0    33
   34 G    33    35     0    34
   35 U    34    36     0    35
   36 G    35    37     0    36
   37 A    36    38     0    37
   38 C    37    39     0    38
   39 A    38    40     0    39
   40 U    39    41     0    40
   41 G    40    42     0    41
   42 C    41    43     0    42
Structure       10       3.10       0.19751E-08
    1 A     0     2    40     1
    2 G     1     3    38     2
    3 C     2     4     0     3
    4 U     3     5    37     4
    5 C     4     6    30     5
    6 A     5     7    29     6
    7 G     6     8    28     7
    8 C     7     9    27     8
    9 U     8    10     0     9
   10 A     9    11     0    10
   11 G    10    12    26    11
   12 C    11    13    25    12
   13 A    12    14    24    13
   14 U    13    15    23    14
   15 C    14    16     0    15
   16 G    15    17     0    16
   17 A    16    18     0    17
   18 U    17    19     0    18
   19 G    18    20     0    19
   20 C    19    21     0    20
   21 A    20    22     0    21
   22 A    21    23     0    22
   23 G    22    24    14    23
   24 U    23    25    13    24
   25 G    24    26    12    25
   26 U    25    27    11    26
   27 G    26    28     8    27
   28 C    27    29     7    28
   29 U    28    30     6    29
   30 G    29    31     5    30
   31 U    30    32     0    31
   32 C    31    33     0    32
   33 A    32    34     0    33
   34 G    33    35     0    34
   35 U    34    36     0    35
   36 G    35    37     0    36
   37 A    36    38     4    37
   38 C    37    39     2    38
   39 A    38    40     0    39
   40 U    39    41     1    40
   41 G    40    42     0    41
   42 C    41    43     0    42
