1 9
2 4
3 12
4 3
5 19
6 5
7 18
8 4
9 20
10 2
11 1
12 19
13 3
14 21
15 8
16 1
17 6
18 20
19 21
20 18
21 18
22 18
23 10
24 0
25 20
26 19
27 9
28 1
29 8
30 4
31 3
32 19
33 3
34 1
35 19
36 0
37 19
38 6
39 19
40 19
41 1
42 1
43 1
44 16
45 0
46 3
47 15
48 0
49 3
50 20
51 8
52 8
53 4
54 19
55 4
56 3
57 1
58 1
59 2
60 20
61 0
62 6
63 3
64 20
65 9
66 1
67 1
68 0
69 19
70 1
71 1
72 9
73 2
74 0
75 19
76 1
77 1
78 1
79 6
80 3
81 10
82 0
83 5
84 1
85 1
86 4
87 1
88 0
89 5
90 1
91 2
92 1
93 19
94 20
95 20
96 6
97 13
98 1
99 1
100 13
101 3
102 5
103 0
104 2
105 1
106 3
107 7
108 4
109 20
110 1
111 6
112 0
113 4
114 13
115 3
116 3
117 0
118 3
119 18
120 1
121 8
122 2
123 6
124 9
125 2
126 3
127 19
128 20
129 20
130 1
131 1
132 6
133 18
134 13
135 4
136 2
137 19
138 1
139 1
140 21
141 10
142 21
143 2
144 0
145 0
146 0
147 6
148 19
149 0
150 0
151 3
152 6
153 2
154 3
155 6
156 4
157 1
158 19
159 2
160 3
161 5
162 3
163 1
164 1
165 1
166 4
167 1
168 3
169 0
170 3
171 18
172 6
173 0
174 0
175 1
176 0
177 1
178 2
179 3
180 1
181 5
182 3
183 9
184 1
185 1
186 3
187 5
188 2
189 5
190 11
191 0
192 21
193 3
194 0
195 6
196 4
197 1
198 1
199 4
200 5
201 0
202 0
203 9
204 20
205 20
206 20
207 19
208 9
209 19
210 0
211 7
212 3
213 5
214 21
215 3
216 1
217 20
218 3
219 19
220 0
221 0
222 0
223 8
224 2
225 5
226 1
227 19
228 4
229 6
230 3
231 6
232 10
233 4
234 2
235 3
236 14
237 5
238 20
239 3
240 16
241 5
242 0
243 5
244 0
245 0
246 1
247 4
248 1
249 0
250 2
251 5
252 4
253 0
254 2
255 1
256 19
257 1
258 0
259 20
260 20
261 1
262 1
263 19
264 0
265 15
266 0
267 0
268 0
269 10
270 20
271 0
272 8
273 4
274 13
275 20
276 0
277 0
278 3
279 1
280 20
281 4
282 6
283 0
284 9
285 20
286 2
287 18
288 0
289 8
290 4
291 18
292 3
293 8
294 0
295 0
296 4
297 3
298 19
299 0
300 0
301 10
302 1
303 21
304 18
305 4
306 1
307 2
308 5
309 4
310 3
311 3
312 18
313 1
314 11
315 0
316 3
317 0
318 6
319 3
320 9
321 3
322 3
323 3
324 3
325 1
326 1
327 3
328 10
329 0
330 0
331 3
332 0
333 11
334 3
335 6
336 2
337 4
338 3
339 2
340 1
341 3
342 1
343 1
344 1
345 0
346 0
347 2
348 0
349 0
350 1
351 9
352 0
353 0
354 5
355 5
356 3
357 4
358 4
359 5
360 10
361 0
362 2
363 5
364 2
365 4
366 0
367 19
368 4
369 12
370 20
371 20
372 20
373 3
374 19
375 9
376 1
377 20
378 3
379 1
380 20
381 18
382 1
383 2
384 8
385 3
386 5
387 19
388 0
389 0
390 2
391 19
392 20
393 12
394 8
395 4
396 0
397 0
398 0
399 12
400 0
401 0
402 0
403 18
404 0
405 1
406 17
407 1
408 1
409 3
410 3
411 20
412 4
413 4
414 6
415 20
416 1
417 1
418 3
419 20
420 1
421 5
422 1
423 1
424 6
425 1
426 0
427 20
428 3
429 3
430 0
431 0
432 10
433 4
434 5
435 6
436 2
437 2
438 5
439 3
440 2
441 20
442 19
443 0
444 0
445 0
446 0
447 3
448 12
449 0
450 3
451 3
452 1
453 1
454 9
455 20
456 3
457 20
458 20
459 1
460 20
461 5
462 1
463 4
464 3
465 1
466 3
467 2
468 0
469 5
470 6
471 3
472 8
473 3
474 1
475 21
476 6
477 20
478 2
479 11
480 17
481 17
482 4
483 4
484 10
485 6
486 4
487 5
488 5
489 4
490 4
491 3
492 19
493 1
494 3
495 19
496 7
497 8
498 2
499 9
500 19
501 20
502 6
503 4
504 4
505 10
506 18
507 0
508 1
509 5
510 0
511 1
512 4
513 0
514 20
515 21
516 4
517 0
518 20
519 0
520 0
521 4
522 1
523 0
524 4
525 2
526 20
527 1
528 1
529 10
530 8
531 4
532 6
533 4
534 0
535 3
536 1
537 0
538 8
539 3
540 19
541 3
542 2
543 5
544 0
545 1
546 3
547 1
548 1
549 21
550 1
551 1
552 10
553 5
554 1
555 9
556 3
557 19
558 0
559 6
560 4
561 0
562 0
563 3
564 3
565 6
566 1
567 0
568 9
569 17
570 7
571 1
572 6
573 1
574 0
575 4
576 19
577 4
578 1
579 3
580 3
581 3
582 16
583 19
584 1
585 0
586 0
587 4
588 9
589 0
590 9
591 19
592 20
593 19
594 20
595 1
596 3
597 19
598 19
599 4
600 19
601 3
602 0
603 19
604 4
605 1
606 10
607 10
608 0
609 0
610 0
611 7
612 18
613 5
614 3
615 0
616 3
617 9
618 8
619 8
620 3
621 2
622 19
623 20
624 17
625 19
626 5
627 20
628 2
629 1
630 20
631 0
632 0
633 1
634 20
635 7
636 3
637 0
638 6
639 3
640 1
641 6
642 6
643 2
644 3
645 5
646 17
647 1
648 3
649 3
650 19
651 19
652 1
653 17
654 0
655 19
656 0
657 1
658 20
659 2
660 1
661 2
662 0
663 1
664 0
665 6
666 4
667 1
668 2
669 8
670 0
671 3
672 20
673 2
674 19
675 4
676 2
677 8
678 1
679 1
680 3
681 0
682 9
683 1
684 0
685 3
686 0
687 2
688 1
689 19
690 1
691 0
692 2
693 1
694 0
695 6
696 3
697 2
698 10
699 3
700 3
701 0
702 12
703 1
704 0
705 5
706 1
707 1
708 3
709 13
710 3
711 4
712 2
713 4
714 20
715 4
716 9
717 3
718 9
719 3
720 21
721 6
722 1
723 11
724 19
725 5
726 8
727 4
728 9
729 0
730 5
731 4
732 2
733 3
734 3
735 20
736 3
737 18
738 3
739 20
740 0
741 1
742 2
743 0
744 5
745 18
746 0
747 1
748 9
749 0
750 4
751 5
752 4
753 2
754 20
755 6
756 3
757 3
758 4
759 5
760 3
761 13
762 1
763 20
764 1
765 0
766 2
767 5
768 6
769 10
770 20
771 18
772 20
773 20
774 13
775 0
776 3
777 0
778 19
779 0
780 19
781 19
782 19
783 0
784 5
785 20
786 18
787 7
788 0
789 0
790 19
791 5
792 4
793 0
794 3
795 0
796 19
797 10
798 1
799 19
800 4
801 14
802 4
803 0
804 20
805 1
806 0
807 19
808 19
809 3
810 11
811 2
812 19
813 20
814 4
815 6
816 4
817 5
818 2
819 5
820 20
821 13
822 0
823 0
824 0
825 3
826 20
827 3
828 4
829 10
830 0
831 20
832 4
833 19
834 1
835 6
836 0
837 6
838 0
839 2
840 5
841 4
842 0
843 3
844 1
845 2
846 6
847 1
848 3
849 19
850 3
851 1
852 3
853 3
854 19
855 2
856 0
857 4
858 4
859 3
860 19
861 1
862 13
863 21
864 3
865 19
866 1
867 0
868 3
869 3
870 2
871 0
872 8
873 4
874 20
875 3
876 0
877 2
878 19
879 22
880 3
881 5
882 19
883 3
884 19
885 3
886 4
887 0
888 5
889 20
890 1
891 1
892 19
893 20
894 3
895 2
896 20
897 2
898 0
899 22
900 19
901 1
902 3
903 3
904 5
905 2
906 18
907 3
908 4
909 10
910 21
911 5
912 5
913 2
914 3
915 2
916 0
917 0
918 3
919 3
920 4
921 19
922 0
923 2
924 18
925 3
926 0
927 0
928 0
929 0
930 1
931 1
932 19
933 0
934 4
935 1
936 20
937 1
938 3
939 0
940 4
941 0
942 1
943 16
944 0
945 1
946 2
947 6
948 18
949 19
950 4
951 20
952 19
953 2
954 3
955 9
956 17
957 12
958 1
959 2
960 2
961 3
962 1
963 4
964 3
965 3
966 18
967 4
968 0
969 3
970 1
971 0
972 2
973 21
974 2
975 19
976 3
977 0
978 6
979 4
980 0
981 3
982 9
983 5
984 20
985 1
986 20
987 5
988 11
989 1
990 8
991 1
992 19
993 4
994 16
995 18
996 21
997 3
998 19
999 18
1000 4
1001 0
