    0   0.04200000
    1   0.07200000
    2   0.12400000
    3   0.19500000
    4   0.25600000
    5   0.36000000
    6   0.44400000
    7   0.52500000
    8   0.60800000
    9   0.67500000
   10   0.72800000
   11   0.78100000
   12   0.81900000
   13   0.86100000
   14   0.89300000
   15   0.91700000
   16   0.93700000
   17   0.94900000
   18   0.95900000
   19   0.97000000
   20   0.97900000
   21   0.98300000
   22   0.99100000
   23   0.99100000
   24   0.99400000
   25   0.99500000
   26   0.99500000
   27   0.99600000
   28   0.99800000
   29   0.99800000
   30   0.99800000
   31   0.99900000
   32   1.00000000
   33   1.00000000
   34   1.00000000
   35   1.00000000
   36   1.00000000
   37   1.00000000
   38   1.00000000
   39   1.00000000
   40   1.00000000
   41   1.00000000
   42   1.00000000
   43   1.00000000
   44   1.00000000
   45   1.00000000
   46   1.00000000
   47   1.00000000
   48   1.00000000
   49   1.00000000
   50   1.00000000
   51   1.00000000
   52   1.00000000
   53   1.00000000
   54   1.00000000
   55   1.00000000
   56   1.00000000
   57   1.00000000
   58   1.00000000
   59   1.00000000
   60   1.00000000
   61   1.00000000
   62   1.00000000
   63   1.00000000
   64   1.00000000
   65   1.00000000
   66   1.00000000
   67   1.00000000
   68   1.00000000
   69   1.00000000
   70   1.00000000
   71   1.00000000
   72   1.00000000
   73   1.00000000
   74   1.00000000
   75   1.00000000
   76   1.00000000
   77   1.00000000
   78   1.00000000
   79   1.00000000
   80   1.00000000
   81   1.00000000
   82   1.00000000
   83   1.00000000
   84   1.00000000
   85   1.00000000
   86   1.00000000
   87   1.00000000
   88   1.00000000
   89   1.00000000
   90   1.00000000
   91   1.00000000
   92   1.00000000
   93   1.00000000
   94   1.00000000
   95   1.00000000
   96   1.00000000
   97   1.00000000
   98   1.00000000
   99   1.00000000
  100   1.00000000
