   1     -37.90
   2     -36.20
   3     -36.90
   4     -38.20
   5     -34.70
   6     -31.10
   7     -38.20
   8     -38.80
   9     -35.20
  10     -35.70
  11     -37.70
  12     -37.20
  13     -38.60
  14     -38.50
  15     -37.20
  16     -37.90
  17     -36.80
  18     -37.60
  19     -34.30
  20     -38.40
  21     -38.70
  22     -34.20
  23     -34.70
  24     -37.00
  25     -36.50
  26     -39.50
  27     -39.00
  28     -38.00
  29     -37.20
  30     -38.00
  31     -36.80
  32     -39.00
  33     -27.40
  34     -35.70
  35     -36.60
  36     -36.00
  37     -32.40
  38     -39.00
  39     -37.50
  40     -35.10
  41     -37.10
  42     -32.50
  43     -37.40
  44     -34.10
  45     -35.60
  46     -34.70
  47     -39.30
  48     -37.20
  49     -35.20
  50     -36.50
  51     -37.00
  52     -36.90
  53     -34.50
  54     -36.70
  55     -37.70
  56     -37.20
  57     -38.50
  58     -35.80
  59     -37.20
  60     -35.70
  61     -37.00
  62     -35.50
  63     -38.50
  64     -38.10
  65     -37.30
  66     -35.10
  67     -37.60
  68     -38.20
  69     -37.30
  70     -36.80
  71     -35.10
  72     -37.20
  73     -37.60
  74     -37.90
  75     -35.40
  76     -35.30
  77     -38.40
  78     -35.20
  79     -36.30
  80     -35.50
  81     -31.70
  82     -36.00
  83     -34.40
  84     -36.00
  85     -39.30
  86     -39.50
  87     -37.40
  88     -39.50
  89     -38.20
  90     -34.50
  91     -36.60
  92     -34.60
  93     -37.80
  94     -38.20
  95     -37.70
  96     -39.50
  97     -38.70
  98     -36.90
  99     -35.80
 100     -36.50
 101     -36.60
 102     -38.30
 103     -38.40
 104     -35.60
 105     -35.40
 106     -39.00
 107     -35.00
 108     -38.60
 109     -35.30
 110     -38.50
 111     -38.20
 112     -33.50
 113     -36.20
 114     -39.00
 115     -36.30
 116     -36.50
 117     -36.90
 118     -35.00
 119     -38.70
 120     -36.50
 121     -36.70
 122     -37.10
 123     -37.20
 124     -35.30
 125     -38.30
 126     -37.50
 127     -35.50
 128     -33.40
 129     -36.80
 130     -37.80
 131     -39.00
 132     -37.90
 133     -32.30
 134     -38.10
 135     -36.90
 136     -38.80
 137     -32.30
 138     -38.50
 139     -39.50
 140     -38.40
 141     -36.00
 142     -27.20
 143     -38.60
 144     -39.00
 145     -37.80
 146     -35.10
 147     -36.20
 148     -37.60
 149     -38.30
 150     -37.10
 151     -34.80
 152     -37.00
 153     -37.40
 154     -39.30
 155     -35.50
 156     -38.50
 157     -37.70
 158     -38.80
 159     -37.30
 160     -35.10
 161     -38.80
 162     -35.50
 163     -38.30
 164     -36.60
 165     -36.40
 166     -35.90
 167     -39.00
 168     -33.80
 169     -36.10
 170     -35.80
 171     -33.50
 172     -37.80
 173     -34.40
 174     -33.80
 175     -36.30
 176     -36.90
 177     -37.40
 178     -37.40
 179     -37.40
 180     -37.80
 181     -37.80
 182     -36.90
 183     -36.20
 184     -37.40
 185     -38.50
 186     -34.20
 187     -34.30
 188     -37.60
 189     -37.40
 190     -37.80
 191     -39.50
 192     -32.30
 193     -39.50
 194     -37.40
 195     -37.80
 196     -34.50
 197     -37.70
 198     -36.50
 199     -36.30
 200     -32.50
 201     -39.30
 202     -34.00
 203     -35.20
 204     -37.70
 205     -37.00
 206     -31.80
 207     -37.50
 208     -36.40
 209     -36.40
 210     -34.80
 211     -30.20
 212     -36.80
 213     -34.70
 214     -37.60
 215     -36.80
 216     -37.60
 217     -37.80
 218     -36.30
 219     -33.50
 220     -36.50
 221     -32.50
 222     -33.80
 223     -37.20
 224     -37.90
 225     -38.00
 226     -32.00
 227     -38.70
 228     -33.00
 229     -33.80
 230     -33.10
 231     -37.90
 232     -35.70
 233     -36.90
 234     -36.80
 235     -36.30
 236     -37.00
 237     -35.70
 238     -34.60
 239     -37.20
 240     -35.70
 241     -35.20
 242     -39.50
 243     -39.30
 244     -35.90
 245     -37.60
 246     -38.30
 247     -34.90
 248     -33.60
 249     -35.60
 250     -38.80
 251     -33.90
 252     -37.30
 253     -36.30
 254     -34.30
 255     -32.20
 256     -36.00
 257     -33.40
 258     -34.80
 259     -37.50
 260     -36.60
 261     -34.90
 262     -37.60
 263     -37.00
 264     -39.00
 265     -38.00
 266     -35.30
 267     -34.60
 268     -39.00
 269     -38.30
 270     -37.60
 271     -37.60
 272     -39.50
 273     -33.10
 274     -38.60
 275     -34.80
 276     -38.70
 277     -37.50
 278     -36.90
 279     -38.50
 280     -37.70
 281     -36.90
 282     -37.60
 283     -38.20
 284     -34.40
 285     -32.90
 286     -33.30
 287     -35.70
 288     -30.90
 289     -33.20
 290     -34.30
 291     -37.70
 292     -35.50
 293     -38.50
 294     -35.30
 295     -36.70
 296     -35.20
 297     -36.60
 298     -37.80
 299     -34.60
 300     -29.10
 301     -37.10
 302     -36.60
 303     -31.20
 304     -36.90
 305     -38.40
 306     -37.90
 307     -34.30
 308     -39.30
 309     -38.30
 310     -37.10
 311     -38.80
 312     -33.50
 313     -34.20
 314     -38.10
 315     -39.50
 316     -37.90
 317     -37.50
 318     -37.20
 319     -39.50
 320     -36.30
 321     -36.30
 322     -37.20
 323     -39.50
 324     -35.70
 325     -39.00
 326     -33.10
 327     -34.60
 328     -38.10
 329     -37.60
 330     -37.40
 331     -32.70
 332     -39.30
 333     -39.30
 334     -37.90
 335     -36.10
 336     -34.70
 337     -36.00
 338     -37.40
 339     -37.30
 340     -36.10
 341     -34.30
 342     -36.90
 343     -37.00
 344     -36.70
 345     -35.70
 346     -38.50
 347     -38.40
 348     -38.50
 349     -35.70
 350     -37.80
 351     -38.50
 352     -37.00
 353     -32.00
 354     -39.00
 355     -37.30
 356     -38.20
 357     -33.60
 358     -37.10
 359     -37.00
 360     -37.90
 361     -32.00
 362     -36.10
 363     -38.60
 364     -37.90
 365     -35.40
 366     -39.50
 367     -35.20
 368     -36.00
 369     -34.20
 370     -36.60
 371     -35.80
 372     -38.00
 373     -36.10
 374     -36.90
 375     -36.10
 376     -36.60
 377     -35.10
 378     -36.50
 379     -33.90
 380     -36.10
 381     -39.00
 382     -38.50
 383     -34.80
 384     -32.90
 385     -37.70
 386     -39.50
 387     -37.50
 388     -39.30
 389     -32.60
 390     -36.00
 391     -34.10
 392     -36.80
 393     -34.20
 394     -38.80
 395     -36.80
 396     -38.30
 397     -39.00
 398     -38.30
 399     -37.80
 400     -33.50
 401     -38.10
 402     -34.50
 403     -35.50
 404     -35.60
 405     -34.10
 406     -39.50
 407     -37.00
 408     -38.80
 409     -38.40
 410     -34.10
 411     -36.80
 412     -39.00
 413     -37.40
 414     -37.00
 415     -39.00
 416     -32.80
 417     -34.50
 418     -37.40
 419     -36.60
 420     -33.00
 421     -39.50
 422     -37.20
 423     -34.20
 424     -36.80
 425     -36.70
 426     -30.40
 427     -37.80
 428     -38.30
 429     -36.30
 430     -39.50
 431     -35.20
 432     -39.50
 433     -38.60
 434     -38.70
 435     -35.50
 436     -36.80
 437     -33.30
 438     -37.60
 439     -34.20
 440     -37.50
 441     -38.20
 442     -36.00
 443     -39.00
 444     -37.40
 445     -33.00
 446     -35.40
 447     -38.70
 448     -36.20
 449     -35.20
 450     -39.00
 451     -33.50
 452     -36.60
 453     -34.20
 454     -37.50
 455     -36.70
 456     -34.30
 457     -38.40
 458     -37.10
 459     -34.80
 460     -33.80
 461     -37.80
 462     -35.00
 463     -38.30
 464     -36.90
 465     -36.70
 466     -36.30
 467     -35.60
 468     -36.60
 469     -36.10
 470     -36.80
 471     -37.70
 472     -39.00
 473     -37.60
 474     -31.40
 475     -36.60
 476     -38.30
 477     -39.50
 478     -36.20
 479     -34.00
 480     -39.50
 481     -39.50
 482     -39.30
 483     -38.30
 484     -35.80
 485     -36.90
 486     -31.20
 487     -37.40
 488     -37.40
 489     -36.70
 490     -34.30
 491     -38.60
 492     -38.40
 493     -38.50
 494     -37.90
 495     -36.90
 496     -37.70
 497     -35.40
 498     -39.00
 499     -37.20
 500     -38.30
 501     -36.70
 502     -38.50
 503     -35.50
 504     -37.30
 505     -39.00
 506     -36.10
 507     -33.40
 508     -39.50
 509     -38.80
 510     -33.70
 511     -31.60
 512     -39.00
 513     -39.00
 514     -37.80
 515     -34.70
 516     -36.80
 517     -36.10
 518     -36.90
 519     -37.50
 520     -38.10
 521     -36.10
 522     -37.80
 523     -34.90
 524     -37.70
 525     -36.40
 526     -39.30
 527     -38.50
 528     -37.90
 529     -37.70
 530     -35.50
 531     -37.60
 532     -37.30
 533     -37.60
 534     -36.60
 535     -39.50
 536     -39.50
 537     -34.90
 538     -37.40
 539     -33.80
 540     -36.60
 541     -34.90
 542     -38.20
 543     -37.40
 544     -36.00
 545     -37.80
 546     -36.60
 547     -37.80
 548     -39.00
 549     -32.00
 550     -33.70
 551     -31.90
 552     -37.60
 553     -37.50
 554     -36.80
 555     -34.70
 556     -39.30
 557     -38.10
 558     -39.30
 559     -37.80
 560     -36.80
 561     -35.30
 562     -37.10
 563     -37.70
 564     -36.60
 565     -33.20
 566     -34.80
 567     -39.30
 568     -30.90
 569     -36.70
 570     -37.30
 571     -35.70
 572     -37.60
 573     -34.40
 574     -39.30
 575     -38.40
 576     -36.60
 577     -37.80
 578     -37.70
 579     -38.10
 580     -34.40
 581     -35.60
 582     -34.10
 583     -36.40
 584     -28.80
 585     -36.40
 586     -37.90
 587     -36.60
 588     -35.70
 589     -35.00
 590     -37.90
 591     -39.50
 592     -33.80
 593     -36.10
 594     -37.20
 595     -37.70
 596     -38.30
 597     -35.50
 598     -36.60
 599     -34.30
 600     -37.40
 601     -38.40
 602     -39.50
 603     -37.30
 604     -28.50
 605     -39.30
 606     -35.60
 607     -35.30
 608     -35.70
 609     -39.50
 610     -39.00
 611     -38.60
 612     -35.60
 613     -36.70
 614     -32.40
 615     -34.90
 616     -35.00
 617     -34.30
 618     -34.00
 619     -35.90
 620     -36.80
 621     -35.50
 622     -32.40
 623     -34.40
 624     -35.20
 625     -36.50
 626     -33.60
 627     -35.70
 628     -39.50
 629     -39.00
 630     -34.90
 631     -37.00
 632     -35.80
 633     -37.30
 634     -36.60
 635     -38.00
 636     -39.50
 637     -35.90
 638     -34.40
 639     -34.50
 640     -36.70
 641     -33.80
 642     -37.00
 643     -36.70
 644     -37.40
 645     -38.70
 646     -35.60
 647     -37.80
 648     -32.90
 649     -35.00
 650     -32.00
 651     -39.50
 652     -37.10
 653     -37.50
 654     -36.60
 655     -36.60
 656     -35.90
 657     -34.90
 658     -35.60
 659     -35.20
 660     -35.50
 661     -37.40
 662     -37.20
 663     -36.80
 664     -38.40
 665     -36.90
 666     -37.60
 667     -36.70
 668     -36.60
 669     -37.70
 670     -36.40
 671     -35.60
 672     -37.80
 673     -35.40
 674     -38.50
 675     -35.00
 676     -36.30
 677     -37.40
 678     -31.80
 679     -37.70
 680     -34.70
 681     -39.00
 682     -33.90
 683     -36.00
 684     -36.10
 685     -36.40
 686     -37.50
 687     -36.30
 688     -36.30
 689     -36.80
 690     -38.40
 691     -36.50
 692     -36.10
 693     -39.00
 694     -34.80
 695     -34.90
 696     -38.20
 697     -36.70
 698     -32.80
 699     -36.40
 700     -34.40
 701     -36.20
 702     -38.00
 703     -36.80
 704     -33.10
 705     -38.30
 706     -35.40
 707     -34.70
 708     -35.40
 709     -37.90
 710     -39.50
 711     -35.90
 712     -35.20
 713     -39.00
 714     -34.70
 715     -36.00
 716     -36.40
 717     -34.40
 718     -36.60
 719     -37.20
 720     -37.70
 721     -34.50
 722     -38.60
 723     -37.70
 724     -39.00
 725     -36.20
 726     -36.20
 727     -33.70
 728     -38.40
 729     -37.40
 730     -32.70
 731     -35.40
 732     -37.00
 733     -37.10
 734     -37.70
 735     -39.30
 736     -35.70
 737     -37.70
 738     -36.80
 739     -34.00
 740     -38.40
 741     -38.50
 742     -36.60
 743     -34.60
 744     -35.00
 745     -37.70
 746     -34.50
 747     -37.50
 748     -36.10
 749     -39.30
 750     -38.10
 751     -33.60
 752     -39.50
 753     -33.20
 754     -34.50
 755     -38.30
 756     -37.90
 757     -39.30
 758     -37.70
 759     -37.20
 760     -37.80
 761     -38.70
 762     -31.00
 763     -34.40
 764     -38.80
 765     -38.60
 766     -36.10
 767     -38.70
 768     -37.70
 769     -33.40
 770     -39.30
 771     -30.00
 772     -37.80
 773     -36.70
 774     -38.60
 775     -38.70
 776     -36.70
 777     -39.50
 778     -35.00
 779     -38.20
 780     -34.50
 781     -38.30
 782     -37.40
 783     -36.20
 784     -39.00
 785     -38.40
 786     -36.80
 787     -39.30
 788     -39.30
 789     -35.60
 790     -39.30
 791     -36.30
 792     -37.40
 793     -36.50
 794     -36.00
 795     -39.00
 796     -37.70
 797     -39.30
 798     -38.20
 799     -37.90
 800     -36.70
 801     -39.50
 802     -35.00
 803     -36.50
 804     -37.20
 805     -37.90
 806     -39.00
 807     -37.10
 808     -38.00
 809     -38.50
 810     -36.60
 811     -38.30
 812     -35.50
 813     -37.70
 814     -37.20
 815     -39.00
 816     -34.80
 817     -35.10
 818     -39.30
 819     -35.40
 820     -39.00
 821     -36.90
 822     -37.20
 823     -37.80
 824     -39.30
 825     -35.90
 826     -39.50
 827     -35.80
 828     -35.60
 829     -33.40
 830     -37.50
 831     -38.70
 832     -38.00
 833     -39.30
 834     -37.40
 835     -37.30
 836     -36.20
 837     -37.80
 838     -36.80
 839     -36.30
 840     -39.50
 841     -34.10
 842     -36.70
 843     -38.30
 844     -36.20
 845     -34.30
 846     -34.10
 847     -36.60
 848     -33.80
 849     -37.50
 850     -35.20
 851     -36.60
 852     -37.90
 853     -38.40
 854     -33.70
 855     -34.10
 856     -36.80
 857     -36.50
 858     -34.90
 859     -31.80
 860     -37.00
 861     -38.40
 862     -39.00
 863     -35.80
 864     -39.30
 865     -37.30
 866     -35.40
 867     -36.50
 868     -35.70
 869     -35.50
 870     -35.60
 871     -38.20
 872     -38.20
 873     -34.50
 874     -38.50
 875     -37.40
 876     -34.40
 877     -39.00
 878     -35.70
 879     -37.80
 880     -38.40
 881     -31.30
 882     -36.80
 883     -35.20
 884     -35.90
 885     -37.70
 886     -36.90
 887     -38.20
 888     -38.70
 889     -36.30
 890     -37.50
 891     -34.60
 892     -36.40
 893     -31.30
 894     -37.40
 895     -37.30
 896     -38.30
 897     -37.70
 898     -32.00
 899     -33.30
 900     -36.90
 901     -35.80
 902     -37.00
 903     -35.40
 904     -31.60
 905     -37.30
 906     -36.60
 907     -37.80
 908     -33.70
 909     -33.70
 910     -35.90
 911     -36.80
 912     -33.70
 913     -38.40
 914     -35.50
 915     -38.20
 916     -33.80
 917     -36.40
 918     -33.40
 919     -33.20
 920     -38.30
 921     -37.70
 922     -34.60
 923     -35.90
 924     -36.00
 925     -36.30
 926     -36.30
 927     -37.70
 928     -35.40
 929     -38.20
 930     -38.80
 931     -32.70
 932     -31.00
 933     -34.60
 934     -37.20
 935     -39.00
 936     -38.00
 937     -36.00
 938     -35.30
 939     -32.10
 940     -38.70
 941     -38.40
 942     -37.00
 943     -36.00
 944     -36.80
 945     -39.50
 946     -38.40
 947     -38.80
 948     -38.40
 949     -39.50
 950     -31.70
 951     -35.50
 952     -36.60
 953     -37.20
 954     -36.10
 955     -33.30
 956     -36.90
 957     -37.70
 958     -36.40
 959     -31.70
 960     -37.90
 961     -39.50
 962     -37.40
 963     -38.50
 964     -36.40
 965     -35.90
 966     -34.00
 967     -39.50
 968     -39.00
 969     -37.80
 970     -39.50
 971     -31.90
 972     -36.60
 973     -36.40
 974     -38.60
 975     -38.60
 976     -35.90
 977     -36.50
 978     -30.30
 979     -35.70
 980     -36.00
 981     -39.30
 982     -39.50
 983     -36.30
 984     -37.10
 985     -30.90
 986     -37.80
 987     -39.00
 988     -38.30
 989     -34.50
 990     -37.10
 991     -36.90
 992     -34.80
 993     -39.30
 994     -36.50
 995     -36.30
 996     -35.20
 997     -38.00
 998     -37.90
 999     -35.00
1000     -36.40
