 Ensemble free energy (based on initial energies):-RT ln(U)=  -40.223354239364745     
 (U is the partition function for the sequence, see Ding and Lawrence 2003)
   1     -36.70      -1.20
   2     -35.00      -1.20
   3     -35.80      -1.10
   4     -37.00      -1.20
   5     -33.40      -1.30
   6     -30.30      -0.80
   7     -37.00      -1.20
   8     -37.60      -1.20
   9     -34.00      -1.20
  10     -34.50      -1.20
  11     -36.80      -0.90
  12     -36.40      -0.80
  13     -37.50      -1.10
  14     -37.30      -1.20
  15     -36.30      -0.90
  16     -36.70      -1.20
  17     -35.90      -0.90
  18     -36.50      -1.10
  19     -32.90      -1.40
  20     -37.20      -1.20
  21     -37.50      -1.20
  22     -33.40      -0.80
  23     -34.00      -0.70
  24     -36.20      -0.80
  25     -35.40      -1.10
  26     -38.30      -1.20
  27     -37.80      -1.20
  28     -36.80      -1.20
  29     -36.00      -1.20
  30     -36.80      -1.20
  31     -35.60      -1.20
  32     -37.80      -1.20
  33     -27.30      -0.10
  34     -34.90      -0.80
  35     -34.90      -1.70
  36     -34.70      -1.30
  37     -31.30      -1.10
  38     -37.80      -1.20
  39     -36.30      -1.20
  40     -34.00      -1.10
  41     -35.80      -1.30
  42     -31.80      -0.70
  43     -36.20      -1.20
  44     -32.90      -1.20
  45     -34.80      -0.80
  46     -33.00      -1.70
  47     -38.10      -1.20
  48     -36.10      -1.10
  49     -34.00      -1.20
  50     -35.80      -0.70
  51     -35.80      -1.20
  52     -35.80      -1.10
  53     -33.60      -0.90
  54     -35.50      -1.20
  55     -36.50      -1.20
  56     -35.50      -1.70
  57     -37.30      -1.20
  58     -35.00      -0.80
  59     -36.10      -1.10
  60     -34.60      -1.10
  61     -35.60      -1.40
  62     -34.20      -1.30
  63     -37.30      -1.20
  64     -36.90      -1.20
  65     -36.10      -1.20
  66     -33.90      -1.20
  67     -36.40      -1.20
  68     -37.00      -1.20
  69     -36.10      -1.20
  70     -35.60      -1.20
  71     -33.90      -1.20
  72     -36.40      -0.80
  73     -36.40      -1.20
  74     -36.70      -1.20
  75     -34.30      -1.10
  76     -34.00      -1.30
  77     -37.30      -1.10
  78     -34.00      -1.20
  79     -35.10      -1.20
  80     -34.70      -0.80
  81     -30.50      -1.20
  82     -35.10      -0.90
  83     -33.50      -0.90
  84     -35.00      -1.00
  85     -38.10      -1.20
  86     -38.30      -1.20
  87     -36.20      -1.20
  88     -38.30      -1.20
  89     -37.00      -1.20
  90     -33.40      -1.10
  91     -35.80      -0.80
  92     -33.40      -1.20
  93     -35.10      -2.70
  94     -37.00      -1.20
  95     -36.50      -1.20
  96     -38.30      -1.20
  97     -37.50      -1.20
  98     -36.10      -0.80
  99     -34.90      -0.90
 100     -35.30      -1.20
 101     -35.50      -1.10
 102     -37.10      -1.20
 103     -37.30      -1.10
 104     -34.40      -1.20
 105     -34.30      -1.10
 106     -37.80      -1.20
 107     -33.60      -1.40
 108     -37.50      -1.10
 109     -33.70      -1.60
 110     -37.30      -1.20
 111     -37.00      -1.20
 112     -32.20      -1.30
 113     -35.40      -0.80
 114     -37.80      -1.20
 115     -35.10      -1.20
 116     -35.40      -1.10
 117     -36.10      -0.80
 118     -33.80      -1.20
 119     -37.50      -1.20
 120     -35.70      -0.80
 121     -35.50      -1.20
 122     -35.80      -1.30
 123     -36.40      -0.80
 124     -34.50      -0.80
 125     -37.10      -1.20
 126     -36.60      -0.90
 127     -34.30      -1.20
 128     -32.20      -1.20
 129     -35.60      -1.20
 130     -36.70      -1.10
 131     -37.80      -1.20
 132     -36.70      -1.20
 133     -31.10      -1.20
 134     -37.00      -1.10
 135     -35.80      -1.10
 136     -37.60      -1.20
 137     -31.10      -1.20
 138     -37.30      -1.20
 139     -38.30      -1.20
 140     -37.20      -1.20
 141     -34.80      -1.20
 142     -26.20      -1.00
 143     -37.50      -1.10
 144     -37.80      -1.20
 145     -36.60      -1.20
 146     -33.90      -1.20
 147     -34.70      -1.50
 148     -36.40      -1.20
 149     -37.10      -1.20
 150     -35.80      -1.30
 151     -34.00      -0.80
 152     -35.80      -1.20
 153     -36.30      -1.10
 154     -38.10      -1.20
 155     -34.30      -1.20
 156     -37.30      -1.20
 157     -36.50      -1.20
 158     -37.60      -1.20
 159     -36.40      -0.90
 160     -33.90      -1.20
 161     -37.60      -1.20
 162     -34.60      -0.90
 163     -37.10      -1.20
 164     -35.40      -1.20
 165     -35.20      -1.20
 166     -34.60      -1.30
 167     -37.80      -1.20
 168     -32.90      -0.90
 169     -33.40      -2.70
 170     -34.60      -1.20
 171     -32.00      -1.50
 172     -36.60      -1.20
 173     -33.60      -0.80
 174     -32.20      -1.60
 175     -35.40      -0.90
 176     -36.10      -0.80
 177     -36.20      -1.20
 178     -36.20      -1.20
 179     -36.20      -1.20
 180     -36.10      -1.70
 181     -36.60      -1.20
 182     -35.70      -1.20
 183     -34.80      -1.40
 184     -36.20      -1.20
 185     -37.30      -1.20
 186     -33.00      -1.20
 187     -33.10      -1.20
 188     -36.50      -1.10
 189     -36.20      -1.20
 190     -36.60      -1.20
 191     -38.30      -1.20
 192     -31.60      -0.70
 193     -38.30      -1.20
 194     -36.20      -1.20
 195     -36.60      -1.20
 196     -33.40      -1.10
 197     -36.50      -1.20
 198     -35.30      -1.20
 199     -35.10      -1.20
 200     -31.40      -1.10
 201     -38.10      -1.20
 202     -32.90      -1.10
 203     -34.00      -1.20
 204     -36.50      -1.20
 205     -35.80      -1.20
 206     -31.00      -0.80
 207     -36.30      -1.20
 208     -35.20      -1.20
 209     -35.30      -1.10
 210     -33.70      -1.10
 211     -28.90      -1.30
 212     -35.60      -1.20
 213     -33.50      -1.20
 214     -36.50      -1.10
 215     -35.60      -1.20
 216     -36.40      -1.20
 217     -36.60      -1.20
 218     -34.90      -1.40
 219     -32.40      -1.10
 220     -35.30      -1.20
 221     -31.60      -0.90
 222     -32.70      -1.10
 223     -36.10      -1.10
 224     -36.70      -1.20
 225     -36.80      -1.20
 226     -30.70      -1.30
 227     -37.50      -1.20
 228     -32.20      -0.80
 229     -32.60      -1.20
 230     -31.90      -1.20
 231     -36.70      -1.20
 232     -34.50      -1.20
 233     -35.80      -1.10
 234     -35.60      -1.20
 235     -35.50      -0.80
 236     -35.80      -1.20
 237     -34.50      -1.20
 238     -33.70      -0.90
 239     -36.30      -0.90
 240     -34.60      -1.10
 241     -34.10      -1.10
 242     -38.30      -1.20
 243     -38.10      -1.20
 244     -34.80      -1.10
 245     -36.40      -1.20
 246     -37.10      -1.20
 247     -34.10      -0.80
 248     -32.80      -0.80
 249     -34.50      -1.10
 250     -37.60      -1.20
 251     -33.10      -0.80
 252     -36.50      -0.80
 253     -34.90      -1.40
 254     -33.20      -1.10
 255     -31.00      -1.20
 256     -34.70      -1.30
 257     -32.40      -1.00
 258     -33.60      -1.20
 259     -36.30      -1.20
 260     -35.70      -0.90
 261     -33.80      -1.10
 262     -36.30      -1.30
 263     -35.90      -1.10
 264     -37.80      -1.20
 265     -36.80      -1.20
 266     -34.10      -1.20
 267     -33.40      -1.20
 268     -37.80      -1.20
 269     -37.10      -1.20
 270     -36.50      -1.10
 271     -36.40      -1.20
 272     -38.30      -1.20
 273     -32.30      -0.80
 274     -37.50      -1.10
 275     -33.70      -1.10
 276     -37.50      -1.20
 277     -36.70      -0.80
 278     -36.10      -0.80
 279     -37.30      -1.20
 280     -36.50      -1.20
 281     -35.70      -1.20
 282     -36.40      -1.20
 283     -37.00      -1.20
 284     -33.10      -1.30
 285     -31.70      -1.20
 286     -32.00      -1.30
 287     -34.50      -1.20
 288     -30.00      -0.90
 289     -32.00      -1.20
 290     -33.20      -1.10
 291     -36.90      -0.80
 292     -34.40      -1.10
 293     -37.30      -1.20
 294     -34.10      -1.20
 295     -35.30      -1.40
 296     -34.00      -1.20
 297     -35.40      -1.20
 298     -36.70      -1.10
 299     -33.80      -0.80
 300     -27.60      -1.50
 301     -35.70      -1.40
 302     -35.40      -1.20
 303     -30.90      -0.30
 304     -35.60      -1.30
 305     -37.20      -1.20
 306     -36.70      -1.20
 307     -33.20      -1.10
 308     -38.10      -1.20
 309     -37.10      -1.20
 310     -35.90      -1.20
 311     -37.60      -1.20
 312     -32.80      -0.70
 313     -33.30      -0.90
 314     -37.00      -1.10
 315     -38.30      -1.20
 316     -36.70      -1.20
 317     -36.30      -1.20
 318     -36.10      -1.10
 319     -38.30      -1.20
 320     -35.60      -0.70
 321     -35.50      -0.80
 322     -36.40      -0.80
 323     -38.30      -1.20
 324     -34.90      -0.80
 325     -37.80      -1.20
 326     -32.00      -1.10
 327     -33.40      -1.20
 328     -37.00      -1.10
 329     -36.50      -1.10
 330     -36.30      -1.10
 331     -31.80      -0.90
 332     -38.10      -1.20
 333     -38.10      -1.20
 334     -36.70      -1.20
 335     -35.00      -1.10
 336     -33.60      -1.10
 337     -34.80      -1.20
 338     -36.20      -1.20
 339     -36.50      -0.80
 340     -35.30      -0.80
 341     -33.10      -1.20
 342     -36.10      -0.80
 343     -35.80      -1.20
 344     -35.50      -1.20
 345     -34.50      -1.20
 346     -37.30      -1.20
 347     -37.30      -1.10
 348     -37.30      -1.20
 349     -34.80      -0.90
 350     -36.60      -1.20
 351     -37.30      -1.20
 352     -35.60      -1.40
 353     -30.90      -1.10
 354     -37.80      -1.20
 355     -35.90      -1.40
 356     -37.00      -1.20
 357     -32.80      -0.80
 358     -35.90      -1.20
 359     -35.80      -1.20
 360     -36.70      -1.20
 361     -30.80      -1.20
 362     -35.00      -1.10
 363     -37.50      -1.10
 364     -36.70      -1.20
 365     -34.20      -1.20
 366     -38.30      -1.20
 367     -34.30      -0.90
 368     -35.20      -0.80
 369     -33.10      -1.10
 370     -35.20      -1.40
 371     -35.00      -0.80
 372     -36.80      -1.20
 373     -35.00      -1.10
 374     -35.50      -1.40
 375     -34.90      -1.20
 376     -35.40      -1.20
 377     -33.90      -1.20
 378     -35.10      -1.40
 379     -32.20      -1.70
 380     -35.20      -0.90
 381     -37.80      -1.20
 382     -37.30      -1.20
 383     -33.60      -1.20
 384     -31.70      -1.20
 385     -36.50      -1.20
 386     -38.30      -1.20
 387     -36.40      -1.10
 388     -38.10      -1.20
 389     -31.80      -0.80
 390     -34.80      -1.20
 391     -33.30      -0.80
 392     -35.60      -1.20
 393     -33.00      -1.20
 394     -37.60      -1.20
 395     -35.60      -1.20
 396     -37.10      -1.20
 397     -37.80      -1.20
 398     -37.10      -1.20
 399     -36.60      -1.20
 400     -32.20      -1.30
 401     -36.90      -1.20
 402     -33.40      -1.10
 403     -34.40      -1.10
 404     -34.20      -1.40
 405     -33.40      -0.70
 406     -38.30      -1.20
 407     -35.80      -1.20
 408     -37.60      -1.20
 409     -37.20      -1.20
 410     -33.20      -0.90
 411     -35.40      -1.40
 412     -37.80      -1.20
 413     -36.30      -1.10
 414     -35.80      -1.20
 415     -37.80      -1.20
 416     -31.30      -1.50
 417     -33.30      -1.20
 418     -36.20      -1.20
 419     -35.80      -0.80
 420     -31.80      -1.20
 421     -38.30      -1.20
 422     -36.40      -0.80
 423     -33.00      -1.20
 424     -35.60      -1.20
 425     -35.50      -1.20
 426     -29.30      -1.10
 427     -36.10      -1.70
 428     -37.10      -1.20
 429     -35.40      -0.90
 430     -38.30      -1.20
 431     -34.00      -1.20
 432     -38.30      -1.20
 433     -37.50      -1.10
 434     -37.50      -1.20
 435     -34.30      -1.20
 436     -36.00      -0.80
 437     -32.60      -0.70
 438     -36.40      -1.20
 439     -33.00      -1.20
 440     -36.70      -0.80
 441     -37.00      -1.20
 442     -34.80      -1.20
 443     -37.80      -1.20
 444     -36.30      -1.10
 445     -31.80      -1.20
 446     -34.60      -0.80
 447     -37.50      -1.20
 448     -35.10      -1.10
 449     -34.00      -1.20
 450     -37.80      -1.20
 451     -32.30      -1.20
 452     -35.40      -1.20
 453     -33.40      -0.80
 454     -36.30      -1.20
 455     -35.50      -1.20
 456     -33.10      -1.20
 457     -37.30      -1.10
 458     -35.90      -1.20
 459     -34.10      -0.70
 460     -32.70      -1.10
 461     -36.60      -1.20
 462     -33.80      -1.20
 463     -37.10      -1.20
 464     -35.80      -1.10
 465     -35.00      -1.70
 466     -35.10      -1.20
 467     -34.20      -1.40
 468     -35.80      -0.80
 469     -35.20      -0.90
 470     -35.60      -1.20
 471     -36.50      -1.20
 472     -37.80      -1.20
 473     -36.40      -1.20
 474     -30.30      -1.10
 475     -35.40      -1.20
 476     -37.10      -1.20
 477     -38.30      -1.20
 478     -35.50      -0.70
 479     -32.80      -1.20
 480     -38.30      -1.20
 481     -38.30      -1.20
 482     -38.10      -1.20
 483     -37.10      -1.20
 484     -34.60      -1.20
 485     -35.70      -1.20
 486     -30.50      -0.70
 487     -36.20      -1.20
 488     -36.20      -1.20
 489     -35.50      -1.20
 490     -33.30      -1.00
 491     -37.50      -1.10
 492     -37.30      -1.10
 493     -37.30      -1.20
 494     -36.70      -1.20
 495     -35.80      -1.10
 496     -36.50      -1.20
 497     -34.60      -0.80
 498     -37.80      -1.20
 499     -36.30      -0.90
 500     -37.10      -1.20
 501     -35.50      -1.20
 502     -37.30      -1.20
 503     -34.80      -0.70
 504     -36.50      -0.80
 505     -37.80      -1.20
 506     -35.40      -0.70
 507     -31.80      -1.60
 508     -38.30      -1.20
 509     -37.60      -1.20
 510     -32.20      -1.50
 511     -30.00      -1.60
 512     -37.80      -1.20
 513     -37.80      -1.20
 514     -36.60      -1.20
 515     -33.40      -1.30
 516     -36.00      -0.80
 517     -35.20      -0.90
 518     -35.70      -1.20
 519     -36.30      -1.20
 520     -36.90      -1.20
 521     -34.70      -1.40
 522     -36.60      -1.20
 523     -33.80      -1.10
 524     -36.80      -0.90
 525     -35.60      -0.80
 526     -38.10      -1.20
 527     -37.30      -1.20
 528     -36.70      -1.20
 529     -36.50      -1.20
 530     -34.70      -0.80
 531     -36.40      -1.20
 532     -36.20      -1.10
 533     -36.50      -1.10
 534     -35.40      -1.20
 535     -38.30      -1.20
 536     -38.30      -1.20
 537     -34.20      -0.70
 538     -36.20      -1.20
 539     -32.60      -1.20
 540     -35.40      -1.20
 541     -33.70      -1.20
 542     -37.00      -1.20
 543     -36.10      -1.30
 544     -34.30      -1.70
 545     -36.60      -1.20
 546     -35.40      -1.20
 547     -36.60      -1.20
 548     -37.80      -1.20
 549     -30.80      -1.20
 550     -32.80      -0.90
 551     -31.20      -0.70
 552     -36.30      -1.30
 553     -36.30      -1.20
 554     -36.00      -0.80
 555     -33.60      -1.10
 556     -38.10      -1.20
 557     -36.90      -1.20
 558     -38.10      -1.20
 559     -36.60      -1.20
 560     -35.70      -1.10
 561     -34.50      -0.80
 562     -35.90      -1.20
 563     -36.80      -0.90
 564     -35.40      -1.20
 565     -32.30      -0.90
 566     -34.00      -0.80
 567     -38.10      -1.20
 568     -29.50      -1.40
 569     -35.50      -1.20
 570     -36.10      -1.20
 571     -34.50      -1.20
 572     -36.50      -1.10
 573     -33.20      -1.20
 574     -38.10      -1.20
 575     -37.20      -1.20
 576     -35.40      -1.20
 577     -36.60      -1.20
 578     -36.50      -1.20
 579     -37.00      -1.10
 580     -33.00      -1.40
 581     -34.40      -1.20
 582     -32.90      -1.20
 583     -35.20      -1.20
 584     -27.90      -0.90
 585     -35.50      -0.90
 586     -36.50      -1.40
 587     -35.40      -1.20
 588     -34.50      -1.20
 589     -34.30      -0.70
 590     -36.70      -1.20
 591     -38.30      -1.20
 592     -32.90      -0.90
 593     -33.50      -2.60
 594     -36.10      -1.10
 595     -36.50      -1.20
 596     -37.10      -1.20
 597     -34.30      -1.20
 598     -35.80      -0.80
 599     -32.90      -1.40
 600     -36.20      -1.20
 601     -37.20      -1.20
 602     -38.30      -1.20
 603     -36.20      -1.10
 604     -27.50      -1.00
 605     -38.10      -1.20
 606     -34.80      -0.80
 607     -34.10      -1.20
 608     -33.10      -2.60
 609     -38.30      -1.20
 610     -37.80      -1.20
 611     -37.50      -1.10
 612     -34.80      -0.80
 613     -35.50      -1.20
 614     -31.60      -0.80
 615     -33.80      -1.10
 616     -33.80      -1.20
 617     -33.40      -0.90
 618     -33.10      -0.90
 619     -34.80      -1.10
 620     -35.70      -1.10
 621     -34.30      -1.20
 622     -31.00      -1.40
 623     -33.20      -1.20
 624     -34.10      -1.10
 625     -35.40      -1.10
 626     -32.40      -1.20
 627     -34.90      -0.80
 628     -38.30      -1.20
 629     -37.80      -1.20
 630     -33.80      -1.10
 631     -35.30      -1.70
 632     -34.10      -1.70
 633     -36.40      -0.90
 634     -35.40      -1.20
 635     -36.80      -1.20
 636     -38.30      -1.20
 637     -34.70      -1.20
 638     -33.20      -1.20
 639     -33.70      -0.80
 640     -35.60      -1.10
 641     -33.00      -0.80
 642     -36.20      -0.80
 643     -35.50      -1.20
 644     -36.20      -1.20
 645     -37.50      -1.20
 646     -34.40      -1.20
 647     -36.60      -1.20
 648     -32.20      -0.70
 649     -33.80      -1.20
 650     -31.10      -0.90
 651     -38.30      -1.20
 652     -35.90      -1.20
 653     -36.40      -1.10
 654     -35.40      -1.20
 655     -35.40      -1.20
 656     -34.70      -1.20
 657     -33.70      -1.20
 658     -34.40      -1.20
 659     -33.80      -1.40
 660     -34.70      -0.80
 661     -36.20      -1.20
 662     -36.00      -1.20
 663     -35.60      -1.20
 664     -37.20      -1.20
 665     -36.10      -0.80
 666     -36.40      -1.20
 667     -35.50      -1.20
 668     -35.40      -1.20
 669     -36.80      -0.90
 670     -35.20      -1.20
 671     -34.80      -0.80
 672     -36.60      -1.20
 673     -34.20      -1.20
 674     -37.30      -1.20
 675     -34.10      -0.90
 676     -35.10      -1.20
 677     -36.20      -1.20
 678     -30.60      -1.20
 679     -36.50      -1.20
 680     -33.50      -1.20
 681     -37.80      -1.20
 682     -32.70      -1.20
 683     -34.80      -1.20
 684     -34.90      -1.20
 685     -35.30      -1.10
 686     -36.40      -1.10
 687     -35.00      -1.30
 688     -35.40      -0.90
 689     -35.60      -1.20
 690     -37.30      -1.10
 691     -35.30      -1.20
 692     -35.30      -0.80
 693     -37.80      -1.20
 694     -33.70      -1.10
 695     -33.80      -1.10
 696     -37.00      -1.20
 697     -35.50      -1.20
 698     -32.00      -0.80
 699     -35.10      -1.30
 700     -33.30      -1.10
 701     -35.40      -0.80
 702     -36.80      -1.20
 703     -35.60      -1.20
 704     -32.30      -0.80
 705     -37.10      -1.20
 706     -34.70      -0.70
 707     -33.70      -1.00
 708     -34.40      -1.00
 709     -36.70      -1.20
 710     -38.30      -1.20
 711     -34.70      -1.20
 712     -34.00      -1.20
 713     -37.80      -1.20
 714     -33.90      -0.80
 715     -34.80      -1.20
 716     -35.20      -1.20
 717     -33.60      -0.80
 718     -35.40      -1.20
 719     -36.40      -0.80
 720     -36.90      -0.80
 721     -33.40      -1.10
 722     -37.50      -1.10
 723     -36.90      -0.80
 724     -37.80      -1.20
 725     -35.10      -1.10
 726     -35.40      -0.80
 727     -32.50      -1.20
 728     -37.20      -1.20
 729     -36.10      -1.30
 730     -31.50      -1.20
 731     -34.30      -1.10
 732     -35.90      -1.10
 733     -35.80      -1.30
 734     -36.50      -1.20
 735     -38.10      -1.20
 736     -34.80      -0.90
 737     -36.50      -1.20
 738     -35.60      -1.20
 739     -32.80      -1.20
 740     -37.20      -1.20
 741     -37.30      -1.20
 742     -35.20      -1.40
 743     -33.40      -1.20
 744     -33.90      -1.10
 745     -36.80      -0.90
 746     -33.30      -1.20
 747     -36.60      -0.90
 748     -35.30      -0.80
 749     -38.10      -1.20
 750     -36.70      -1.40
 751     -32.30      -1.30
 752     -38.30      -1.20
 753     -32.40      -0.80
 754     -33.70      -0.80
 755     -37.10      -1.20
 756     -36.70      -1.20
 757     -38.10      -1.20
 758     -36.90      -0.80
 759     -35.50      -1.70
 760     -36.60      -1.20
 761     -37.50      -1.20
 762     -29.80      -1.20
 763     -33.20      -1.20
 764     -37.60      -1.20
 765     -37.50      -1.10
 766     -34.90      -1.20
 767     -37.50      -1.20
 768     -36.50      -1.20
 769     -32.70      -0.70
 770     -38.10      -1.20
 771     -29.10      -0.90
 772     -36.60      -1.20
 773     -35.60      -1.10
 774     -37.50      -1.10
 775     -37.50      -1.20
 776     -35.50      -1.20
 777     -38.30      -1.20
 778     -33.80      -1.20
 779     -37.00      -1.20
 780     -33.70      -0.80
 781     -37.10      -1.20
 782     -36.20      -1.20
 783     -35.10      -1.10
 784     -37.80      -1.20
 785     -37.20      -1.20
 786     -35.60      -1.20
 787     -38.10      -1.20
 788     -38.10      -1.20
 789     -34.20      -1.40
 790     -38.10      -1.20
 791     -35.60      -0.70
 792     -36.20      -1.20
 793     -35.30      -1.20
 794     -35.10      -0.90
 795     -37.80      -1.20
 796     -36.50      -1.20
 797     -38.10      -1.20
 798     -37.00      -1.20
 799     -36.70      -1.20
 800     -35.00      -1.70
 801     -38.30      -1.20
 802     -33.80      -1.20
 803     -35.40      -1.10
 804     -36.10      -1.10
 805     -36.70      -1.20
 806     -37.80      -1.20
 807     -35.70      -1.40
 808     -36.80      -1.20
 809     -37.30      -1.20
 810     -35.80      -0.80
 811     -37.10      -1.20
 812     -33.80      -1.70
 813     -36.50      -1.20
 814     -36.10      -1.10
 815     -37.80      -1.20
 816     -33.90      -0.90
 817     -34.20      -0.90
 818     -38.10      -1.20
 819     -34.50      -0.90
 820     -37.80      -1.20
 821     -36.10      -0.80
 822     -36.00      -1.20
 823     -36.10      -1.70
 824     -38.10      -1.20
 825     -34.50      -1.40
 826     -38.30      -1.20
 827     -34.60      -1.20
 828     -34.50      -1.10
 829     -32.70      -0.70
 830     -36.40      -1.10
 831     -37.50      -1.20
 832     -36.80      -1.20
 833     -38.10      -1.20
 834     -36.20      -1.20
 835     -36.10      -1.20
 836     -35.40      -0.80
 837     -36.60      -1.20
 838     -36.00      -0.80
 839     -35.10      -1.20
 840     -38.30      -1.20
 841     -33.10      -1.00
 842     -35.50      -1.20
 843     -37.10      -1.20
 844     -35.30      -0.90
 845     -33.40      -0.90
 846     -33.20      -0.90
 847     -35.40      -1.20
 848     -32.60      -1.20
 849     -36.40      -1.10
 850     -34.00      -1.20
 851     -35.40      -1.20
 852     -36.70      -1.20
 853     -37.20      -1.20
 854     -32.80      -0.90
 855     -32.90      -1.20
 856     -35.60      -1.20
 857     -35.10      -1.40
 858     -34.10      -0.80
 859     -30.60      -1.20
 860     -35.90      -1.10
 861     -37.30      -1.10
 862     -37.80      -1.20
 863     -34.60      -1.20
 864     -38.10      -1.20
 865     -36.20      -1.10
 866     -34.30      -1.10
 867     -35.40      -1.10
 868     -34.30      -1.40
 869     -34.30      -1.20
 870     -34.90      -0.70
 871     -37.00      -1.20
 872     -37.00      -1.20
 873     -33.30      -1.20
 874     -37.30      -1.20
 875     -36.20      -1.20
 876     -33.30      -1.10
 877     -37.80      -1.20
 878     -34.70      -1.00
 879     -36.60      -1.20
 880     -37.20      -1.20
 881     -30.30      -1.00
 882     -35.60      -1.20
 883     -34.10      -1.10
 884     -34.70      -1.20
 885     -36.50      -1.20
 886     -35.80      -1.10
 887     -37.00      -1.20
 888     -37.50      -1.20
 889     -35.10      -1.20
 890     -36.60      -0.90
 891     -33.40      -1.20
 892     -35.30      -1.10
 893     -30.20      -1.10
 894     -36.20      -1.20
 895     -36.10      -1.20
 896     -37.10      -1.20
 897     -36.50      -1.20
 898     -31.00      -1.00
 899     -32.50      -0.80
 900     -35.70      -1.20
 901     -34.60      -1.20
 902     -36.20      -0.80
 903     -34.20      -1.20
 904     -30.70      -0.90
 905     -36.10      -1.20
 906     -35.40      -1.20
 907     -36.60      -1.20
 908     -32.50      -1.20
 909     -32.20      -1.50
 910     -34.80      -1.10
 911     -35.60      -1.20
 912     -32.50      -1.20
 913     -37.30      -1.10
 914     -34.30      -1.20
 915     -37.00      -1.20
 916     -32.60      -1.20
 917     -35.00      -1.40
 918     -32.20      -1.20
 919     -32.10      -1.10
 920     -37.10      -1.20
 921     -36.50      -1.20
 922     -33.30      -1.30
 923     -34.70      -1.20
 924     -34.70      -1.30
 925     -35.20      -1.10
 926     -35.10      -1.20
 927     -36.50      -1.20
 928     -34.20      -1.20
 929     -37.00      -1.20
 930     -37.60      -1.20
 931     -31.50      -1.20
 932     -30.10      -0.90
 933     -33.50      -1.10
 934     -36.10      -1.10
 935     -37.80      -1.20
 936     -36.80      -1.20
 937     -34.70      -1.30
 938     -34.10      -1.20
 939     -31.20      -0.90
 940     -37.50      -1.20
 941     -37.20      -1.20
 942     -36.20      -0.80
 943     -34.30      -1.70
 944     -36.00      -0.80
 945     -38.30      -1.20
 946     -37.20      -1.20
 947     -37.60      -1.20
 948     -37.20      -1.20
 949     -38.30      -1.20
 950     -30.60      -1.10
 951     -33.80      -1.70
 952     -35.40      -1.20
 953     -35.50      -1.70
 954     -35.40      -0.70
 955     -32.30      -1.00
 956     -36.00      -0.90
 957     -36.90      -0.80
 958     -35.10      -1.30
 959     -30.90      -0.80
 960     -36.70      -1.20
 961     -38.30      -1.20
 962     -36.20      -1.20
 963     -37.30      -1.20
 964     -35.30      -1.10
 965     -34.70      -1.20
 966     -33.30      -0.70
 967     -38.30      -1.20
 968     -37.80      -1.20
 969     -36.70      -1.10
 970     -38.30      -1.20
 971     -31.10      -0.80
 972     -35.80      -0.80
 973     -35.30      -1.10
 974     -37.50      -1.10
 975     -37.50      -1.10
 976     -34.70      -1.20
 977     -35.30      -1.20
 978     -29.10      -1.20
 979     -35.00      -0.70
 980     -34.70      -1.30
 981     -38.10      -1.20
 982     -38.30      -1.20
 983     -34.90      -1.40
 984     -36.00      -1.10
 985     -29.70      -1.20
 986     -36.70      -1.10
 987     -37.80      -1.20
 988     -37.10      -1.20
 989     -33.30      -1.20
 990     -35.80      -1.30
 991     -35.70      -1.20
 992     -33.90      -0.90
 993     -38.10      -1.20
 994     -35.40      -1.10
 995     -35.50      -0.80
 996     -33.50      -1.70
 997     -36.30      -1.70
 998     -36.50      -1.40
 999     -34.10      -0.90
1000     -35.20      -1.20
