    1 G  0.000 0.000 0.000 0.000 0.218 0.218
    2 C  0.000 0.000 0.000 0.000 0.189 0.189
    3 U  0.000 0.000 0.000 0.042 0.189 0.231
    4 G  0.000 0.004 0.003 0.282 0.186 0.475
    5 A  0.000 0.004 0.043 0.748 0.184 0.979
    6 G  0.000 0.004 0.044 0.741 0.184 0.973
    7 A  0.000 0.011 0.057 0.745 0.168 0.981
    8 C  0.000 0.000 0.042 0.134 0.059 0.235
    9 U  0.001 0.007 0.040 0.080 0.019 0.147
   10 U  0.001 0.005 0.040 0.012 0.000 0.058
   11 C  0.001 0.000 0.000 0.000 0.000 0.001
   12 C  0.001 0.000 0.000 0.000 0.000 0.001
   13 U  0.002 0.000 0.030 0.000 0.000 0.032
   14 G  0.002 0.001 0.032 0.001 0.000 0.036
   15 G  0.001 0.004 0.256 0.050 0.000 0.311
   16 A  0.001 0.025 0.859 0.062 0.000 0.947
   17 C  0.001 0.001 0.038 0.058 0.000 0.098
   18 G  0.003 0.000 0.007 0.062 0.000 0.072
   19 G  0.003 0.000 0.007 0.000 0.000 0.010
   20 G  0.071 0.000 0.000 0.000 0.000 0.071
   21 G  0.069 0.000 0.000 0.000 0.000 0.069
   22 G  0.068 0.000 0.028 0.001 0.000 0.097
   23 A  0.068 0.010 0.905 0.016 0.000 0.999
   24 C  0.000 0.008 0.046 0.009 0.000 0.063
   25 A  0.000 0.007 0.026 0.073 0.000 0.106
   26 G  0.000 0.002 0.004 0.033 0.000 0.039
   27 G  0.000 0.000 0.857 0.015 0.000 0.872
   28 C  0.000 0.002 0.834 0.016 0.000 0.852
   29 U  0.000 0.051 0.198 0.017 0.000 0.266
   30 G  0.001 0.002 0.612 0.005 0.000 0.620
   31 U  0.001 0.039 0.166 0.003 0.000 0.209
   32 G  0.001 0.003 0.354 0.000 0.000 0.358
   33 G  0.011 0.001 0.163 0.000 0.000 0.175
   34 G  0.040 0.000 0.007 0.000 0.000 0.047
   35 G  0.720 0.000 0.001 0.000 0.000 0.721
   36 U  0.886 0.016 0.086 0.000 0.000 0.988
   37 U  0.887 0.018 0.086 0.001 0.000 0.992
   38 U  0.825 0.019 0.085 0.001 0.000 0.930
   39 C  0.327 0.003 0.001 0.000 0.000 0.331
   40 U  0.012 0.027 0.016 0.000 0.000 0.055
   41 C  0.007 0.004 0.001 0.000 0.000 0.012
   42 A  0.006 0.011 0.312 0.001 0.000 0.330
   43 G  0.005 0.016 0.807 0.003 0.000 0.831
   44 A  0.106 0.015 0.220 0.006 0.000 0.347
   45 U  0.106 0.001 0.639 0.006 0.000 0.752
   46 A  0.106 0.008 0.665 0.007 0.000 0.786
   47 A  0.106 0.008 0.878 0.007 0.000 0.999
   48 C  0.004 0.000 0.002 0.004 0.000 0.010
   49 U  0.000 0.000 0.009 0.004 0.000 0.013
   50 G  0.000 0.004 0.026 0.001 0.000 0.031
   51 G  0.000 0.000 0.865 0.000 0.000 0.865
   52 G  0.000 0.000 0.870 0.000 0.000 0.870
   53 C  0.000 0.000 0.090 0.000 0.000 0.090
   54 C  0.003 0.000 0.000 0.000 0.000 0.003
   55 C  0.003 0.000 0.000 0.000 0.000 0.003
   56 C  0.003 0.003 0.000 0.000 0.000 0.006
   57 U  0.004 0.195 0.062 0.002 0.000 0.263
   58 G  0.004 0.226 0.096 0.002 0.000 0.328
   59 C  0.015 0.058 0.627 0.001 0.000 0.701
   60 G  0.012 0.039 0.624 0.017 0.000 0.692
   61 C  0.012 0.042 0.619 0.009 0.000 0.682
   62 U  0.019 0.280 0.259 0.015 0.000 0.573
   63 C  0.011 0.021 0.006 0.003 0.000 0.041
   64 A  0.011 0.017 0.004 0.003 0.000 0.035
   65 G  0.010 0.017 0.004 0.001 0.000 0.032
   66 G  0.003 0.017 0.004 0.003 0.003 0.030
   67 A  0.000 0.029 0.005 0.020 0.003 0.057
   68 G  0.003 0.004 0.002 0.085 0.022 0.116
   69 G  0.003 0.000 0.000 0.057 0.003 0.063
   70 C  0.003 0.000 0.013 0.050 0.001 0.067
   71 C  0.003 0.000 0.000 0.003 0.000 0.006
   72 U  0.001 0.001 0.003 0.010 0.000 0.015
   73 U  0.000 0.000 0.135 0.018 0.000 0.153
   74 C  0.000 0.002 0.968 0.022 0.002 0.994
   75 A  0.000 0.001 0.051 0.015 0.000 0.067
   76 C  0.000 0.000 0.018 0.010 0.000 0.028
   77 C  0.000 0.000 0.000 0.000 0.000 0.000
   78 C  0.006 0.000 0.000 0.000 0.000 0.006
   79 U  0.952 0.013 0.000 0.000 0.000 0.965
   80 C  0.952 0.000 0.001 0.000 0.000 0.953
   81 U  0.952 0.005 0.002 0.000 0.000 0.959
   82 G  0.952 0.000 0.002 0.000 0.000 0.954
   83 C  0.952 0.046 0.002 0.000 0.000 1.000
   84 U  0.952 0.000 0.001 0.000 0.000 0.953
   85 C  0.952 0.000 0.000 0.000 0.000 0.952
   86 U  0.952 0.000 0.030 0.000 0.000 0.982
   87 G  0.006 0.000 0.030 0.000 0.000 0.036
   88 G  0.000 0.000 0.000 0.000 0.000 0.000
   89 G  0.000 0.000 0.000 0.000 0.000 0.000
   90 U  0.000 0.008 0.057 0.002 0.000 0.067
   91 A  0.000 0.007 0.974 0.012 0.003 0.996
   92 A  0.000 0.004 0.142 0.012 0.003 0.161
   93 A  0.000 0.001 0.042 0.013 0.003 0.059
   94 G  0.000 0.000 0.040 0.009 0.003 0.052
   95 G  0.000 0.000 0.043 0.065 0.004 0.112
   96 U  0.000 0.000 0.002 0.200 0.112 0.314
   97 A  0.000 0.000 0.002 0.057 0.178 0.237
   98 G  0.000 0.000 0.001 0.002 0.178 0.181
   99 U  0.000 0.000 0.000 0.000 0.202 0.202
  100 A  0.000 0.000 0.000 0.000 1.000 1.000
