~~~~~~~~~~~~~~~~~~~~Output for design of antisense oligos~~~~~~~~~~~~~~~~~~~~

Column 1: target position (starting - ending)
Column 2: target sequence (5p --> 3p)
Column 3: antisense oligo (5p --> 3p)
Column 4: GC content
Column 5: oligo binding energy (kcal/mol)
Column 6: GGGG indicator 

NOTES:

GGGG indicator=1 for at least one GGGG in the target
sequence; indicator=0 otherwise.
--------------------------------------------------------------------------------

   1-  20 AGCUCAGCUAGCAUCGAUGC GCATCGATGCTAGCTGAGCT  55.0%   -4.6  0
   2-  21 GCUCAGCUAGCAUCGAUGCA TGCATCGATGCTAGCTGAGC  55.0%   -4.2  0
   3-  22 CUCAGCUAGCAUCGAUGCAA TTGCATCGATGCTAGCTGAG  50.0%   -3.8  0
   4-  23 UCAGCUAGCAUCGAUGCAAG CTTGCATCGATGCTAGCTGA  50.0%   -4.0  0
   5-  24 CAGCUAGCAUCGAUGCAAGU ACTTGCATCGATGCTAGCTG  50.0%   -3.2  0
   6-  25 AGCUAGCAUCGAUGCAAGUG CACTTGCATCGATGCTAGCT  50.0%   -2.9  0
   7-  26 GCUAGCAUCGAUGCAAGUGU ACACTTGCATCGATGCTAGC  50.0%   -3.4  0
   8-  27 CUAGCAUCGAUGCAAGUGUG CACACTTGCATCGATGCTAG  50.0%   -3.4  0
   9-  28 UAGCAUCGAUGCAAGUGUGC GCACACTTGCATCGATGCTA  50.0%   -3.4  0
  10-  29 AGCAUCGAUGCAAGUGUGCU AGCACACTTGCATCGATGCT  50.0%   -3.3  0
  11-  30 GCAUCGAUGCAAGUGUGCUG CAGCACACTTGCATCGATGC  55.0%   -3.1  0
  12-  31 CAUCGAUGCAAGUGUGCUGU ACAGCACACTTGCATCGATG  50.0%   -3.7  0
  13-  32 AUCGAUGCAAGUGUGCUGUC GACAGCACACTTGCATCGAT  50.0%   -4.6  0
  14-  33 UCGAUGCAAGUGUGCUGUCA TGACAGCACACTTGCATCGA  50.0%   -4.8  0
  15-  34 CGAUGCAAGUGUGCUGUCAG CTGACAGCACACTTGCATCG  55.0%   -5.0  0
  16-  35 GAUGCAAGUGUGCUGUCAGU ACTGACAGCACACTTGCATC  50.0%   -4.4  0
  17-  36 AUGCAAGUGUGCUGUCAGUG CACTGACAGCACACTTGCAT  50.0%   -4.3  0
  18-  37 UGCAAGUGUGCUGUCAGUGA TCACTGACAGCACACTTGCA  50.0%   -4.7  0
  19-  38 GCAAGUGUGCUGUCAGUGAC GTCACTGACAGCACACTTGC  55.0%   -6.2  0
  20-  39 CAAGUGUGCUGUCAGUGACA TGTCACTGACAGCACACTTG  50.0%   -6.7  0
  21-  40 AAGUGUGCUGUCAGUGACAU ATGTCACTGACAGCACACTT  45.0%   -7.4  0
  22-  41 AGUGUGCUGUCAGUGACAUG CATGTCACTGACAGCACACT  50.0%   -8.4  0
  23-  42 GUGUGCUGUCAGUGACAUGC GCATGTCACTGACAGCACAC  55.0%  -10.1  0
