
Sfold Executable Code for Academic Users, Version 2.2-20220519
  <Structure clustering module>

Sequence length            = 42
Optimal number of clusters = 2
Cluster sizes              = 0.826  0.174 

Free energy of the ensemble centroid = -8.20
Boltzmann probability of the ensemble centroid = 0.564078

Average base pair distance between sample and
.....ensemble centroid = 6.476


Cluster                 : 1
Maximum Distance        : 25
Minimum Distance        : 0
Average Distance        : 5.83
Standard Deviation      : 5.11
Coefficient of Variance : 0.88
Probability             : 826/1000 = 0.826
Cluster MFE (Structure 24): -8.20
Elements: 1 2 3 4 6 8 10 11 13 15 16 17 23 24 27 28 29 30 31 33 34 36 38 41 42 43 44 45 46 47 48 49 51 52 53 55 56 57 58 59 61 62 63 64 65 66 67 68 70 71 72 73 74 75 76 77 78 79 80 81 82 83 84 85 86 87 88 89 90 91 92 96 97 98 99 100 101 102 103 104 105 106 107 108 110 111 112 113 114 115 116 117 118 120 121 122 123 124 125 126 128 130 131 132 134 135 136 138 139 141 143 144 145 146 147 148 149 150 151 152 153 154 155 156 157 159 160 161 162 163 164 165 166 167 168 169 170 172 173 174 175 176 177 178 179 180 181 182 183 184 185 186 187 188 189 190 191 193 194 195 196 197 198 199 200 201 202 203 208 210 211 212 213 215 216 218 220 221 222 223 224 225 226 228 229 230 231 232 233 234 235 236 237 239 240 241 242 243 244 245 246 247 248 249 250 251 252 253 254 255 256 257 258 259 261 262 264 265 266 267 268 269 270 271 272 273 274 275 276 277 278 279 281 282 283 284 285 286 288 289 290 292 293 294 295 296 297 299 300 301 302 304 305 306 307 308 309 310 311 312 313 314 315 316 317 318 319 320 321 322 323 324 325 326 327 328 329 330 331 332 333 334 335 336 337 338 339 340 341 342 343 344 345 346 347 348 349 350 351 352 353 354 355 356 357 358 359 360 361 362 363 364 365 366 368 369 373 375 376 378 379 382 383 384 385 386 388 389 390 391 393 394 395 396 397 398 399 400 401 402 404 405 407 408 409 410 412 413 414 416 417 418 420 421 422 423 424 425 426 428 429 430 431 432 433 434 435 436 437 438 439 440 443 444 445 446 447 448 449 450 451 452 453 454 456 458 459 460 461 462 463 464 465 466 467 468 469 470 471 472 473 474 476 478 479 481 482 483 484 485 486 487 488 489 490 491 493 494 496 497 498 499 502 503 504 505 506 507 508 509 510 511 512 513 516 517 519 520 521 522 523 524 525 527 528 529 530 531 532 533 534 535 536 537 538 539 540 541 542 543 544 545 546 547 548 550 551 552 553 554 555 556 558 559 560 561 562 563 564 565 566 567 568 569 570 571 572 573 574 575 577 578 579 580 581 584 585 586 587 588 589 590 595 596 599 601 602 604 605 606 607 608 609 610 611 613 614 615 616 617 618 619 620 621 624 626 628 629 631 632 633 635 636 637 638 639 640 641 642 643 644 645 646 647 648 649 652 653 654 655 656 657 659 660 661 662 663 664 665 666 667 668 669 670 671 673 675 676 677 678 679 680 681 682 683 684 685 686 687 688 690 691 692 693 694 695 696 697 698 699 700 701 702 703 704 705 706 707 708 709 710 711 712 713 715 716 717 718 719 721 722 723 725 726 727 728 729 730 731 732 733 734 736 738 740 741 742 743 744 746 747 748 749 750 751 752 753 755 756 757 758 759 760 761 762 763 764 765 766 767 768 769 771 772 774 775 776 777 779 783 784 787 788 789 791 792 793 794 795 797 798 800 801 802 803 805 806 809 810 811 814 815 816 817 818 819 821 822 823 824 825 827 828 829 830 832 834 835 836 837 838 839 840 841 842 843 844 845 846 847 848 850 851 852 853 855 856 857 858 859 861 862 864 866 867 868 869 870 871 872 873 875 876 877 880 881 883 885 886 887 888 890 891 894 895 897 898 901 902 903 904 905 907 908 909 911 912 913 914 915 916 917 918 919 920 922 923 925 926 927 928 929 930 931 933 934 935 937 938 939 940 941 942 944 945 946 947 950 953 954 955 956 957 958 959 960 961 962 963 964 965 967 968 969 970 971 972 974 976 977 978 979 980 981 982 983 985 987 988 989 990 991 993 994 997 1000

Cluster                 : 2
Maximum Distance        : 25
Minimum Distance        : 0
Average Distance        : 6.39
Standard Deviation      : 7.52
Coefficient of Variance : 1.18
Probability             : 174/1000 = 0.174
Cluster MFE (Structure 25): -6.70
Elements: 5 7 9 12 14 18 19 20 21 22 25 26 32 35 37 39 40 50 54 60 69 93 94 95 109 119 127 129 133 137 140 142 158 171 192 204 205 206 207 209 214 217 219 227 238 260 263 280 287 291 298 303 367 370 371 372 374 377 380 381 387 392 403 406 411 415 419 427 441 442 455 457 475 477 480 492 495 500 501 514 515 518 526 549 557 576 582 583 591 592 593 594 597 598 600 603 612 622 623 625 627 630 634 650 651 658 672 674 689 714 720 724 735 737 739 745 754 770 773 778 780 781 782 785 786 790 796 799 804 807 808 812 813 820 826 831 833 849 854 860 863 865 874 878 879 882 884 889 892 893 896 899 900 906 910 921 924 932 936 943 948 949 951 952 966 973 975 984 986 992 995 996 998 999


Minimum distance matrix between clusters
   0   8
   8   0

Maximum distance matrix between clusters
   0  27
  27   0

Average distance matrix between clusters
   0.00  20.29
  20.29   0.00

Distance matrix between cluster centroids
   0  20
  20   0

