    1 A T  0.409 0.205 0.201
    2 G C  0.205 0.205 0.179
    3 C G  0.208 0.204 0.181
    4 U A  0.964 0.638 0.021
    5 C G  0.642 0.641 0.016
    6 A T  0.757 0.024 0.017
    7 G C  0.229 0.025 0.022
    8 C G  0.030 0.025 0.014
    9 U A  0.203 0.199 0.001
   10 A T  0.984 0.132 0.003
   11 G C  0.132 0.003 0.003
   12 C G  0.006 0.006 0.006
   13 A T  0.288 0.286 0.284
   14 U A  0.867 0.865 0.809
   15 C G  0.985 0.831 0.310
   16 G C  0.842 0.840 0.037
   17 A T  0.847 0.325 0.036
   18 U A  0.326 0.042 0.036
   19 G C  0.043 0.037 0.036
   20 C G  0.039 0.039 0.007
   21 A T  0.905 0.135 0.082
   22 A T  0.230 0.182 0.167
   23 G C  0.183 0.176 0.076
   24 U A  0.192 0.174 0.006
   25 G C  0.633 0.541 0.013
   26 U A  0.856 0.018 0.004
   27 G C  0.019 0.013 0.000
   28 C G  0.021 0.004 0.000
   29 U A  0.206 0.048 0.044
   30 G C  0.541 0.540 0.506
   31 U A  0.588 0.553 0.506
   32 C G  0.610 0.570 0.553
   33 A T  0.933 0.822 0.557
   34 G C  0.849 0.790 0.534
   35 U A  0.792 0.584 0.535
   36 G C  0.633 0.580 0.577
   37 A T  0.730 0.703 0.668
   38 C G  0.716 0.710 0.543
   39 A T  0.848 0.818 0.646
   40 U A  0.963 0.735 0.000
   41 G C  0.736 0.733 0.000
   42 C G  0.762 0.000 0.000
